CRITICAL - 2023-05-08 06:35:16 --> Class 'Config\Database' not found
in SYSTEMPATH/Debug/Toolbar/Collectors/Database.php on line 251.
 1 SYSTEMPATH/Debug/Toolbar/Collectors/Database.php(70): CodeIgniter\Debug\Toolbar\Collectors\Database->getConnections()
 2 SYSTEMPATH/Debug/Toolbar.php(65): CodeIgniter\Debug\Toolbar\Collectors\Database->__construct()
 3 SYSTEMPATH/Config/Services.php(723): CodeIgniter\Debug\Toolbar->__construct()
 4 SYSTEMPATH/Config/BaseService.php(252): CodeIgniter\Config\Services::toolbar()
 5 SYSTEMPATH/Config/BaseService.php(193): CodeIgniter\Config\BaseService::__callStatic()
 6 SYSTEMPATH/Config/Services.php(718): CodeIgniter\Config\BaseService::getSharedInstance()
 7 SYSTEMPATH/Config/BaseService.php(252): CodeIgniter\Config\Services::toolbar()
 8 SYSTEMPATH/Filters/DebugToolbar.php(40): CodeIgniter\Config\BaseService::__callStatic()
 9 SYSTEMPATH/Filters/Filters.php(196): CodeIgniter\Filters\DebugToolbar->after()
10 SYSTEMPATH/CodeIgniter.php(519): CodeIgniter\Filters\Filters->run()
11 SYSTEMPATH/CodeIgniter.php(368): CodeIgniter\CodeIgniter->handleRequest()
12 FCPATH/index.php(66): CodeIgniter\CodeIgniter->run()
CRITICAL - 2023-05-08 06:36:21 --> Class 'Config\Database' not found
in SYSTEMPATH/Debug/Toolbar/Collectors/Database.php on line 251.
 1 SYSTEMPATH/Debug/Toolbar/Collectors/Database.php(70): CodeIgniter\Debug\Toolbar\Collectors\Database->getConnections()
 2 SYSTEMPATH/Debug/Toolbar.php(65): CodeIgniter\Debug\Toolbar\Collectors\Database->__construct()
 3 SYSTEMPATH/Config/Services.php(723): CodeIgniter\Debug\Toolbar->__construct()
 4 SYSTEMPATH/Config/BaseService.php(252): CodeIgniter\Config\Services::toolbar()
 5 SYSTEMPATH/Config/BaseService.php(193): CodeIgniter\Config\BaseService::__callStatic()
 6 SYSTEMPATH/Config/Services.php(718): CodeIgniter\Config\BaseService::getSharedInstance()
 7 SYSTEMPATH/Config/BaseService.php(252): CodeIgniter\Config\Services::toolbar()
 8 SYSTEMPATH/Filters/DebugToolbar.php(40): CodeIgniter\Config\BaseService::__callStatic()
 9 SYSTEMPATH/Filters/Filters.php(196): CodeIgniter\Filters\DebugToolbar->after()
10 SYSTEMPATH/CodeIgniter.php(519): CodeIgniter\Filters\Filters->run()
11 SYSTEMPATH/CodeIgniter.php(368): CodeIgniter\CodeIgniter->handleRequest()
12 FCPATH/index.php(66): CodeIgniter\CodeIgniter->run()
CRITICAL - 2023-05-08 06:37:09 --> Class 'Config\Database' not found
in SYSTEMPATH/Debug/Toolbar/Collectors/Database.php on line 251.
 1 SYSTEMPATH/Debug/Toolbar/Collectors/Database.php(70): CodeIgniter\Debug\Toolbar\Collectors\Database->getConnections()
 2 SYSTEMPATH/Debug/Toolbar.php(65): CodeIgniter\Debug\Toolbar\Collectors\Database->__construct()
 3 SYSTEMPATH/Config/Services.php(723): CodeIgniter\Debug\Toolbar->__construct()
 4 SYSTEMPATH/Config/BaseService.php(252): CodeIgniter\Config\Services::toolbar()
 5 SYSTEMPATH/Config/BaseService.php(193): CodeIgniter\Config\BaseService::__callStatic()
 6 SYSTEMPATH/Config/Services.php(718): CodeIgniter\Config\BaseService::getSharedInstance()
 7 SYSTEMPATH/Config/BaseService.php(252): CodeIgniter\Config\Services::toolbar()
 8 SYSTEMPATH/Filters/DebugToolbar.php(40): CodeIgniter\Config\BaseService::__callStatic()
 9 SYSTEMPATH/Filters/Filters.php(196): CodeIgniter\Filters\DebugToolbar->after()
10 SYSTEMPATH/CodeIgniter.php(519): CodeIgniter\Filters\Filters->run()
11 SYSTEMPATH/CodeIgniter.php(368): CodeIgniter\CodeIgniter->handleRequest()
12 FCPATH/index.php(66): CodeIgniter\CodeIgniter->run()
CRITICAL - 2023-05-08 06:39:47 --> Class 'Config\Database' not found
in SYSTEMPATH/Debug/Toolbar/Collectors/Database.php on line 251.
 1 SYSTEMPATH/Debug/Toolbar/Collectors/Database.php(70): CodeIgniter\Debug\Toolbar\Collectors\Database->getConnections()
 2 SYSTEMPATH/Debug/Toolbar.php(65): CodeIgniter\Debug\Toolbar\Collectors\Database->__construct()
 3 SYSTEMPATH/Config/Services.php(723): CodeIgniter\Debug\Toolbar->__construct()
 4 SYSTEMPATH/Config/BaseService.php(252): CodeIgniter\Config\Services::toolbar()
 5 SYSTEMPATH/Config/BaseService.php(193): CodeIgniter\Config\BaseService::__callStatic()
 6 SYSTEMPATH/Config/Services.php(718): CodeIgniter\Config\BaseService::getSharedInstance()
 7 SYSTEMPATH/Config/BaseService.php(252): CodeIgniter\Config\Services::toolbar()
 8 SYSTEMPATH/Filters/DebugToolbar.php(40): CodeIgniter\Config\BaseService::__callStatic()
 9 SYSTEMPATH/Filters/Filters.php(196): CodeIgniter\Filters\DebugToolbar->after()
10 SYSTEMPATH/CodeIgniter.php(519): CodeIgniter\Filters\Filters->run()
11 SYSTEMPATH/CodeIgniter.php(368): CodeIgniter\CodeIgniter->handleRequest()
12 FCPATH/index.php(66): CodeIgniter\CodeIgniter->run()
CRITICAL - 2023-05-08 06:39:48 --> Class 'Config\Database' not found
in SYSTEMPATH/Debug/Toolbar/Collectors/Database.php on line 251.
 1 SYSTEMPATH/Debug/Toolbar/Collectors/Database.php(70): CodeIgniter\Debug\Toolbar\Collectors\Database->getConnections()
 2 SYSTEMPATH/Debug/Toolbar.php(65): CodeIgniter\Debug\Toolbar\Collectors\Database->__construct()
 3 SYSTEMPATH/Config/Services.php(723): CodeIgniter\Debug\Toolbar->__construct()
 4 SYSTEMPATH/Config/BaseService.php(252): CodeIgniter\Config\Services::toolbar()
 5 SYSTEMPATH/Config/BaseService.php(193): CodeIgniter\Config\BaseService::__callStatic()
 6 SYSTEMPATH/Config/Services.php(718): CodeIgniter\Config\BaseService::getSharedInstance()
 7 SYSTEMPATH/Config/BaseService.php(252): CodeIgniter\Config\Services::toolbar()
 8 SYSTEMPATH/Filters/DebugToolbar.php(40): CodeIgniter\Config\BaseService::__callStatic()
 9 SYSTEMPATH/Filters/Filters.php(196): CodeIgniter\Filters\DebugToolbar->after()
10 SYSTEMPATH/CodeIgniter.php(519): CodeIgniter\Filters\Filters->run()
11 SYSTEMPATH/CodeIgniter.php(368): CodeIgniter\CodeIgniter->handleRequest()
12 FCPATH/index.php(66): CodeIgniter\CodeIgniter->run()
CRITICAL - 2023-05-08 06:40:07 --> Class 'Config\Database' not found
in SYSTEMPATH/Debug/Toolbar/Collectors/Database.php on line 251.
 1 SYSTEMPATH/Debug/Toolbar/Collectors/Database.php(70): CodeIgniter\Debug\Toolbar\Collectors\Database->getConnections()
 2 SYSTEMPATH/Debug/Toolbar.php(65): CodeIgniter\Debug\Toolbar\Collectors\Database->__construct()
 3 SYSTEMPATH/Config/Services.php(723): CodeIgniter\Debug\Toolbar->__construct()
 4 SYSTEMPATH/Config/BaseService.php(252): CodeIgniter\Config\Services::toolbar()
 5 SYSTEMPATH/Config/BaseService.php(193): CodeIgniter\Config\BaseService::__callStatic()
 6 SYSTEMPATH/Config/Services.php(718): CodeIgniter\Config\BaseService::getSharedInstance()
 7 SYSTEMPATH/Config/BaseService.php(252): CodeIgniter\Config\Services::toolbar()
 8 SYSTEMPATH/Filters/DebugToolbar.php(40): CodeIgniter\Config\BaseService::__callStatic()
 9 SYSTEMPATH/Filters/Filters.php(196): CodeIgniter\Filters\DebugToolbar->after()
10 SYSTEMPATH/CodeIgniter.php(519): CodeIgniter\Filters\Filters->run()
11 SYSTEMPATH/CodeIgniter.php(368): CodeIgniter\CodeIgniter->handleRequest()
12 FCPATH/index.php(66): CodeIgniter\CodeIgniter->run()
CRITICAL - 2023-05-08 06:40:16 --> Class 'Config\Database' not found
in SYSTEMPATH/Debug/Toolbar/Collectors/Database.php on line 251.
 1 SYSTEMPATH/Debug/Toolbar/Collectors/Database.php(70): CodeIgniter\Debug\Toolbar\Collectors\Database->getConnections()
 2 SYSTEMPATH/Debug/Toolbar.php(65): CodeIgniter\Debug\Toolbar\Collectors\Database->__construct()
 3 SYSTEMPATH/Config/Services.php(723): CodeIgniter\Debug\Toolbar->__construct()
 4 SYSTEMPATH/Config/BaseService.php(252): CodeIgniter\Config\Services::toolbar()
 5 SYSTEMPATH/Config/BaseService.php(193): CodeIgniter\Config\BaseService::__callStatic()
 6 SYSTEMPATH/Config/Services.php(718): CodeIgniter\Config\BaseService::getSharedInstance()
 7 SYSTEMPATH/Config/BaseService.php(252): CodeIgniter\Config\Services::toolbar()
 8 SYSTEMPATH/Filters/DebugToolbar.php(40): CodeIgniter\Config\BaseService::__callStatic()
 9 SYSTEMPATH/Filters/Filters.php(196): CodeIgniter\Filters\DebugToolbar->after()
10 SYSTEMPATH/CodeIgniter.php(519): CodeIgniter\Filters\Filters->run()
11 SYSTEMPATH/CodeIgniter.php(368): CodeIgniter\CodeIgniter->handleRequest()
12 FCPATH/index.php(66): CodeIgniter\CodeIgniter->run()
CRITICAL - 2023-05-08 06:40:34 --> Class 'Config\Database' not found
in SYSTEMPATH/Debug/Toolbar/Collectors/Database.php on line 251.
 1 SYSTEMPATH/Debug/Toolbar/Collectors/Database.php(70): CodeIgniter\Debug\Toolbar\Collectors\Database->getConnections()
 2 SYSTEMPATH/Debug/Toolbar.php(65): CodeIgniter\Debug\Toolbar\Collectors\Database->__construct()
 3 SYSTEMPATH/Config/Services.php(723): CodeIgniter\Debug\Toolbar->__construct()
 4 SYSTEMPATH/Config/BaseService.php(252): CodeIgniter\Config\Services::toolbar()
 5 SYSTEMPATH/Config/BaseService.php(193): CodeIgniter\Config\BaseService::__callStatic()
 6 SYSTEMPATH/Config/Services.php(718): CodeIgniter\Config\BaseService::getSharedInstance()
 7 SYSTEMPATH/Config/BaseService.php(252): CodeIgniter\Config\Services::toolbar()
 8 SYSTEMPATH/Filters/DebugToolbar.php(40): CodeIgniter\Config\BaseService::__callStatic()
 9 SYSTEMPATH/Filters/Filters.php(196): CodeIgniter\Filters\DebugToolbar->after()
10 SYSTEMPATH/CodeIgniter.php(519): CodeIgniter\Filters\Filters->run()
11 SYSTEMPATH/CodeIgniter.php(368): CodeIgniter\CodeIgniter->handleRequest()
12 FCPATH/index.php(66): CodeIgniter\CodeIgniter->run()
CRITICAL - 2023-05-08 06:41:09 --> Class 'Config\Database' not found
in SYSTEMPATH/Debug/Toolbar/Collectors/Database.php on line 251.
 1 SYSTEMPATH/Debug/Toolbar/Collectors/Database.php(70): CodeIgniter\Debug\Toolbar\Collectors\Database->getConnections()
 2 SYSTEMPATH/Debug/Toolbar.php(65): CodeIgniter\Debug\Toolbar\Collectors\Database->__construct()
 3 SYSTEMPATH/Config/Services.php(723): CodeIgniter\Debug\Toolbar->__construct()
 4 SYSTEMPATH/Config/BaseService.php(252): CodeIgniter\Config\Services::toolbar()
 5 SYSTEMPATH/Config/BaseService.php(193): CodeIgniter\Config\BaseService::__callStatic()
 6 SYSTEMPATH/Config/Services.php(718): CodeIgniter\Config\BaseService::getSharedInstance()
 7 SYSTEMPATH/Config/BaseService.php(252): CodeIgniter\Config\Services::toolbar()
 8 SYSTEMPATH/Filters/DebugToolbar.php(40): CodeIgniter\Config\BaseService::__callStatic()
 9 SYSTEMPATH/Filters/Filters.php(196): CodeIgniter\Filters\DebugToolbar->after()
10 SYSTEMPATH/CodeIgniter.php(519): CodeIgniter\Filters\Filters->run()
11 SYSTEMPATH/CodeIgniter.php(368): CodeIgniter\CodeIgniter->handleRequest()
12 FCPATH/index.php(66): CodeIgniter\CodeIgniter->run()
CRITICAL - 2023-05-08 06:43:29 --> Class 'Config\Database' not found
in SYSTEMPATH/Debug/Toolbar/Collectors/Database.php on line 251.
 1 SYSTEMPATH/Debug/Toolbar/Collectors/Database.php(70): CodeIgniter\Debug\Toolbar\Collectors\Database->getConnections()
 2 SYSTEMPATH/Debug/Toolbar.php(65): CodeIgniter\Debug\Toolbar\Collectors\Database->__construct()
 3 SYSTEMPATH/Config/Services.php(723): CodeIgniter\Debug\Toolbar->__construct()
 4 SYSTEMPATH/Config/BaseService.php(252): CodeIgniter\Config\Services::toolbar()
 5 SYSTEMPATH/Config/BaseService.php(193): CodeIgniter\Config\BaseService::__callStatic()
 6 SYSTEMPATH/Config/Services.php(718): CodeIgniter\Config\BaseService::getSharedInstance()
 7 SYSTEMPATH/Config/BaseService.php(252): CodeIgniter\Config\Services::toolbar()
 8 SYSTEMPATH/Filters/DebugToolbar.php(40): CodeIgniter\Config\BaseService::__callStatic()
 9 SYSTEMPATH/Filters/Filters.php(196): CodeIgniter\Filters\DebugToolbar->after()
10 SYSTEMPATH/CodeIgniter.php(519): CodeIgniter\Filters\Filters->run()
11 SYSTEMPATH/CodeIgniter.php(368): CodeIgniter\CodeIgniter->handleRequest()
12 FCPATH/index.php(66): CodeIgniter\CodeIgniter->run()
CRITICAL - 2023-05-08 06:49:58 --> Class 'Config\Database' not found
in SYSTEMPATH/Debug/Toolbar/Collectors/Database.php on line 251.
 1 SYSTEMPATH/Debug/Toolbar/Collectors/Database.php(70): CodeIgniter\Debug\Toolbar\Collectors\Database->getConnections()
 2 SYSTEMPATH/Debug/Toolbar.php(65): CodeIgniter\Debug\Toolbar\Collectors\Database->__construct()
 3 SYSTEMPATH/Config/Services.php(723): CodeIgniter\Debug\Toolbar->__construct()
 4 SYSTEMPATH/Config/BaseService.php(252): CodeIgniter\Config\Services::toolbar()
 5 SYSTEMPATH/Config/BaseService.php(193): CodeIgniter\Config\BaseService::__callStatic()
 6 SYSTEMPATH/Config/Services.php(718): CodeIgniter\Config\BaseService::getSharedInstance()
 7 SYSTEMPATH/Config/BaseService.php(252): CodeIgniter\Config\Services::toolbar()
 8 SYSTEMPATH/Filters/DebugToolbar.php(40): CodeIgniter\Config\BaseService::__callStatic()
 9 SYSTEMPATH/Filters/Filters.php(196): CodeIgniter\Filters\DebugToolbar->after()
10 SYSTEMPATH/CodeIgniter.php(519): CodeIgniter\Filters\Filters->run()
11 SYSTEMPATH/CodeIgniter.php(368): CodeIgniter\CodeIgniter->handleRequest()
12 FCPATH/index.php(66): CodeIgniter\CodeIgniter->run()
CRITICAL - 2023-05-08 06:50:47 --> Class 'Config\Database' not found
in SYSTEMPATH/Debug/Toolbar/Collectors/Database.php on line 251.
 1 SYSTEMPATH/Debug/Toolbar/Collectors/Database.php(70): CodeIgniter\Debug\Toolbar\Collectors\Database->getConnections()
 2 SYSTEMPATH/Debug/Toolbar.php(65): CodeIgniter\Debug\Toolbar\Collectors\Database->__construct()
 3 SYSTEMPATH/Config/Services.php(723): CodeIgniter\Debug\Toolbar->__construct()
 4 SYSTEMPATH/Config/BaseService.php(252): CodeIgniter\Config\Services::toolbar()
 5 SYSTEMPATH/Config/BaseService.php(193): CodeIgniter\Config\BaseService::__callStatic()
 6 SYSTEMPATH/Config/Services.php(718): CodeIgniter\Config\BaseService::getSharedInstance()
 7 SYSTEMPATH/Config/BaseService.php(252): CodeIgniter\Config\Services::toolbar()
 8 SYSTEMPATH/Filters/DebugToolbar.php(40): CodeIgniter\Config\BaseService::__callStatic()
 9 SYSTEMPATH/Filters/Filters.php(196): CodeIgniter\Filters\DebugToolbar->after()
10 SYSTEMPATH/CodeIgniter.php(519): CodeIgniter\Filters\Filters->run()
11 SYSTEMPATH/CodeIgniter.php(368): CodeIgniter\CodeIgniter->handleRequest()
12 FCPATH/index.php(66): CodeIgniter\CodeIgniter->run()
CRITICAL - 2023-05-08 06:59:56 --> Class 'Config\Database' not found
in SYSTEMPATH/Debug/Toolbar/Collectors/Database.php on line 251.
 1 SYSTEMPATH/Debug/Toolbar/Collectors/Database.php(70): CodeIgniter\Debug\Toolbar\Collectors\Database->getConnections()
 2 SYSTEMPATH/Debug/Toolbar.php(65): CodeIgniter\Debug\Toolbar\Collectors\Database->__construct()
 3 SYSTEMPATH/Config/Services.php(723): CodeIgniter\Debug\Toolbar->__construct()
 4 SYSTEMPATH/Config/BaseService.php(252): CodeIgniter\Config\Services::toolbar()
 5 SYSTEMPATH/Config/BaseService.php(193): CodeIgniter\Config\BaseService::__callStatic()
 6 SYSTEMPATH/Config/Services.php(718): CodeIgniter\Config\BaseService::getSharedInstance()
 7 SYSTEMPATH/Config/BaseService.php(252): CodeIgniter\Config\Services::toolbar()
 8 SYSTEMPATH/Filters/DebugToolbar.php(40): CodeIgniter\Config\BaseService::__callStatic()
 9 SYSTEMPATH/Filters/Filters.php(196): CodeIgniter\Filters\DebugToolbar->after()
10 SYSTEMPATH/CodeIgniter.php(519): CodeIgniter\Filters\Filters->run()
11 SYSTEMPATH/CodeIgniter.php(368): CodeIgniter\CodeIgniter->handleRequest()
12 FCPATH/index.php(66): CodeIgniter\CodeIgniter->run()
CRITICAL - 2023-05-08 07:04:10 --> Class 'App\Core\PdoSingleton' not found
in SYSTEMPATH/Debug/Toolbar/Collectors/Database.php on line 251.
 1 SYSTEMPATH/Debug/Toolbar/Collectors/Database.php(70): CodeIgniter\Debug\Toolbar\Collectors\Database->getConnections()
 2 SYSTEMPATH/Debug/Toolbar.php(65): CodeIgniter\Debug\Toolbar\Collectors\Database->__construct()
 3 SYSTEMPATH/Config/Services.php(723): CodeIgniter\Debug\Toolbar->__construct()
 4 SYSTEMPATH/Config/BaseService.php(252): CodeIgniter\Config\Services::toolbar()
 5 SYSTEMPATH/Config/BaseService.php(193): CodeIgniter\Config\BaseService::__callStatic()
 6 SYSTEMPATH/Config/Services.php(718): CodeIgniter\Config\BaseService::getSharedInstance()
 7 SYSTEMPATH/Config/BaseService.php(252): CodeIgniter\Config\Services::toolbar()
 8 SYSTEMPATH/Filters/DebugToolbar.php(40): CodeIgniter\Config\BaseService::__callStatic()
 9 SYSTEMPATH/Filters/Filters.php(196): CodeIgniter\Filters\DebugToolbar->after()
10 SYSTEMPATH/CodeIgniter.php(519): CodeIgniter\Filters\Filters->run()
11 SYSTEMPATH/CodeIgniter.php(368): CodeIgniter\CodeIgniter->handleRequest()
12 FCPATH/index.php(66): CodeIgniter\CodeIgniter->run()
CRITICAL - 2023-05-08 07:04:30 --> Class 'App\Core\PdoSingleton' not found
in SYSTEMPATH/Debug/Toolbar/Collectors/Database.php on line 251.
 1 SYSTEMPATH/Debug/Toolbar/Collectors/Database.php(70): CodeIgniter\Debug\Toolbar\Collectors\Database->getConnections()
 2 SYSTEMPATH/Debug/Toolbar.php(65): CodeIgniter\Debug\Toolbar\Collectors\Database->__construct()
 3 SYSTEMPATH/Config/Services.php(723): CodeIgniter\Debug\Toolbar->__construct()
 4 SYSTEMPATH/Config/BaseService.php(252): CodeIgniter\Config\Services::toolbar()
 5 SYSTEMPATH/Config/BaseService.php(193): CodeIgniter\Config\BaseService::__callStatic()
 6 SYSTEMPATH/Config/Services.php(718): CodeIgniter\Config\BaseService::getSharedInstance()
 7 SYSTEMPATH/Config/BaseService.php(252): CodeIgniter\Config\Services::toolbar()
 8 SYSTEMPATH/Filters/DebugToolbar.php(40): CodeIgniter\Config\BaseService::__callStatic()
 9 SYSTEMPATH/Filters/Filters.php(196): CodeIgniter\Filters\DebugToolbar->after()
10 SYSTEMPATH/CodeIgniter.php(519): CodeIgniter\Filters\Filters->run()
11 SYSTEMPATH/CodeIgniter.php(368): CodeIgniter\CodeIgniter->handleRequest()
12 FCPATH/index.php(66): CodeIgniter\CodeIgniter->run()
CRITICAL - 2023-05-08 07:04:51 --> Class 'Core\PdoSingleton' not found
in SYSTEMPATH/Debug/Toolbar/Collectors/Database.php on line 251.
 1 SYSTEMPATH/Debug/Toolbar/Collectors/Database.php(70): CodeIgniter\Debug\Toolbar\Collectors\Database->getConnections()
 2 SYSTEMPATH/Debug/Toolbar.php(65): CodeIgniter\Debug\Toolbar\Collectors\Database->__construct()
 3 SYSTEMPATH/Config/Services.php(723): CodeIgniter\Debug\Toolbar->__construct()
 4 SYSTEMPATH/Config/BaseService.php(252): CodeIgniter\Config\Services::toolbar()
 5 SYSTEMPATH/Config/BaseService.php(193): CodeIgniter\Config\BaseService::__callStatic()
 6 SYSTEMPATH/Config/Services.php(718): CodeIgniter\Config\BaseService::getSharedInstance()
 7 SYSTEMPATH/Config/BaseService.php(252): CodeIgniter\Config\Services::toolbar()
 8 SYSTEMPATH/Filters/DebugToolbar.php(40): CodeIgniter\Config\BaseService::__callStatic()
 9 SYSTEMPATH/Filters/Filters.php(196): CodeIgniter\Filters\DebugToolbar->after()
10 SYSTEMPATH/CodeIgniter.php(519): CodeIgniter\Filters\Filters->run()
11 SYSTEMPATH/CodeIgniter.php(368): CodeIgniter\CodeIgniter->handleRequest()
12 FCPATH/index.php(66): CodeIgniter\CodeIgniter->run()
CRITICAL - 2023-05-08 07:06:44 --> Class 'Core\PdoSingleton' not found
in SYSTEMPATH/Debug/Toolbar/Collectors/Database.php on line 251.
 1 SYSTEMPATH/Debug/Toolbar/Collectors/Database.php(70): CodeIgniter\Debug\Toolbar\Collectors\Database->getConnections()
 2 SYSTEMPATH/Debug/Toolbar.php(65): CodeIgniter\Debug\Toolbar\Collectors\Database->__construct()
 3 SYSTEMPATH/Config/Services.php(723): CodeIgniter\Debug\Toolbar->__construct()
 4 SYSTEMPATH/Config/BaseService.php(252): CodeIgniter\Config\Services::toolbar()
 5 SYSTEMPATH/Config/BaseService.php(193): CodeIgniter\Config\BaseService::__callStatic()
 6 SYSTEMPATH/Config/Services.php(718): CodeIgniter\Config\BaseService::getSharedInstance()
 7 SYSTEMPATH/Config/BaseService.php(252): CodeIgniter\Config\Services::toolbar()
 8 SYSTEMPATH/Filters/DebugToolbar.php(40): CodeIgniter\Config\BaseService::__callStatic()
 9 SYSTEMPATH/Filters/Filters.php(196): CodeIgniter\Filters\DebugToolbar->after()
10 SYSTEMPATH/CodeIgniter.php(519): CodeIgniter\Filters\Filters->run()
11 SYSTEMPATH/CodeIgniter.php(368): CodeIgniter\CodeIgniter->handleRequest()
12 FCPATH/index.php(66): CodeIgniter\CodeIgniter->run()
CRITICAL - 2023-05-08 07:07:08 --> Using $this when not in object context
in APPPATH/Core/PdoSingleton.php on line 27.
 1 SYSTEMPATH/Debug/Toolbar/Collectors/Database.php(251): App\Core\PdoSingleton::getConnection()
 2 SYSTEMPATH/Debug/Toolbar/Collectors/Database.php(70): CodeIgniter\Debug\Toolbar\Collectors\Database->getConnections()
 3 SYSTEMPATH/Debug/Toolbar.php(65): CodeIgniter\Debug\Toolbar\Collectors\Database->__construct()
 4 SYSTEMPATH/Config/Services.php(723): CodeIgniter\Debug\Toolbar->__construct()
 5 SYSTEMPATH/Config/BaseService.php(252): CodeIgniter\Config\Services::toolbar()
 6 SYSTEMPATH/Config/BaseService.php(193): CodeIgniter\Config\BaseService::__callStatic()
 7 SYSTEMPATH/Config/Services.php(718): CodeIgniter\Config\BaseService::getSharedInstance()
 8 SYSTEMPATH/Config/BaseService.php(252): CodeIgniter\Config\Services::toolbar()
 9 SYSTEMPATH/Filters/DebugToolbar.php(40): CodeIgniter\Config\BaseService::__callStatic()
10 SYSTEMPATH/Filters/Filters.php(196): CodeIgniter\Filters\DebugToolbar->after()
11 SYSTEMPATH/CodeIgniter.php(519): CodeIgniter\Filters\Filters->run()
12 SYSTEMPATH/CodeIgniter.php(368): CodeIgniter\CodeIgniter->handleRequest()
13 FCPATH/index.php(66): CodeIgniter\CodeIgniter->run()
CRITICAL - 2023-05-08 07:08:04 --> Using $this when not in object context
in APPPATH/Core/PdoSingleton.php on line 27.
 1 SYSTEMPATH/Debug/Toolbar/Collectors/Database.php(251): App\Core\PdoSingleton::getConnection()
 2 SYSTEMPATH/Debug/Toolbar/Collectors/Database.php(70): CodeIgniter\Debug\Toolbar\Collectors\Database->getConnections()
 3 SYSTEMPATH/Debug/Toolbar.php(65): CodeIgniter\Debug\Toolbar\Collectors\Database->__construct()
 4 SYSTEMPATH/Config/Services.php(723): CodeIgniter\Debug\Toolbar->__construct()
 5 SYSTEMPATH/Config/BaseService.php(252): CodeIgniter\Config\Services::toolbar()
 6 SYSTEMPATH/Config/BaseService.php(193): CodeIgniter\Config\BaseService::__callStatic()
 7 SYSTEMPATH/Config/Services.php(718): CodeIgniter\Config\BaseService::getSharedInstance()
 8 SYSTEMPATH/Config/BaseService.php(252): CodeIgniter\Config\Services::toolbar()
 9 SYSTEMPATH/Filters/DebugToolbar.php(40): CodeIgniter\Config\BaseService::__callStatic()
10 SYSTEMPATH/Filters/Filters.php(196): CodeIgniter\Filters\DebugToolbar->after()
11 SYSTEMPATH/CodeIgniter.php(519): CodeIgniter\Filters\Filters->run()
12 SYSTEMPATH/CodeIgniter.php(368): CodeIgniter\CodeIgniter->handleRequest()
13 FCPATH/index.php(66): CodeIgniter\CodeIgniter->run()
CRITICAL - 2023-05-08 07:09:26 --> Using $this when not in object context
in APPPATH/Core/PdoSingleton.php on line 27.
 1 SYSTEMPATH/Debug/Toolbar/Collectors/Database.php(251): App\Core\PdoSingleton::getConnection()
 2 SYSTEMPATH/Debug/Toolbar/Collectors/Database.php(70): CodeIgniter\Debug\Toolbar\Collectors\Database->getConnections()
 3 SYSTEMPATH/Debug/Toolbar.php(65): CodeIgniter\Debug\Toolbar\Collectors\Database->__construct()
 4 SYSTEMPATH/Config/Services.php(723): CodeIgniter\Debug\Toolbar->__construct()
 5 SYSTEMPATH/Config/BaseService.php(252): CodeIgniter\Config\Services::toolbar()
 6 SYSTEMPATH/Config/BaseService.php(193): CodeIgniter\Config\BaseService::__callStatic()
 7 SYSTEMPATH/Config/Services.php(718): CodeIgniter\Config\BaseService::getSharedInstance()
 8 SYSTEMPATH/Config/BaseService.php(252): CodeIgniter\Config\Services::toolbar()
 9 SYSTEMPATH/Filters/DebugToolbar.php(40): CodeIgniter\Config\BaseService::__callStatic()
10 SYSTEMPATH/Filters/Filters.php(196): CodeIgniter\Filters\DebugToolbar->after()
11 SYSTEMPATH/CodeIgniter.php(519): CodeIgniter\Filters\Filters->run()
12 SYSTEMPATH/CodeIgniter.php(368): CodeIgniter\CodeIgniter->handleRequest()
13 FCPATH/index.php(66): CodeIgniter\CodeIgniter->run()
CRITICAL - 2023-05-08 07:09:48 --> Using $this when not in object context
in APPPATH/Core/PdoSingleton.php on line 27.
 1 SYSTEMPATH/Debug/Toolbar/Collectors/Database.php(251): App\Core\PdoSingleton::getConnection()
 2 SYSTEMPATH/Debug/Toolbar/Collectors/Database.php(70): CodeIgniter\Debug\Toolbar\Collectors\Database->getConnections()
 3 SYSTEMPATH/Debug/Toolbar.php(65): CodeIgniter\Debug\Toolbar\Collectors\Database->__construct()
 4 SYSTEMPATH/Config/Services.php(723): CodeIgniter\Debug\Toolbar->__construct()
 5 SYSTEMPATH/Config/BaseService.php(252): CodeIgniter\Config\Services::toolbar()
 6 SYSTEMPATH/Config/BaseService.php(193): CodeIgniter\Config\BaseService::__callStatic()
 7 SYSTEMPATH/Config/Services.php(718): CodeIgniter\Config\BaseService::getSharedInstance()
 8 SYSTEMPATH/Config/BaseService.php(252): CodeIgniter\Config\Services::toolbar()
 9 SYSTEMPATH/Filters/DebugToolbar.php(40): CodeIgniter\Config\BaseService::__callStatic()
10 SYSTEMPATH/Filters/Filters.php(196): CodeIgniter\Filters\DebugToolbar->after()
11 SYSTEMPATH/CodeIgniter.php(519): CodeIgniter\Filters\Filters->run()
12 SYSTEMPATH/CodeIgniter.php(368): CodeIgniter\CodeIgniter->handleRequest()
13 FCPATH/index.php(66): CodeIgniter\CodeIgniter->run()
CRITICAL - 2023-05-08 07:10:15 --> syntax error, unexpected '->' (T_OBJECT_OPERATOR)
in APPPATH/Core/PdoSingleton.php on line 27.
 1 SYSTEMPATH/Autoloader/Autoloader.php(289): CodeIgniter\Autoloader\Autoloader->includeFile()
 2 SYSTEMPATH/Autoloader/Autoloader.php(267): CodeIgniter\Autoloader\Autoloader->loadInNamespace()
 3 [internal function]: CodeIgniter\Autoloader\Autoloader->loadClass()
 4 SYSTEMPATH/Debug/Toolbar/Collectors/Database.php(251): spl_autoload_call()
 5 SYSTEMPATH/Debug/Toolbar/Collectors/Database.php(70): CodeIgniter\Debug\Toolbar\Collectors\Database->getConnections()
 6 SYSTEMPATH/Debug/Toolbar.php(65): CodeIgniter\Debug\Toolbar\Collectors\Database->__construct()
 7 SYSTEMPATH/Config/Services.php(723): CodeIgniter\Debug\Toolbar->__construct()
 8 SYSTEMPATH/Config/BaseService.php(252): CodeIgniter\Config\Services::toolbar()
 9 SYSTEMPATH/Config/BaseService.php(193): CodeIgniter\Config\BaseService::__callStatic()
10 SYSTEMPATH/Config/Services.php(718): CodeIgniter\Config\BaseService::getSharedInstance()
11 SYSTEMPATH/Config/BaseService.php(252): CodeIgniter\Config\Services::toolbar()
12 SYSTEMPATH/Filters/DebugToolbar.php(40): CodeIgniter\Config\BaseService::__callStatic()
13 SYSTEMPATH/Filters/Filters.php(196): CodeIgniter\Filters\DebugToolbar->after()
14 SYSTEMPATH/CodeIgniter.php(519): CodeIgniter\Filters\Filters->run()
15 SYSTEMPATH/CodeIgniter.php(368): CodeIgniter\CodeIgniter->handleRequest()
16 FCPATH/index.php(66): CodeIgniter\CodeIgniter->run()
CRITICAL - 2023-05-08 07:10:38 --> Using $this when not in object context
in APPPATH/Core/PdoSingleton.php on line 27.
 1 SYSTEMPATH/Debug/Toolbar/Collectors/Database.php(251): App\Core\PdoSingleton::getConnection()
 2 SYSTEMPATH/Debug/Toolbar/Collectors/Database.php(70): CodeIgniter\Debug\Toolbar\Collectors\Database->getConnections()
 3 SYSTEMPATH/Debug/Toolbar.php(65): CodeIgniter\Debug\Toolbar\Collectors\Database->__construct()
 4 SYSTEMPATH/Config/Services.php(723): CodeIgniter\Debug\Toolbar->__construct()
 5 SYSTEMPATH/Config/BaseService.php(252): CodeIgniter\Config\Services::toolbar()
 6 SYSTEMPATH/Config/BaseService.php(193): CodeIgniter\Config\BaseService::__callStatic()
 7 SYSTEMPATH/Config/Services.php(718): CodeIgniter\Config\BaseService::getSharedInstance()
 8 SYSTEMPATH/Config/BaseService.php(252): CodeIgniter\Config\Services::toolbar()
 9 SYSTEMPATH/Filters/DebugToolbar.php(40): CodeIgniter\Config\BaseService::__callStatic()
10 SYSTEMPATH/Filters/Filters.php(196): CodeIgniter\Filters\DebugToolbar->after()
11 SYSTEMPATH/CodeIgniter.php(519): CodeIgniter\Filters\Filters->run()
12 SYSTEMPATH/CodeIgniter.php(368): CodeIgniter\CodeIgniter->handleRequest()
13 FCPATH/index.php(66): CodeIgniter\CodeIgniter->run()
CRITICAL - 2023-05-08 07:10:47 --> Using $this when not in object context
in APPPATH/Core/PdoSingleton.php on line 27.
 1 SYSTEMPATH/Debug/Toolbar/Collectors/Database.php(251): App\Core\PdoSingleton::getConnection()
 2 SYSTEMPATH/Debug/Toolbar/Collectors/Database.php(70): CodeIgniter\Debug\Toolbar\Collectors\Database->getConnections()
 3 SYSTEMPATH/Debug/Toolbar.php(65): CodeIgniter\Debug\Toolbar\Collectors\Database->__construct()
 4 SYSTEMPATH/Config/Services.php(723): CodeIgniter\Debug\Toolbar->__construct()
 5 SYSTEMPATH/Config/BaseService.php(252): CodeIgniter\Config\Services::toolbar()
 6 SYSTEMPATH/Config/BaseService.php(193): CodeIgniter\Config\BaseService::__callStatic()
 7 SYSTEMPATH/Config/Services.php(718): CodeIgniter\Config\BaseService::getSharedInstance()
 8 SYSTEMPATH/Config/BaseService.php(252): CodeIgniter\Config\Services::toolbar()
 9 SYSTEMPATH/Filters/DebugToolbar.php(40): CodeIgniter\Config\BaseService::__callStatic()
10 SYSTEMPATH/Filters/Filters.php(196): CodeIgniter\Filters\DebugToolbar->after()
11 SYSTEMPATH/CodeIgniter.php(519): CodeIgniter\Filters\Filters->run()
12 SYSTEMPATH/CodeIgniter.php(368): CodeIgniter\CodeIgniter->handleRequest()
13 FCPATH/index.php(66): CodeIgniter\CodeIgniter->run()
CRITICAL - 2023-05-08 07:11:52 --> PDO::__construct() expects parameter 2 to be string, bool given
in APPPATH/Core/PdoSingleton.php on line 42.
 1 APPPATH/Core/PdoSingleton.php(42): PDO->__construct()
 2 SYSTEMPATH/Debug/Toolbar/Collectors/Database.php(251): App\Core\PdoSingleton::getConnection()
 3 SYSTEMPATH/Debug/Toolbar/Collectors/Database.php(70): CodeIgniter\Debug\Toolbar\Collectors\Database->getConnections()
 4 SYSTEMPATH/Debug/Toolbar.php(65): CodeIgniter\Debug\Toolbar\Collectors\Database->__construct()
 5 SYSTEMPATH/Config/Services.php(723): CodeIgniter\Debug\Toolbar->__construct()
 6 SYSTEMPATH/Config/BaseService.php(252): CodeIgniter\Config\Services::toolbar()
 7 SYSTEMPATH/Config/BaseService.php(193): CodeIgniter\Config\BaseService::__callStatic()
 8 SYSTEMPATH/Config/Services.php(718): CodeIgniter\Config\BaseService::getSharedInstance()
 9 SYSTEMPATH/Config/BaseService.php(252): CodeIgniter\Config\Services::toolbar()
10 SYSTEMPATH/Filters/DebugToolbar.php(40): CodeIgniter\Config\BaseService::__callStatic()
11 SYSTEMPATH/Filters/Filters.php(196): CodeIgniter\Filters\DebugToolbar->after()
12 SYSTEMPATH/CodeIgniter.php(519): CodeIgniter\Filters\Filters->run()
13 SYSTEMPATH/CodeIgniter.php(368): CodeIgniter\CodeIgniter->handleRequest()
14 FCPATH/index.php(66): CodeIgniter\CodeIgniter->run()
CRITICAL - 2023-05-08 07:12:21 --> PDO::__construct() expects parameter 2 to be string, bool given
in APPPATH/Core/PdoSingleton.php on line 42.
 1 APPPATH/Core/PdoSingleton.php(42): PDO->__construct()
 2 SYSTEMPATH/Debug/Toolbar/Collectors/Database.php(251): App\Core\PdoSingleton::getConnection()
 3 SYSTEMPATH/Debug/Toolbar/Collectors/Database.php(70): CodeIgniter\Debug\Toolbar\Collectors\Database->getConnections()
 4 SYSTEMPATH/Debug/Toolbar.php(65): CodeIgniter\Debug\Toolbar\Collectors\Database->__construct()
 5 SYSTEMPATH/Config/Services.php(723): CodeIgniter\Debug\Toolbar->__construct()
 6 SYSTEMPATH/Config/BaseService.php(252): CodeIgniter\Config\Services::toolbar()
 7 SYSTEMPATH/Config/BaseService.php(193): CodeIgniter\Config\BaseService::__callStatic()
 8 SYSTEMPATH/Config/Services.php(718): CodeIgniter\Config\BaseService::getSharedInstance()
 9 SYSTEMPATH/Config/BaseService.php(252): CodeIgniter\Config\Services::toolbar()
10 SYSTEMPATH/Filters/DebugToolbar.php(40): CodeIgniter\Config\BaseService::__callStatic()
11 SYSTEMPATH/Filters/Filters.php(196): CodeIgniter\Filters\DebugToolbar->after()
12 SYSTEMPATH/CodeIgniter.php(519): CodeIgniter\Filters\Filters->run()
13 SYSTEMPATH/CodeIgniter.php(368): CodeIgniter\CodeIgniter->handleRequest()
14 FCPATH/index.php(66): CodeIgniter\CodeIgniter->run()
CRITICAL - 2023-05-08 07:12:53 --> PDO::__construct() expects parameter 2 to be string, bool given
in APPPATH/Core/PdoSingleton.php on line 42.
 1 APPPATH/Core/PdoSingleton.php(42): PDO->__construct()
 2 SYSTEMPATH/Debug/Toolbar/Collectors/Database.php(251): App\Core\PdoSingleton::getConnection()
 3 SYSTEMPATH/Debug/Toolbar/Collectors/Database.php(70): CodeIgniter\Debug\Toolbar\Collectors\Database->getConnections()
 4 SYSTEMPATH/Debug/Toolbar.php(65): CodeIgniter\Debug\Toolbar\Collectors\Database->__construct()
 5 SYSTEMPATH/Config/Services.php(723): CodeIgniter\Debug\Toolbar->__construct()
 6 SYSTEMPATH/Config/BaseService.php(252): CodeIgniter\Config\Services::toolbar()
 7 SYSTEMPATH/Config/BaseService.php(193): CodeIgniter\Config\BaseService::__callStatic()
 8 SYSTEMPATH/Config/Services.php(718): CodeIgniter\Config\BaseService::getSharedInstance()
 9 SYSTEMPATH/Config/BaseService.php(252): CodeIgniter\Config\Services::toolbar()
10 SYSTEMPATH/Filters/DebugToolbar.php(40): CodeIgniter\Config\BaseService::__callStatic()
11 SYSTEMPATH/Filters/Filters.php(196): CodeIgniter\Filters\DebugToolbar->after()
12 SYSTEMPATH/CodeIgniter.php(519): CodeIgniter\Filters\Filters->run()
13 SYSTEMPATH/CodeIgniter.php(368): CodeIgniter\CodeIgniter->handleRequest()
14 FCPATH/index.php(66): CodeIgniter\CodeIgniter->run()
CRITICAL - 2023-05-08 07:13:03 --> PDO::__construct() expects parameter 2 to be string, bool given
in APPPATH/Core/PdoSingleton.php on line 42.
 1 APPPATH/Core/PdoSingleton.php(42): PDO->__construct()
 2 SYSTEMPATH/Debug/Toolbar/Collectors/Database.php(251): App\Core\PdoSingleton::getConnection()
 3 SYSTEMPATH/Debug/Toolbar/Collectors/Database.php(70): CodeIgniter\Debug\Toolbar\Collectors\Database->getConnections()
 4 SYSTEMPATH/Debug/Toolbar.php(65): CodeIgniter\Debug\Toolbar\Collectors\Database->__construct()
 5 SYSTEMPATH/Config/Services.php(723): CodeIgniter\Debug\Toolbar->__construct()
 6 SYSTEMPATH/Config/BaseService.php(252): CodeIgniter\Config\Services::toolbar()
 7 SYSTEMPATH/Config/BaseService.php(193): CodeIgniter\Config\BaseService::__callStatic()
 8 SYSTEMPATH/Config/Services.php(718): CodeIgniter\Config\BaseService::getSharedInstance()
 9 SYSTEMPATH/Config/BaseService.php(252): CodeIgniter\Config\Services::toolbar()
10 SYSTEMPATH/Filters/DebugToolbar.php(40): CodeIgniter\Config\BaseService::__callStatic()
11 SYSTEMPATH/Filters/Filters.php(196): CodeIgniter\Filters\DebugToolbar->after()
12 SYSTEMPATH/CodeIgniter.php(519): CodeIgniter\Filters\Filters->run()
13 SYSTEMPATH/CodeIgniter.php(368): CodeIgniter\CodeIgniter->handleRequest()
14 FCPATH/index.php(66): CodeIgniter\CodeIgniter->run()
CRITICAL - 2023-05-08 07:15:20 --> PDO::__construct() expects parameter 2 to be string, bool given
in APPPATH/Core/PdoSingleton.php on line 43.
 1 APPPATH/Core/PdoSingleton.php(43): PDO->__construct()
 2 SYSTEMPATH/Debug/Toolbar/Collectors/Database.php(251): App\Core\PdoSingleton::getConnection()
 3 SYSTEMPATH/Debug/Toolbar/Collectors/Database.php(70): CodeIgniter\Debug\Toolbar\Collectors\Database->getConnections()
 4 SYSTEMPATH/Debug/Toolbar.php(65): CodeIgniter\Debug\Toolbar\Collectors\Database->__construct()
 5 SYSTEMPATH/Config/Services.php(723): CodeIgniter\Debug\Toolbar->__construct()
 6 SYSTEMPATH/Config/BaseService.php(252): CodeIgniter\Config\Services::toolbar()
 7 SYSTEMPATH/Config/BaseService.php(193): CodeIgniter\Config\BaseService::__callStatic()
 8 SYSTEMPATH/Config/Services.php(718): CodeIgniter\Config\BaseService::getSharedInstance()
 9 SYSTEMPATH/Config/BaseService.php(252): CodeIgniter\Config\Services::toolbar()
10 SYSTEMPATH/Filters/DebugToolbar.php(40): CodeIgniter\Config\BaseService::__callStatic()
11 SYSTEMPATH/Filters/Filters.php(196): CodeIgniter\Filters\DebugToolbar->after()
12 SYSTEMPATH/CodeIgniter.php(519): CodeIgniter\Filters\Filters->run()
13 SYSTEMPATH/CodeIgniter.php(368): CodeIgniter\CodeIgniter->handleRequest()
14 FCPATH/index.php(66): CodeIgniter\CodeIgniter->run()
CRITICAL - 2023-05-08 07:15:24 --> PDO::__construct() expects parameter 2 to be string, bool given
in APPPATH/Core/PdoSingleton.php on line 43.
 1 APPPATH/Core/PdoSingleton.php(43): PDO->__construct()
 2 SYSTEMPATH/Debug/Toolbar/Collectors/Database.php(251): App\Core\PdoSingleton::getConnection()
 3 SYSTEMPATH/Debug/Toolbar/Collectors/Database.php(70): CodeIgniter\Debug\Toolbar\Collectors\Database->getConnections()
 4 SYSTEMPATH/Debug/Toolbar.php(65): CodeIgniter\Debug\Toolbar\Collectors\Database->__construct()
 5 SYSTEMPATH/Config/Services.php(723): CodeIgniter\Debug\Toolbar->__construct()
 6 SYSTEMPATH/Config/BaseService.php(252): CodeIgniter\Config\Services::toolbar()
 7 SYSTEMPATH/Config/BaseService.php(193): CodeIgniter\Config\BaseService::__callStatic()
 8 SYSTEMPATH/Config/Services.php(718): CodeIgniter\Config\BaseService::getSharedInstance()
 9 SYSTEMPATH/Config/BaseService.php(252): CodeIgniter\Config\Services::toolbar()
10 SYSTEMPATH/Filters/DebugToolbar.php(40): CodeIgniter\Config\BaseService::__callStatic()
11 SYSTEMPATH/Filters/Filters.php(196): CodeIgniter\Filters\DebugToolbar->after()
12 SYSTEMPATH/CodeIgniter.php(519): CodeIgniter\Filters\Filters->run()
13 SYSTEMPATH/CodeIgniter.php(368): CodeIgniter\CodeIgniter->handleRequest()
14 FCPATH/index.php(66): CodeIgniter\CodeIgniter->run()
CRITICAL - 2023-05-08 07:15:54 --> PDO::__construct() expects parameter 2 to be string, bool given
in APPPATH/Core/PdoSingleton.php on line 43.
 1 APPPATH/Core/PdoSingleton.php(43): PDO->__construct()
 2 SYSTEMPATH/Debug/Toolbar/Collectors/Database.php(251): App\Core\PdoSingleton::getConnection()
 3 SYSTEMPATH/Debug/Toolbar/Collectors/Database.php(70): CodeIgniter\Debug\Toolbar\Collectors\Database->getConnections()
 4 SYSTEMPATH/Debug/Toolbar.php(65): CodeIgniter\Debug\Toolbar\Collectors\Database->__construct()
 5 SYSTEMPATH/Config/Services.php(723): CodeIgniter\Debug\Toolbar->__construct()
 6 SYSTEMPATH/Config/BaseService.php(252): CodeIgniter\Config\Services::toolbar()
 7 SYSTEMPATH/Config/BaseService.php(193): CodeIgniter\Config\BaseService::__callStatic()
 8 SYSTEMPATH/Config/Services.php(718): CodeIgniter\Config\BaseService::getSharedInstance()
 9 SYSTEMPATH/Config/BaseService.php(252): CodeIgniter\Config\Services::toolbar()
10 SYSTEMPATH/Filters/DebugToolbar.php(40): CodeIgniter\Config\BaseService::__callStatic()
11 SYSTEMPATH/Filters/Filters.php(196): CodeIgniter\Filters\DebugToolbar->after()
12 SYSTEMPATH/CodeIgniter.php(519): CodeIgniter\Filters\Filters->run()
13 SYSTEMPATH/CodeIgniter.php(368): CodeIgniter\CodeIgniter->handleRequest()
14 FCPATH/index.php(66): CodeIgniter\CodeIgniter->run()
CRITICAL - 2023-05-08 07:20:00 --> Using $this when not in object context
in APPPATH/Core/PdoSingleton.php on line 50.
 1 SYSTEMPATH/Debug/Toolbar/Collectors/Database.php(251): App\Core\PdoSingleton::getConnection()
 2 SYSTEMPATH/Debug/Toolbar/Collectors/Database.php(70): CodeIgniter\Debug\Toolbar\Collectors\Database->getConnections()
 3 SYSTEMPATH/Debug/Toolbar.php(65): CodeIgniter\Debug\Toolbar\Collectors\Database->__construct()
 4 SYSTEMPATH/Config/Services.php(723): CodeIgniter\Debug\Toolbar->__construct()
 5 SYSTEMPATH/Config/BaseService.php(252): CodeIgniter\Config\Services::toolbar()
 6 SYSTEMPATH/Config/BaseService.php(193): CodeIgniter\Config\BaseService::__callStatic()
 7 SYSTEMPATH/Config/Services.php(718): CodeIgniter\Config\BaseService::getSharedInstance()
 8 SYSTEMPATH/Config/BaseService.php(252): CodeIgniter\Config\Services::toolbar()
 9 SYSTEMPATH/Filters/DebugToolbar.php(40): CodeIgniter\Config\BaseService::__callStatic()
10 SYSTEMPATH/Filters/Filters.php(196): CodeIgniter\Filters\DebugToolbar->after()
11 SYSTEMPATH/CodeIgniter.php(519): CodeIgniter\Filters\Filters->run()
12 SYSTEMPATH/CodeIgniter.php(368): CodeIgniter\CodeIgniter->handleRequest()
13 FCPATH/index.php(66): CodeIgniter\CodeIgniter->run()
CRITICAL - 2023-05-08 07:20:42 --> PDO::__construct() expects parameter 2 to be string, bool given
in APPPATH/Core/PdoSingleton.php on line 43.
 1 APPPATH/Core/PdoSingleton.php(43): PDO->__construct()
 2 SYSTEMPATH/Debug/Toolbar/Collectors/Database.php(251): App\Core\PdoSingleton::getConnection()
 3 SYSTEMPATH/Debug/Toolbar/Collectors/Database.php(70): CodeIgniter\Debug\Toolbar\Collectors\Database->getConnections()
 4 SYSTEMPATH/Debug/Toolbar.php(65): CodeIgniter\Debug\Toolbar\Collectors\Database->__construct()
 5 SYSTEMPATH/Config/Services.php(723): CodeIgniter\Debug\Toolbar->__construct()
 6 SYSTEMPATH/Config/BaseService.php(252): CodeIgniter\Config\Services::toolbar()
 7 SYSTEMPATH/Config/BaseService.php(193): CodeIgniter\Config\BaseService::__callStatic()
 8 SYSTEMPATH/Config/Services.php(718): CodeIgniter\Config\BaseService::getSharedInstance()
 9 SYSTEMPATH/Config/BaseService.php(252): CodeIgniter\Config\Services::toolbar()
10 SYSTEMPATH/Filters/DebugToolbar.php(40): CodeIgniter\Config\BaseService::__callStatic()
11 SYSTEMPATH/Filters/Filters.php(196): CodeIgniter\Filters\DebugToolbar->after()
12 SYSTEMPATH/CodeIgniter.php(519): CodeIgniter\Filters\Filters->run()
13 SYSTEMPATH/CodeIgniter.php(368): CodeIgniter\CodeIgniter->handleRequest()
14 FCPATH/index.php(66): CodeIgniter\CodeIgniter->run()
CRITICAL - 2023-05-08 07:22:09 --> PDO::__construct() expects parameter 3 to be string, bool given
in APPPATH/Core/PdoSingleton.php on line 43.
 1 APPPATH/Core/PdoSingleton.php(43): PDO->__construct()
 2 SYSTEMPATH/Debug/Toolbar/Collectors/Database.php(251): App\Core\PdoSingleton::getConnection()
 3 SYSTEMPATH/Debug/Toolbar/Collectors/Database.php(70): CodeIgniter\Debug\Toolbar\Collectors\Database->getConnections()
 4 SYSTEMPATH/Debug/Toolbar.php(65): CodeIgniter\Debug\Toolbar\Collectors\Database->__construct()
 5 SYSTEMPATH/Config/Services.php(723): CodeIgniter\Debug\Toolbar->__construct()
 6 SYSTEMPATH/Config/BaseService.php(252): CodeIgniter\Config\Services::toolbar()
 7 SYSTEMPATH/Config/BaseService.php(193): CodeIgniter\Config\BaseService::__callStatic()
 8 SYSTEMPATH/Config/Services.php(718): CodeIgniter\Config\BaseService::getSharedInstance()
 9 SYSTEMPATH/Config/BaseService.php(252): CodeIgniter\Config\Services::toolbar()
10 SYSTEMPATH/Filters/DebugToolbar.php(40): CodeIgniter\Config\BaseService::__callStatic()
11 SYSTEMPATH/Filters/Filters.php(196): CodeIgniter\Filters\DebugToolbar->after()
12 SYSTEMPATH/CodeIgniter.php(519): CodeIgniter\Filters\Filters->run()
13 SYSTEMPATH/CodeIgniter.php(368): CodeIgniter\CodeIgniter->handleRequest()
14 FCPATH/index.php(66): CodeIgniter\CodeIgniter->run()
CRITICAL - 2023-05-08 07:27:17 --> SQLSTATE[HY000] [2019] Unknown character set
in APPPATH/Core/PdoSingleton.php on line 45.
 1 SYSTEMPATH/Debug/Toolbar/Collectors/Database.php(251): App\Core\PdoSingleton::getConnection()
 2 SYSTEMPATH/Debug/Toolbar/Collectors/Database.php(70): CodeIgniter\Debug\Toolbar\Collectors\Database->getConnections()
 3 SYSTEMPATH/Debug/Toolbar.php(65): CodeIgniter\Debug\Toolbar\Collectors\Database->__construct()
 4 SYSTEMPATH/Config/Services.php(723): CodeIgniter\Debug\Toolbar->__construct()
 5 SYSTEMPATH/Config/BaseService.php(252): CodeIgniter\Config\Services::toolbar()
 6 SYSTEMPATH/Config/BaseService.php(193): CodeIgniter\Config\BaseService::__callStatic()
 7 SYSTEMPATH/Config/Services.php(718): CodeIgniter\Config\BaseService::getSharedInstance()
 8 SYSTEMPATH/Config/BaseService.php(252): CodeIgniter\Config\Services::toolbar()
 9 SYSTEMPATH/Filters/DebugToolbar.php(40): CodeIgniter\Config\BaseService::__callStatic()
10 SYSTEMPATH/Filters/Filters.php(196): CodeIgniter\Filters\DebugToolbar->after()
11 SYSTEMPATH/CodeIgniter.php(519): CodeIgniter\Filters\Filters->run()
12 SYSTEMPATH/CodeIgniter.php(368): CodeIgniter\CodeIgniter->handleRequest()
13 FCPATH/index.php(66): CodeIgniter\CodeIgniter->run()
CRITICAL - 2023-05-08 07:30:47 --> SQLSTATE[HY000] [2019] Unknown character set
in APPPATH/Core/PdoSingleton.php on line 45.
 1 SYSTEMPATH/Debug/Toolbar/Collectors/Database.php(251): App\Core\PdoSingleton::getConnection()
 2 SYSTEMPATH/Debug/Toolbar/Collectors/Database.php(70): CodeIgniter\Debug\Toolbar\Collectors\Database->getConnections()
 3 SYSTEMPATH/Debug/Toolbar.php(65): CodeIgniter\Debug\Toolbar\Collectors\Database->__construct()
 4 SYSTEMPATH/Config/Services.php(723): CodeIgniter\Debug\Toolbar->__construct()
 5 SYSTEMPATH/Config/BaseService.php(252): CodeIgniter\Config\Services::toolbar()
 6 SYSTEMPATH/Config/BaseService.php(193): CodeIgniter\Config\BaseService::__callStatic()
 7 SYSTEMPATH/Config/Services.php(718): CodeIgniter\Config\BaseService::getSharedInstance()
 8 SYSTEMPATH/Config/BaseService.php(252): CodeIgniter\Config\Services::toolbar()
 9 SYSTEMPATH/Filters/DebugToolbar.php(40): CodeIgniter\Config\BaseService::__callStatic()
10 SYSTEMPATH/Filters/Filters.php(196): CodeIgniter\Filters\DebugToolbar->after()
11 SYSTEMPATH/CodeIgniter.php(519): CodeIgniter\Filters\Filters->run()
12 SYSTEMPATH/CodeIgniter.php(368): CodeIgniter\CodeIgniter->handleRequest()
13 FCPATH/index.php(66): CodeIgniter\CodeIgniter->run()
CRITICAL - 2023-05-08 07:32:13 --> SQLSTATE[HY000] [2019] Unknown character set
in APPPATH/Core/PdoSingleton.php on line 45.
 1 SYSTEMPATH/Debug/Toolbar/Collectors/Database.php(251): App\Core\PdoSingleton::getConnection()
 2 SYSTEMPATH/Debug/Toolbar/Collectors/Database.php(70): CodeIgniter\Debug\Toolbar\Collectors\Database->getConnections()
 3 SYSTEMPATH/Debug/Toolbar.php(65): CodeIgniter\Debug\Toolbar\Collectors\Database->__construct()
 4 SYSTEMPATH/Config/Services.php(723): CodeIgniter\Debug\Toolbar->__construct()
 5 SYSTEMPATH/Config/BaseService.php(252): CodeIgniter\Config\Services::toolbar()
 6 SYSTEMPATH/Config/BaseService.php(193): CodeIgniter\Config\BaseService::__callStatic()
 7 SYSTEMPATH/Config/Services.php(718): CodeIgniter\Config\BaseService::getSharedInstance()
 8 SYSTEMPATH/Config/BaseService.php(252): CodeIgniter\Config\Services::toolbar()
 9 SYSTEMPATH/Filters/DebugToolbar.php(40): CodeIgniter\Config\BaseService::__callStatic()
10 SYSTEMPATH/Filters/Filters.php(196): CodeIgniter\Filters\DebugToolbar->after()
11 SYSTEMPATH/CodeIgniter.php(519): CodeIgniter\Filters\Filters->run()
12 SYSTEMPATH/CodeIgniter.php(368): CodeIgniter\CodeIgniter->handleRequest()
13 FCPATH/index.php(66): CodeIgniter\CodeIgniter->run()
CRITICAL - 2023-05-08 07:35:42 --> SQLSTATE[HY000] [2019] Unknown character set
in APPPATH/Core/PdoSingleton.php on line 45.
 1 SYSTEMPATH/Debug/Toolbar/Collectors/Database.php(251): App\Core\PdoSingleton::getConnection()
 2 SYSTEMPATH/Debug/Toolbar/Collectors/Database.php(70): CodeIgniter\Debug\Toolbar\Collectors\Database->getConnections()
 3 SYSTEMPATH/Debug/Toolbar.php(65): CodeIgniter\Debug\Toolbar\Collectors\Database->__construct()
 4 SYSTEMPATH/Config/Services.php(723): CodeIgniter\Debug\Toolbar->__construct()
 5 SYSTEMPATH/Config/BaseService.php(252): CodeIgniter\Config\Services::toolbar()
 6 SYSTEMPATH/Config/BaseService.php(193): CodeIgniter\Config\BaseService::__callStatic()
 7 SYSTEMPATH/Config/Services.php(718): CodeIgniter\Config\BaseService::getSharedInstance()
 8 SYSTEMPATH/Config/BaseService.php(252): CodeIgniter\Config\Services::toolbar()
 9 SYSTEMPATH/Filters/DebugToolbar.php(40): CodeIgniter\Config\BaseService::__callStatic()
10 SYSTEMPATH/Filters/Filters.php(196): CodeIgniter\Filters\DebugToolbar->after()
11 SYSTEMPATH/CodeIgniter.php(519): CodeIgniter\Filters\Filters->run()
12 SYSTEMPATH/CodeIgniter.php(368): CodeIgniter\CodeIgniter->handleRequest()
13 FCPATH/index.php(66): CodeIgniter\CodeIgniter->run()
CRITICAL - 2023-05-08 07:39:29 --> SQLSTATE[HY000] [2019] Unknown character set
in APPPATH/Core/PdoSingleton.php on line 45.
 1 SYSTEMPATH/Debug/Toolbar/Collectors/Database.php(251): App\Core\PdoSingleton::getConnection()
 2 SYSTEMPATH/Debug/Toolbar/Collectors/Database.php(70): CodeIgniter\Debug\Toolbar\Collectors\Database->getConnections()
 3 SYSTEMPATH/Debug/Toolbar.php(65): CodeIgniter\Debug\Toolbar\Collectors\Database->__construct()
 4 SYSTEMPATH/Config/Services.php(723): CodeIgniter\Debug\Toolbar->__construct()
 5 SYSTEMPATH/Config/BaseService.php(252): CodeIgniter\Config\Services::toolbar()
 6 SYSTEMPATH/Config/BaseService.php(193): CodeIgniter\Config\BaseService::__callStatic()
 7 SYSTEMPATH/Config/Services.php(718): CodeIgniter\Config\BaseService::getSharedInstance()
 8 SYSTEMPATH/Config/BaseService.php(252): CodeIgniter\Config\Services::toolbar()
 9 SYSTEMPATH/Filters/DebugToolbar.php(40): CodeIgniter\Config\BaseService::__callStatic()
10 SYSTEMPATH/Filters/Filters.php(196): CodeIgniter\Filters\DebugToolbar->after()
11 SYSTEMPATH/CodeIgniter.php(519): CodeIgniter\Filters\Filters->run()
12 SYSTEMPATH/CodeIgniter.php(368): CodeIgniter\CodeIgniter->handleRequest()
13 FCPATH/index.php(66): CodeIgniter\CodeIgniter->run()
CRITICAL - 2023-05-08 07:41:14 --> SQLSTATE[HY000] [2019] Unknown character set
in APPPATH/Core/PdoSingleton.php on line 45.
 1 SYSTEMPATH/Debug/Toolbar/Collectors/Database.php(251): App\Core\PdoSingleton::getConnection()
 2 SYSTEMPATH/Debug/Toolbar/Collectors/Database.php(70): CodeIgniter\Debug\Toolbar\Collectors\Database->getConnections()
 3 SYSTEMPATH/Debug/Toolbar.php(65): CodeIgniter\Debug\Toolbar\Collectors\Database->__construct()
 4 SYSTEMPATH/Config/Services.php(723): CodeIgniter\Debug\Toolbar->__construct()
 5 SYSTEMPATH/Config/BaseService.php(252): CodeIgniter\Config\Services::toolbar()
 6 SYSTEMPATH/Config/BaseService.php(193): CodeIgniter\Config\BaseService::__callStatic()
 7 SYSTEMPATH/Config/Services.php(718): CodeIgniter\Config\BaseService::getSharedInstance()
 8 SYSTEMPATH/Config/BaseService.php(252): CodeIgniter\Config\Services::toolbar()
 9 SYSTEMPATH/Filters/DebugToolbar.php(40): CodeIgniter\Config\BaseService::__callStatic()
10 SYSTEMPATH/Filters/Filters.php(196): CodeIgniter\Filters\DebugToolbar->after()
11 SYSTEMPATH/CodeIgniter.php(519): CodeIgniter\Filters\Filters->run()
12 SYSTEMPATH/CodeIgniter.php(368): CodeIgniter\CodeIgniter->handleRequest()
13 FCPATH/index.php(66): CodeIgniter\CodeIgniter->run()
CRITICAL - 2023-05-08 07:41:38 --> SQLSTATE[HY000] [2019] Unknown character set
in APPPATH/Core/PdoSingleton.php on line 45.
 1 SYSTEMPATH/Debug/Toolbar/Collectors/Database.php(251): App\Core\PdoSingleton::getConnection()
 2 SYSTEMPATH/Debug/Toolbar/Collectors/Database.php(70): CodeIgniter\Debug\Toolbar\Collectors\Database->getConnections()
 3 SYSTEMPATH/Debug/Toolbar.php(65): CodeIgniter\Debug\Toolbar\Collectors\Database->__construct()
 4 SYSTEMPATH/Config/Services.php(723): CodeIgniter\Debug\Toolbar->__construct()
 5 SYSTEMPATH/Config/BaseService.php(252): CodeIgniter\Config\Services::toolbar()
 6 SYSTEMPATH/Config/BaseService.php(193): CodeIgniter\Config\BaseService::__callStatic()
 7 SYSTEMPATH/Config/Services.php(718): CodeIgniter\Config\BaseService::getSharedInstance()
 8 SYSTEMPATH/Config/BaseService.php(252): CodeIgniter\Config\Services::toolbar()
 9 SYSTEMPATH/Filters/DebugToolbar.php(40): CodeIgniter\Config\BaseService::__callStatic()
10 SYSTEMPATH/Filters/Filters.php(196): CodeIgniter\Filters\DebugToolbar->after()
11 SYSTEMPATH/CodeIgniter.php(519): CodeIgniter\Filters\Filters->run()
12 SYSTEMPATH/CodeIgniter.php(368): CodeIgniter\CodeIgniter->handleRequest()
13 FCPATH/index.php(66): CodeIgniter\CodeIgniter->run()
CRITICAL - 2023-05-08 07:44:55 --> SQLSTATE[HY000] [2019] Unknown character set
in APPPATH/Core/PdoSingleton.php on line 45.
 1 SYSTEMPATH/Debug/Toolbar/Collectors/Database.php(251): App\Core\PdoSingleton::getConnection()
 2 SYSTEMPATH/Debug/Toolbar/Collectors/Database.php(70): CodeIgniter\Debug\Toolbar\Collectors\Database->getConnections()
 3 SYSTEMPATH/Debug/Toolbar.php(65): CodeIgniter\Debug\Toolbar\Collectors\Database->__construct()
 4 SYSTEMPATH/Config/Services.php(723): CodeIgniter\Debug\Toolbar->__construct()
 5 SYSTEMPATH/Config/BaseService.php(252): CodeIgniter\Config\Services::toolbar()
 6 SYSTEMPATH/Config/BaseService.php(193): CodeIgniter\Config\BaseService::__callStatic()
 7 SYSTEMPATH/Config/Services.php(718): CodeIgniter\Config\BaseService::getSharedInstance()
 8 SYSTEMPATH/Config/BaseService.php(252): CodeIgniter\Config\Services::toolbar()
 9 SYSTEMPATH/Filters/DebugToolbar.php(40): CodeIgniter\Config\BaseService::__callStatic()
10 SYSTEMPATH/Filters/Filters.php(196): CodeIgniter\Filters\DebugToolbar->after()
11 SYSTEMPATH/CodeIgniter.php(519): CodeIgniter\Filters\Filters->run()
12 SYSTEMPATH/CodeIgniter.php(368): CodeIgniter\CodeIgniter->handleRequest()
13 FCPATH/index.php(66): CodeIgniter\CodeIgniter->run()
CRITICAL - 2023-05-08 07:45:32 --> SQLSTATE[HY000] [2019] Unknown character set
in APPPATH/Core/PdoSingleton.php on line 45.
 1 SYSTEMPATH/Debug/Toolbar/Collectors/Database.php(251): App\Core\PdoSingleton::getConnection()
 2 SYSTEMPATH/Debug/Toolbar/Collectors/Database.php(70): CodeIgniter\Debug\Toolbar\Collectors\Database->getConnections()
 3 SYSTEMPATH/Debug/Toolbar.php(65): CodeIgniter\Debug\Toolbar\Collectors\Database->__construct()
 4 SYSTEMPATH/Config/Services.php(723): CodeIgniter\Debug\Toolbar->__construct()
 5 SYSTEMPATH/Config/BaseService.php(252): CodeIgniter\Config\Services::toolbar()
 6 SYSTEMPATH/Config/BaseService.php(193): CodeIgniter\Config\BaseService::__callStatic()
 7 SYSTEMPATH/Config/Services.php(718): CodeIgniter\Config\BaseService::getSharedInstance()
 8 SYSTEMPATH/Config/BaseService.php(252): CodeIgniter\Config\Services::toolbar()
 9 SYSTEMPATH/Filters/DebugToolbar.php(40): CodeIgniter\Config\BaseService::__callStatic()
10 SYSTEMPATH/Filters/Filters.php(196): CodeIgniter\Filters\DebugToolbar->after()
11 SYSTEMPATH/CodeIgniter.php(519): CodeIgniter\Filters\Filters->run()
12 SYSTEMPATH/CodeIgniter.php(368): CodeIgniter\CodeIgniter->handleRequest()
13 FCPATH/index.php(66): CodeIgniter\CodeIgniter->run()
CRITICAL - 2023-05-08 07:47:28 --> SQLSTATE[HY000] [2019] Unknown character set
in APPPATH/Core/PdoSingleton.php on line 45.
 1 SYSTEMPATH/Debug/Toolbar/Collectors/Database.php(251): App\Core\PdoSingleton::getConnection()
 2 SYSTEMPATH/Debug/Toolbar/Collectors/Database.php(70): CodeIgniter\Debug\Toolbar\Collectors\Database->getConnections()
 3 SYSTEMPATH/Debug/Toolbar.php(65): CodeIgniter\Debug\Toolbar\Collectors\Database->__construct()
 4 SYSTEMPATH/Config/Services.php(723): CodeIgniter\Debug\Toolbar->__construct()
 5 SYSTEMPATH/Config/BaseService.php(252): CodeIgniter\Config\Services::toolbar()
 6 SYSTEMPATH/Config/BaseService.php(193): CodeIgniter\Config\BaseService::__callStatic()
 7 SYSTEMPATH/Config/Services.php(718): CodeIgniter\Config\BaseService::getSharedInstance()
 8 SYSTEMPATH/Config/BaseService.php(252): CodeIgniter\Config\Services::toolbar()
 9 SYSTEMPATH/Filters/DebugToolbar.php(40): CodeIgniter\Config\BaseService::__callStatic()
10 SYSTEMPATH/Filters/Filters.php(196): CodeIgniter\Filters\DebugToolbar->after()
11 SYSTEMPATH/CodeIgniter.php(519): CodeIgniter\Filters\Filters->run()
12 SYSTEMPATH/CodeIgniter.php(368): CodeIgniter\CodeIgniter->handleRequest()
13 FCPATH/index.php(66): CodeIgniter\CodeIgniter->run()
CRITICAL - 2023-05-08 07:49:35 --> SQLSTATE[HY000] [2019] Unknown character set
in APPPATH/Core/PdoSingleton.php on line 45.
 1 SYSTEMPATH/Debug/Toolbar/Collectors/Database.php(251): App\Core\PdoSingleton::getConnection()
 2 SYSTEMPATH/Debug/Toolbar/Collectors/Database.php(70): CodeIgniter\Debug\Toolbar\Collectors\Database->getConnections()
 3 SYSTEMPATH/Debug/Toolbar.php(65): CodeIgniter\Debug\Toolbar\Collectors\Database->__construct()
 4 SYSTEMPATH/Config/Services.php(723): CodeIgniter\Debug\Toolbar->__construct()
 5 SYSTEMPATH/Config/BaseService.php(252): CodeIgniter\Config\Services::toolbar()
 6 SYSTEMPATH/Config/BaseService.php(193): CodeIgniter\Config\BaseService::__callStatic()
 7 SYSTEMPATH/Config/Services.php(718): CodeIgniter\Config\BaseService::getSharedInstance()
 8 SYSTEMPATH/Config/BaseService.php(252): CodeIgniter\Config\Services::toolbar()
 9 SYSTEMPATH/Filters/DebugToolbar.php(40): CodeIgniter\Config\BaseService::__callStatic()
10 SYSTEMPATH/Filters/Filters.php(196): CodeIgniter\Filters\DebugToolbar->after()
11 SYSTEMPATH/CodeIgniter.php(519): CodeIgniter\Filters\Filters->run()
12 SYSTEMPATH/CodeIgniter.php(368): CodeIgniter\CodeIgniter->handleRequest()
13 FCPATH/index.php(66): CodeIgniter\CodeIgniter->run()
CRITICAL - 2023-05-08 07:50:01 --> SQLSTATE[HY000] [2019] Unknown character set
in APPPATH/Core/PdoSingleton.php on line 45.
 1 SYSTEMPATH/Debug/Toolbar/Collectors/Database.php(251): App\Core\PdoSingleton::getConnection()
 2 SYSTEMPATH/Debug/Toolbar/Collectors/Database.php(70): CodeIgniter\Debug\Toolbar\Collectors\Database->getConnections()
 3 SYSTEMPATH/Debug/Toolbar.php(65): CodeIgniter\Debug\Toolbar\Collectors\Database->__construct()
 4 SYSTEMPATH/Config/Services.php(723): CodeIgniter\Debug\Toolbar->__construct()
 5 SYSTEMPATH/Config/BaseService.php(252): CodeIgniter\Config\Services::toolbar()
 6 SYSTEMPATH/Config/BaseService.php(193): CodeIgniter\Config\BaseService::__callStatic()
 7 SYSTEMPATH/Config/Services.php(718): CodeIgniter\Config\BaseService::getSharedInstance()
 8 SYSTEMPATH/Config/BaseService.php(252): CodeIgniter\Config\Services::toolbar()
 9 SYSTEMPATH/Filters/DebugToolbar.php(40): CodeIgniter\Config\BaseService::__callStatic()
10 SYSTEMPATH/Filters/Filters.php(196): CodeIgniter\Filters\DebugToolbar->after()
11 SYSTEMPATH/CodeIgniter.php(519): CodeIgniter\Filters\Filters->run()
12 SYSTEMPATH/CodeIgniter.php(368): CodeIgniter\CodeIgniter->handleRequest()
13 FCPATH/index.php(66): CodeIgniter\CodeIgniter->run()
CRITICAL - 2023-05-08 07:50:32 --> SQLSTATE[HY000] [2019] Unknown character set
in APPPATH/Core/PdoSingleton.php on line 45.
 1 SYSTEMPATH/Debug/Toolbar/Collectors/Database.php(251): App\Core\PdoSingleton::getConnection()
 2 SYSTEMPATH/Debug/Toolbar/Collectors/Database.php(70): CodeIgniter\Debug\Toolbar\Collectors\Database->getConnections()
 3 SYSTEMPATH/Debug/Toolbar.php(65): CodeIgniter\Debug\Toolbar\Collectors\Database->__construct()
 4 SYSTEMPATH/Config/Services.php(723): CodeIgniter\Debug\Toolbar->__construct()
 5 SYSTEMPATH/Config/BaseService.php(252): CodeIgniter\Config\Services::toolbar()
 6 SYSTEMPATH/Config/BaseService.php(193): CodeIgniter\Config\BaseService::__callStatic()
 7 SYSTEMPATH/Config/Services.php(718): CodeIgniter\Config\BaseService::getSharedInstance()
 8 SYSTEMPATH/Config/BaseService.php(252): CodeIgniter\Config\Services::toolbar()
 9 SYSTEMPATH/Filters/DebugToolbar.php(40): CodeIgniter\Config\BaseService::__callStatic()
10 SYSTEMPATH/Filters/Filters.php(196): CodeIgniter\Filters\DebugToolbar->after()
11 SYSTEMPATH/CodeIgniter.php(519): CodeIgniter\Filters\Filters->run()
12 SYSTEMPATH/CodeIgniter.php(368): CodeIgniter\CodeIgniter->handleRequest()
13 FCPATH/index.php(66): CodeIgniter\CodeIgniter->run()
CRITICAL - 2023-05-08 07:50:48 --> SQLSTATE[HY000] [2019] Unknown character set
in APPPATH/Core/PdoSingleton.php on line 45.
 1 SYSTEMPATH/Debug/Toolbar/Collectors/Database.php(251): App\Core\PdoSingleton::getConnection()
 2 SYSTEMPATH/Debug/Toolbar/Collectors/Database.php(70): CodeIgniter\Debug\Toolbar\Collectors\Database->getConnections()
 3 SYSTEMPATH/Debug/Toolbar.php(65): CodeIgniter\Debug\Toolbar\Collectors\Database->__construct()
 4 SYSTEMPATH/Config/Services.php(723): CodeIgniter\Debug\Toolbar->__construct()
 5 SYSTEMPATH/Config/BaseService.php(252): CodeIgniter\Config\Services::toolbar()
 6 SYSTEMPATH/Config/BaseService.php(193): CodeIgniter\Config\BaseService::__callStatic()
 7 SYSTEMPATH/Config/Services.php(718): CodeIgniter\Config\BaseService::getSharedInstance()
 8 SYSTEMPATH/Config/BaseService.php(252): CodeIgniter\Config\Services::toolbar()
 9 SYSTEMPATH/Filters/DebugToolbar.php(40): CodeIgniter\Config\BaseService::__callStatic()
10 SYSTEMPATH/Filters/Filters.php(196): CodeIgniter\Filters\DebugToolbar->after()
11 SYSTEMPATH/CodeIgniter.php(519): CodeIgniter\Filters\Filters->run()
12 SYSTEMPATH/CodeIgniter.php(368): CodeIgniter\CodeIgniter->handleRequest()
13 FCPATH/index.php(66): CodeIgniter\CodeIgniter->run()
CRITICAL - 2023-05-08 07:51:08 --> SQLSTATE[HY000] [1045] Access denied for user ''@'localhost' (using password: NO)
in APPPATH/Core/PdoSingleton.php on line 45.
 1 SYSTEMPATH/Debug/Toolbar/Collectors/Database.php(251): App\Core\PdoSingleton::getConnection()
 2 SYSTEMPATH/Debug/Toolbar/Collectors/Database.php(70): CodeIgniter\Debug\Toolbar\Collectors\Database->getConnections()
 3 SYSTEMPATH/Debug/Toolbar.php(65): CodeIgniter\Debug\Toolbar\Collectors\Database->__construct()
 4 SYSTEMPATH/Config/Services.php(723): CodeIgniter\Debug\Toolbar->__construct()
 5 SYSTEMPATH/Config/BaseService.php(252): CodeIgniter\Config\Services::toolbar()
 6 SYSTEMPATH/Config/BaseService.php(193): CodeIgniter\Config\BaseService::__callStatic()
 7 SYSTEMPATH/Config/Services.php(718): CodeIgniter\Config\BaseService::getSharedInstance()
 8 SYSTEMPATH/Config/BaseService.php(252): CodeIgniter\Config\Services::toolbar()
 9 SYSTEMPATH/Filters/DebugToolbar.php(40): CodeIgniter\Config\BaseService::__callStatic()
10 SYSTEMPATH/Filters/Filters.php(196): CodeIgniter\Filters\DebugToolbar->after()
11 SYSTEMPATH/CodeIgniter.php(519): CodeIgniter\Filters\Filters->run()
12 SYSTEMPATH/CodeIgniter.php(368): CodeIgniter\CodeIgniter->handleRequest()
13 FCPATH/index.php(66): CodeIgniter\CodeIgniter->run()
CRITICAL - 2023-05-08 07:52:52 --> SQLSTATE[HY000] [1045] Access denied for user ''@'localhost' (using password: NO)
in APPPATH/Core/PdoSingleton.php on line 45.
 1 SYSTEMPATH/Debug/Toolbar/Collectors/Database.php(251): App\Core\PdoSingleton::getConnection()
 2 SYSTEMPATH/Debug/Toolbar/Collectors/Database.php(70): CodeIgniter\Debug\Toolbar\Collectors\Database->getConnections()
 3 SYSTEMPATH/Debug/Toolbar.php(65): CodeIgniter\Debug\Toolbar\Collectors\Database->__construct()
 4 SYSTEMPATH/Config/Services.php(723): CodeIgniter\Debug\Toolbar->__construct()
 5 SYSTEMPATH/Config/BaseService.php(252): CodeIgniter\Config\Services::toolbar()
 6 SYSTEMPATH/Config/BaseService.php(193): CodeIgniter\Config\BaseService::__callStatic()
 7 SYSTEMPATH/Config/Services.php(718): CodeIgniter\Config\BaseService::getSharedInstance()
 8 SYSTEMPATH/Config/BaseService.php(252): CodeIgniter\Config\Services::toolbar()
 9 SYSTEMPATH/Filters/DebugToolbar.php(40): CodeIgniter\Config\BaseService::__callStatic()
10 SYSTEMPATH/Filters/Filters.php(196): CodeIgniter\Filters\DebugToolbar->after()
11 SYSTEMPATH/CodeIgniter.php(519): CodeIgniter\Filters\Filters->run()
12 SYSTEMPATH/CodeIgniter.php(368): CodeIgniter\CodeIgniter->handleRequest()
13 FCPATH/index.php(66): CodeIgniter\CodeIgniter->run()
CRITICAL - 2023-05-08 07:52:56 --> SQLSTATE[HY000] [2019] Unknown character set
in APPPATH/Core/PdoSingleton.php on line 45.
 1 SYSTEMPATH/Debug/Toolbar/Collectors/Database.php(251): App\Core\PdoSingleton::getConnection()
 2 SYSTEMPATH/Debug/Toolbar/Collectors/Database.php(70): CodeIgniter\Debug\Toolbar\Collectors\Database->getConnections()
 3 SYSTEMPATH/Debug/Toolbar.php(65): CodeIgniter\Debug\Toolbar\Collectors\Database->__construct()
 4 SYSTEMPATH/Config/Services.php(723): CodeIgniter\Debug\Toolbar->__construct()
 5 SYSTEMPATH/Config/BaseService.php(252): CodeIgniter\Config\Services::toolbar()
 6 SYSTEMPATH/Config/BaseService.php(193): CodeIgniter\Config\BaseService::__callStatic()
 7 SYSTEMPATH/Config/Services.php(718): CodeIgniter\Config\BaseService::getSharedInstance()
 8 SYSTEMPATH/Config/BaseService.php(252): CodeIgniter\Config\Services::toolbar()
 9 SYSTEMPATH/Filters/DebugToolbar.php(40): CodeIgniter\Config\BaseService::__callStatic()
10 SYSTEMPATH/Filters/Filters.php(196): CodeIgniter\Filters\DebugToolbar->after()
11 SYSTEMPATH/CodeIgniter.php(519): CodeIgniter\Filters\Filters->run()
12 SYSTEMPATH/CodeIgniter.php(368): CodeIgniter\CodeIgniter->handleRequest()
13 FCPATH/index.php(66): CodeIgniter\CodeIgniter->run()
CRITICAL - 2023-05-08 07:53:45 --> SQLSTATE[HY000] [2019] Unknown character set
in APPPATH/Core/PdoSingleton.php on line 45.
 1 SYSTEMPATH/Debug/Toolbar/Collectors/Database.php(251): App\Core\PdoSingleton::getConnection()
 2 SYSTEMPATH/Debug/Toolbar/Collectors/Database.php(70): CodeIgniter\Debug\Toolbar\Collectors\Database->getConnections()
 3 SYSTEMPATH/Debug/Toolbar.php(65): CodeIgniter\Debug\Toolbar\Collectors\Database->__construct()
 4 SYSTEMPATH/Config/Services.php(723): CodeIgniter\Debug\Toolbar->__construct()
 5 SYSTEMPATH/Config/BaseService.php(252): CodeIgniter\Config\Services::toolbar()
 6 SYSTEMPATH/Config/BaseService.php(193): CodeIgniter\Config\BaseService::__callStatic()
 7 SYSTEMPATH/Config/Services.php(718): CodeIgniter\Config\BaseService::getSharedInstance()
 8 SYSTEMPATH/Config/BaseService.php(252): CodeIgniter\Config\Services::toolbar()
 9 SYSTEMPATH/Filters/DebugToolbar.php(40): CodeIgniter\Config\BaseService::__callStatic()
10 SYSTEMPATH/Filters/Filters.php(196): CodeIgniter\Filters\DebugToolbar->after()
11 SYSTEMPATH/CodeIgniter.php(519): CodeIgniter\Filters\Filters->run()
12 SYSTEMPATH/CodeIgniter.php(368): CodeIgniter\CodeIgniter->handleRequest()
13 FCPATH/index.php(66): CodeIgniter\CodeIgniter->run()
CRITICAL - 2023-05-08 07:54:08 --> SQLSTATE[HY000] [2019] Unknown character set
in APPPATH/Core/PdoSingleton.php on line 45.
 1 SYSTEMPATH/Debug/Toolbar/Collectors/Database.php(251): App\Core\PdoSingleton::getConnection()
 2 SYSTEMPATH/Debug/Toolbar/Collectors/Database.php(70): CodeIgniter\Debug\Toolbar\Collectors\Database->getConnections()
 3 SYSTEMPATH/Debug/Toolbar.php(65): CodeIgniter\Debug\Toolbar\Collectors\Database->__construct()
 4 SYSTEMPATH/Config/Services.php(723): CodeIgniter\Debug\Toolbar->__construct()
 5 SYSTEMPATH/Config/BaseService.php(252): CodeIgniter\Config\Services::toolbar()
 6 SYSTEMPATH/Config/BaseService.php(193): CodeIgniter\Config\BaseService::__callStatic()
 7 SYSTEMPATH/Config/Services.php(718): CodeIgniter\Config\BaseService::getSharedInstance()
 8 SYSTEMPATH/Config/BaseService.php(252): CodeIgniter\Config\Services::toolbar()
 9 SYSTEMPATH/Filters/DebugToolbar.php(40): CodeIgniter\Config\BaseService::__callStatic()
10 SYSTEMPATH/Filters/Filters.php(196): CodeIgniter\Filters\DebugToolbar->after()
11 SYSTEMPATH/CodeIgniter.php(519): CodeIgniter\Filters\Filters->run()
12 SYSTEMPATH/CodeIgniter.php(368): CodeIgniter\CodeIgniter->handleRequest()
13 FCPATH/index.php(66): CodeIgniter\CodeIgniter->run()
CRITICAL - 2023-05-08 07:54:43 --> SQLSTATE[HY000] [1045] Access denied for user ''@'localhost' (using password: NO)
in APPPATH/Core/PdoSingleton.php on line 45.
 1 SYSTEMPATH/Debug/Toolbar/Collectors/Database.php(251): App\Core\PdoSingleton::getConnection()
 2 SYSTEMPATH/Debug/Toolbar/Collectors/Database.php(70): CodeIgniter\Debug\Toolbar\Collectors\Database->getConnections()
 3 SYSTEMPATH/Debug/Toolbar.php(65): CodeIgniter\Debug\Toolbar\Collectors\Database->__construct()
 4 SYSTEMPATH/Config/Services.php(723): CodeIgniter\Debug\Toolbar->__construct()
 5 SYSTEMPATH/Config/BaseService.php(252): CodeIgniter\Config\Services::toolbar()
 6 SYSTEMPATH/Config/BaseService.php(193): CodeIgniter\Config\BaseService::__callStatic()
 7 SYSTEMPATH/Config/Services.php(718): CodeIgniter\Config\BaseService::getSharedInstance()
 8 SYSTEMPATH/Config/BaseService.php(252): CodeIgniter\Config\Services::toolbar()
 9 SYSTEMPATH/Filters/DebugToolbar.php(40): CodeIgniter\Config\BaseService::__callStatic()
10 SYSTEMPATH/Filters/Filters.php(196): CodeIgniter\Filters\DebugToolbar->after()
11 SYSTEMPATH/CodeIgniter.php(519): CodeIgniter\Filters\Filters->run()
12 SYSTEMPATH/CodeIgniter.php(368): CodeIgniter\CodeIgniter->handleRequest()
13 FCPATH/index.php(66): CodeIgniter\CodeIgniter->run()
CRITICAL - 2023-05-08 07:54:56 --> SQLSTATE[HY000] [1045] Access denied for user 'admin'@'localhost' (using password: NO)
in APPPATH/Core/PdoSingleton.php on line 45.
 1 SYSTEMPATH/Debug/Toolbar/Collectors/Database.php(251): App\Core\PdoSingleton::getConnection()
 2 SYSTEMPATH/Debug/Toolbar/Collectors/Database.php(70): CodeIgniter\Debug\Toolbar\Collectors\Database->getConnections()
 3 SYSTEMPATH/Debug/Toolbar.php(65): CodeIgniter\Debug\Toolbar\Collectors\Database->__construct()
 4 SYSTEMPATH/Config/Services.php(723): CodeIgniter\Debug\Toolbar->__construct()
 5 SYSTEMPATH/Config/BaseService.php(252): CodeIgniter\Config\Services::toolbar()
 6 SYSTEMPATH/Config/BaseService.php(193): CodeIgniter\Config\BaseService::__callStatic()
 7 SYSTEMPATH/Config/Services.php(718): CodeIgniter\Config\BaseService::getSharedInstance()
 8 SYSTEMPATH/Config/BaseService.php(252): CodeIgniter\Config\Services::toolbar()
 9 SYSTEMPATH/Filters/DebugToolbar.php(40): CodeIgniter\Config\BaseService::__callStatic()
10 SYSTEMPATH/Filters/Filters.php(196): CodeIgniter\Filters\DebugToolbar->after()
11 SYSTEMPATH/CodeIgniter.php(519): CodeIgniter\Filters\Filters->run()
12 SYSTEMPATH/CodeIgniter.php(368): CodeIgniter\CodeIgniter->handleRequest()
13 FCPATH/index.php(66): CodeIgniter\CodeIgniter->run()
CRITICAL - 2023-05-08 07:57:07 --> SQLSTATE[HY000] [1045] Access denied for user ''@'localhost' (using password: NO)
in APPPATH/Core/PdoSingleton.php on line 45.
 1 SYSTEMPATH/Debug/Toolbar/Collectors/Database.php(251): App\Core\PdoSingleton::getConnection()
 2 SYSTEMPATH/Debug/Toolbar/Collectors/Database.php(70): CodeIgniter\Debug\Toolbar\Collectors\Database->getConnections()
 3 SYSTEMPATH/Debug/Toolbar.php(65): CodeIgniter\Debug\Toolbar\Collectors\Database->__construct()
 4 SYSTEMPATH/Config/Services.php(723): CodeIgniter\Debug\Toolbar->__construct()
 5 SYSTEMPATH/Config/BaseService.php(252): CodeIgniter\Config\Services::toolbar()
 6 SYSTEMPATH/Config/BaseService.php(193): CodeIgniter\Config\BaseService::__callStatic()
 7 SYSTEMPATH/Config/Services.php(718): CodeIgniter\Config\BaseService::getSharedInstance()
 8 SYSTEMPATH/Config/BaseService.php(252): CodeIgniter\Config\Services::toolbar()
 9 SYSTEMPATH/Filters/DebugToolbar.php(40): CodeIgniter\Config\BaseService::__callStatic()
10 SYSTEMPATH/Filters/Filters.php(196): CodeIgniter\Filters\DebugToolbar->after()
11 SYSTEMPATH/CodeIgniter.php(519): CodeIgniter\Filters\Filters->run()
12 SYSTEMPATH/CodeIgniter.php(368): CodeIgniter\CodeIgniter->handleRequest()
13 FCPATH/index.php(66): CodeIgniter\CodeIgniter->run()
CRITICAL - 2023-05-08 08:02:57 --> SQLSTATE[HY000] [1045] Access denied for user ''@'localhost' (using password: NO)
in APPPATH/Core/PdoSingleton.php on line 45.
 1 SYSTEMPATH/Debug/Toolbar/Collectors/Database.php(251): App\Core\PdoSingleton::getConnection()
 2 SYSTEMPATH/Debug/Toolbar/Collectors/Database.php(70): CodeIgniter\Debug\Toolbar\Collectors\Database->getConnections()
 3 SYSTEMPATH/Debug/Toolbar.php(65): CodeIgniter\Debug\Toolbar\Collectors\Database->__construct()
 4 SYSTEMPATH/Config/Services.php(723): CodeIgniter\Debug\Toolbar->__construct()
 5 SYSTEMPATH/Config/BaseService.php(252): CodeIgniter\Config\Services::toolbar()
 6 SYSTEMPATH/Config/BaseService.php(193): CodeIgniter\Config\BaseService::__callStatic()
 7 SYSTEMPATH/Config/Services.php(718): CodeIgniter\Config\BaseService::getSharedInstance()
 8 SYSTEMPATH/Config/BaseService.php(252): CodeIgniter\Config\Services::toolbar()
 9 SYSTEMPATH/Filters/DebugToolbar.php(40): CodeIgniter\Config\BaseService::__callStatic()
10 SYSTEMPATH/Filters/Filters.php(196): CodeIgniter\Filters\DebugToolbar->after()
11 SYSTEMPATH/CodeIgniter.php(519): CodeIgniter\Filters\Filters->run()
12 SYSTEMPATH/CodeIgniter.php(368): CodeIgniter\CodeIgniter->handleRequest()
13 FCPATH/index.php(66): CodeIgniter\CodeIgniter->run()
CRITICAL - 2023-05-08 08:07:10 --> SQLSTATE[HY000] [1045] Access denied for user ''@'localhost' (using password: YES)
in APPPATH/Core/PdoSingleton.php on line 45.
 1 SYSTEMPATH/Debug/Toolbar/Collectors/Database.php(251): App\Core\PdoSingleton::getConnection()
 2 SYSTEMPATH/Debug/Toolbar/Collectors/Database.php(70): CodeIgniter\Debug\Toolbar\Collectors\Database->getConnections()
 3 SYSTEMPATH/Debug/Toolbar.php(65): CodeIgniter\Debug\Toolbar\Collectors\Database->__construct()
 4 SYSTEMPATH/Config/Services.php(723): CodeIgniter\Debug\Toolbar->__construct()
 5 SYSTEMPATH/Config/BaseService.php(252): CodeIgniter\Config\Services::toolbar()
 6 SYSTEMPATH/Config/BaseService.php(193): CodeIgniter\Config\BaseService::__callStatic()
 7 SYSTEMPATH/Config/Services.php(718): CodeIgniter\Config\BaseService::getSharedInstance()
 8 SYSTEMPATH/Config/BaseService.php(252): CodeIgniter\Config\Services::toolbar()
 9 SYSTEMPATH/Filters/DebugToolbar.php(40): CodeIgniter\Config\BaseService::__callStatic()
10 SYSTEMPATH/Filters/Filters.php(196): CodeIgniter\Filters\DebugToolbar->after()
11 SYSTEMPATH/CodeIgniter.php(519): CodeIgniter\Filters\Filters->run()
12 SYSTEMPATH/CodeIgniter.php(368): CodeIgniter\CodeIgniter->handleRequest()
13 FCPATH/index.php(66): CodeIgniter\CodeIgniter->run()
CRITICAL - 2023-05-08 10:50:49 --> Call to undefined method App\Controllers\Home::view()
in APPPATH/Controllers/Home.php on line 9.
 1 SYSTEMPATH/CodeIgniter.php(934): App\Controllers\Home->index()
 2 SYSTEMPATH/CodeIgniter.php(499): CodeIgniter\CodeIgniter->runController()
 3 SYSTEMPATH/CodeIgniter.php(368): CodeIgniter\CodeIgniter->handleRequest()
 4 FCPATH/index.php(68): CodeIgniter\CodeIgniter->run()
CRITICAL - 2023-05-08 11:01:03 --> Call to undefined function UI\run()
in APPPATH/Config/Routes.php on line 12.
 1 SYSTEMPATH/Router/RouteCollection.php(267): require()
 2 SYSTEMPATH/CodeIgniter.php(802): CodeIgniter\Router\RouteCollection->loadRoutes()
 3 SYSTEMPATH/CodeIgniter.php(449): CodeIgniter\CodeIgniter->tryToRouteIt()
 4 SYSTEMPATH/CodeIgniter.php(368): CodeIgniter\CodeIgniter->handleRequest()
 5 FCPATH/index.php(68): CodeIgniter\CodeIgniter->run()
CRITICAL - 2023-05-08 11:01:34 --> Invalid file: "/template/header.template.php"
in SYSTEMPATH/Exceptions/FrameworkException.php on line 33.
 1 SYSTEMPATH/View/View.php(201): CodeIgniter\Exceptions\FrameworkException::forInvalidFile()
 2 SYSTEMPATH/Common.php(1184): CodeIgniter\View\View->render()
 3 APPPATH/Controllers/Home.php(9): view()
 4 SYSTEMPATH/CodeIgniter.php(934): App\Controllers\Home->index()
 5 SYSTEMPATH/CodeIgniter.php(499): CodeIgniter\CodeIgniter->runController()
 6 SYSTEMPATH/CodeIgniter.php(368): CodeIgniter\CodeIgniter->handleRequest()
 7 FCPATH/index.php(68): CodeIgniter\CodeIgniter->run()
CRITICAL - 2023-05-08 11:01:50 --> Invalid file: "/template/header.template.php"
in SYSTEMPATH/Exceptions/FrameworkException.php on line 33.
 1 SYSTEMPATH/View/View.php(201): CodeIgniter\Exceptions\FrameworkException::forInvalidFile()
 2 SYSTEMPATH/Common.php(1184): CodeIgniter\View\View->render()
 3 APPPATH/Controllers/Home.php(9): view()
 4 SYSTEMPATH/CodeIgniter.php(934): App\Controllers\Home->index()
 5 SYSTEMPATH/CodeIgniter.php(499): CodeIgniter\CodeIgniter->runController()
 6 SYSTEMPATH/CodeIgniter.php(368): CodeIgniter\CodeIgniter->handleRequest()
 7 FCPATH/index.php(68): CodeIgniter\CodeIgniter->run()
CRITICAL - 2023-05-08 11:01:51 --> Invalid file: "/template/header.template.php"
in SYSTEMPATH/Exceptions/FrameworkException.php on line 33.
 1 SYSTEMPATH/View/View.php(201): CodeIgniter\Exceptions\FrameworkException::forInvalidFile()
 2 SYSTEMPATH/Common.php(1184): CodeIgniter\View\View->render()
 3 APPPATH/Controllers/Home.php(9): view()
 4 SYSTEMPATH/CodeIgniter.php(934): App\Controllers\Home->index()
 5 SYSTEMPATH/CodeIgniter.php(499): CodeIgniter\CodeIgniter->runController()
 6 SYSTEMPATH/CodeIgniter.php(368): CodeIgniter\CodeIgniter->handleRequest()
 7 FCPATH/index.php(68): CodeIgniter\CodeIgniter->run()
CRITICAL - 2023-05-08 11:02:24 --> Invalid file: "/template/header.template.php"
in SYSTEMPATH/Exceptions/FrameworkException.php on line 33.
 1 SYSTEMPATH/View/View.php(201): CodeIgniter\Exceptions\FrameworkException::forInvalidFile()
 2 SYSTEMPATH/Common.php(1184): CodeIgniter\View\View->render()
 3 APPPATH/Controllers/Home.php(9): view()
 4 SYSTEMPATH/CodeIgniter.php(934): App\Controllers\Home->index()
 5 SYSTEMPATH/CodeIgniter.php(499): CodeIgniter\CodeIgniter->runController()
 6 SYSTEMPATH/CodeIgniter.php(368): CodeIgniter\CodeIgniter->handleRequest()
 7 FCPATH/index.php(68): CodeIgniter\CodeIgniter->run()
CRITICAL - 2023-05-08 11:04:09 --> Invalid file: "template/header.template.php"
in SYSTEMPATH/Exceptions/FrameworkException.php on line 33.
 1 SYSTEMPATH/View/View.php(201): CodeIgniter\Exceptions\FrameworkException::forInvalidFile()
 2 SYSTEMPATH/Common.php(1184): CodeIgniter\View\View->render()
 3 APPPATH/Controllers/Home.php(9): view()
 4 SYSTEMPATH/CodeIgniter.php(934): App\Controllers\Home->index()
 5 SYSTEMPATH/CodeIgniter.php(499): CodeIgniter\CodeIgniter->runController()
 6 SYSTEMPATH/CodeIgniter.php(368): CodeIgniter\CodeIgniter->handleRequest()
 7 FCPATH/index.php(68): CodeIgniter\CodeIgniter->run()
CRITICAL - 2023-05-08 11:04:42 --> Invalid file: "template/header.template.php"
in SYSTEMPATH/Exceptions/FrameworkException.php on line 33.
 1 SYSTEMPATH/View/View.php(201): CodeIgniter\Exceptions\FrameworkException::forInvalidFile()
 2 SYSTEMPATH/Common.php(1184): CodeIgniter\View\View->render()
 3 APPPATH/Controllers/Home.php(9): view()
 4 SYSTEMPATH/CodeIgniter.php(934): App\Controllers\Home->index()
 5 SYSTEMPATH/CodeIgniter.php(499): CodeIgniter\CodeIgniter->runController()
 6 SYSTEMPATH/CodeIgniter.php(368): CodeIgniter\CodeIgniter->handleRequest()
 7 FCPATH/index.php(68): CodeIgniter\CodeIgniter->run()
CRITICAL - 2023-05-08 11:04:44 --> Invalid file: "template/header.template.php"
in SYSTEMPATH/Exceptions/FrameworkException.php on line 33.
 1 SYSTEMPATH/View/View.php(201): CodeIgniter\Exceptions\FrameworkException::forInvalidFile()
 2 SYSTEMPATH/Common.php(1184): CodeIgniter\View\View->render()
 3 APPPATH/Controllers/Home.php(9): view()
 4 SYSTEMPATH/CodeIgniter.php(934): App\Controllers\Home->index()
 5 SYSTEMPATH/CodeIgniter.php(499): CodeIgniter\CodeIgniter->runController()
 6 SYSTEMPATH/CodeIgniter.php(368): CodeIgniter\CodeIgniter->handleRequest()
 7 FCPATH/index.php(68): CodeIgniter\CodeIgniter->run()
CRITICAL - 2023-05-08 11:04:52 --> Invalid file: "templates/header.template.php"
in SYSTEMPATH/Exceptions/FrameworkException.php on line 33.
 1 SYSTEMPATH/View/View.php(201): CodeIgniter\Exceptions\FrameworkException::forInvalidFile()
 2 SYSTEMPATH/Common.php(1184): CodeIgniter\View\View->render()
 3 APPPATH/Controllers/Home.php(9): view()
 4 SYSTEMPATH/CodeIgniter.php(934): App\Controllers\Home->index()
 5 SYSTEMPATH/CodeIgniter.php(499): CodeIgniter\CodeIgniter->runController()
 6 SYSTEMPATH/CodeIgniter.php(368): CodeIgniter\CodeIgniter->handleRequest()
 7 FCPATH/index.php(68): CodeIgniter\CodeIgniter->run()
CRITICAL - 2023-05-08 11:04:54 --> Invalid file: "templates/header.template.php"
in SYSTEMPATH/Exceptions/FrameworkException.php on line 33.
 1 SYSTEMPATH/View/View.php(201): CodeIgniter\Exceptions\FrameworkException::forInvalidFile()
 2 SYSTEMPATH/Common.php(1184): CodeIgniter\View\View->render()
 3 APPPATH/Controllers/Home.php(9): view()
 4 SYSTEMPATH/CodeIgniter.php(934): App\Controllers\Home->index()
 5 SYSTEMPATH/CodeIgniter.php(499): CodeIgniter\CodeIgniter->runController()
 6 SYSTEMPATH/CodeIgniter.php(368): CodeIgniter\CodeIgniter->handleRequest()
 7 FCPATH/index.php(68): CodeIgniter\CodeIgniter->run()
CRITICAL - 2023-05-08 11:05:08 --> Invalid file: "templates/header.template"
in SYSTEMPATH/Exceptions/FrameworkException.php on line 33.
 1 SYSTEMPATH/View/View.php(201): CodeIgniter\Exceptions\FrameworkException::forInvalidFile()
 2 SYSTEMPATH/Common.php(1184): CodeIgniter\View\View->render()
 3 APPPATH/Controllers/Home.php(9): view()
 4 SYSTEMPATH/CodeIgniter.php(934): App\Controllers\Home->index()
 5 SYSTEMPATH/CodeIgniter.php(499): CodeIgniter\CodeIgniter->runController()
 6 SYSTEMPATH/CodeIgniter.php(368): CodeIgniter\CodeIgniter->handleRequest()
 7 FCPATH/index.php(68): CodeIgniter\CodeIgniter->run()
CRITICAL - 2023-05-08 11:05:20 --> Invalid file: "/templates/header.template"
in SYSTEMPATH/Exceptions/FrameworkException.php on line 33.
 1 SYSTEMPATH/View/View.php(201): CodeIgniter\Exceptions\FrameworkException::forInvalidFile()
 2 SYSTEMPATH/Common.php(1184): CodeIgniter\View\View->render()
 3 APPPATH/Controllers/Home.php(9): view()
 4 SYSTEMPATH/CodeIgniter.php(934): App\Controllers\Home->index()
 5 SYSTEMPATH/CodeIgniter.php(499): CodeIgniter\CodeIgniter->runController()
 6 SYSTEMPATH/CodeIgniter.php(368): CodeIgniter\CodeIgniter->handleRequest()
 7 FCPATH/index.php(68): CodeIgniter\CodeIgniter->run()
CRITICAL - 2023-05-08 11:14:18 --> Invalid file: "header.template"
in SYSTEMPATH/Exceptions/FrameworkException.php on line 33.
 1 SYSTEMPATH/View/View.php(201): CodeIgniter\Exceptions\FrameworkException::forInvalidFile()
 2 SYSTEMPATH/Common.php(1184): CodeIgniter\View\View->render()
 3 APPPATH/Controllers/Home.php(9): view()
 4 SYSTEMPATH/CodeIgniter.php(934): App\Controllers\Home->index()
 5 SYSTEMPATH/CodeIgniter.php(499): CodeIgniter\CodeIgniter->runController()
 6 SYSTEMPATH/CodeIgniter.php(368): CodeIgniter\CodeIgniter->handleRequest()
 7 FCPATH/index.php(68): CodeIgniter\CodeIgniter->run()
