CRITICAL - 2023-05-22 09:28:57 --> Argument 1 passed to CodeIgniter\BaseModel::replace() must be of the type array or null, string given, called in /home/dev/www/ProxectoFinFp/Proxecto/app/Models/UsuariosModel.php on line 22
in SYSTEMPATH/BaseModel.php on line 1129.
 1 APPPATH/Models/UsuariosModel.php(22): CodeIgniter\BaseModel->replace()
 2 APPPATH/Controllers/UsuarioController.php(37): App\Models\UsuariosModel->bajaUser()
 3 SYSTEMPATH/CodeIgniter.php(934): App\Controllers\UsuarioController->bajaUser()
 4 SYSTEMPATH/CodeIgniter.php(499): CodeIgniter\CodeIgniter->runController()
 5 SYSTEMPATH/CodeIgniter.php(368): CodeIgniter\CodeIgniter->handleRequest()
 6 FCPATH/index.php(68): CodeIgniter\CodeIgniter->run()
CRITICAL - 2023-05-22 09:31:01 --> Undefined offset: 0
in APPPATH/Models/UsuariosModel.php on line 18.
 1 APPPATH/Models/UsuariosModel.php(18): CodeIgniter\Debug\Exceptions->errorHandler()
 2 APPPATH/Controllers/UsuarioController.php(36): App\Models\UsuariosModel->getProfile()
 3 SYSTEMPATH/CodeIgniter.php(934): App\Controllers\UsuarioController->bajaUser()
 4 SYSTEMPATH/CodeIgniter.php(499): CodeIgniter\CodeIgniter->runController()
 5 SYSTEMPATH/CodeIgniter.php(368): CodeIgniter\CodeIgniter->handleRequest()
 6 FCPATH/index.php(68): CodeIgniter\CodeIgniter->run()
CRITICAL - 2023-05-22 09:44:11 --> Undefined index: usuario_baja
in APPPATH/Models/UsuariosModel.php on line 24.
 1 APPPATH/Models/UsuariosModel.php(24): CodeIgniter\Debug\Exceptions->errorHandler()
 2 APPPATH/Controllers/UsuarioController.php(36): App\Models\UsuariosModel->bajaUser()
 3 SYSTEMPATH/CodeIgniter.php(934): App\Controllers\UsuarioController->bajaUser()
 4 SYSTEMPATH/CodeIgniter.php(499): CodeIgniter\CodeIgniter->runController()
 5 SYSTEMPATH/CodeIgniter.php(368): CodeIgniter\CodeIgniter->handleRequest()
 6 FCPATH/index.php(68): CodeIgniter\CodeIgniter->run()
CRITICAL - 2023-05-22 09:44:14 --> Undefined index: usuario_baja
in APPPATH/Models/UsuariosModel.php on line 24.
 1 APPPATH/Models/UsuariosModel.php(24): CodeIgniter\Debug\Exceptions->errorHandler()
 2 APPPATH/Controllers/UsuarioController.php(36): App\Models\UsuariosModel->bajaUser()
 3 SYSTEMPATH/CodeIgniter.php(934): App\Controllers\UsuarioController->bajaUser()
 4 SYSTEMPATH/CodeIgniter.php(499): CodeIgniter\CodeIgniter->runController()
 5 SYSTEMPATH/CodeIgniter.php(368): CodeIgniter\CodeIgniter->handleRequest()
 6 FCPATH/index.php(68): CodeIgniter\CodeIgniter->run()
CRITICAL - 2023-05-22 09:52:58 --> Undefined index: usuarios
in APPPATH/Models/UsuariosModel.php on line 24.
 1 APPPATH/Models/UsuariosModel.php(24): CodeIgniter\Debug\Exceptions->errorHandler()
 2 APPPATH/Controllers/UsuarioController.php(36): App\Models\UsuariosModel->bajaAltaUser()
 3 SYSTEMPATH/CodeIgniter.php(934): App\Controllers\UsuarioController->bajaAltaUser()
 4 SYSTEMPATH/CodeIgniter.php(499): CodeIgniter\CodeIgniter->runController()
 5 SYSTEMPATH/CodeIgniter.php(368): CodeIgniter\CodeIgniter->handleRequest()
 6 FCPATH/index.php(68): CodeIgniter\CodeIgniter->run()
CRITICAL - 2023-05-22 09:55:14 --> Return value of CodeIgniter\BaseModel::transformDataToArray() must be of the type array, int returned
in SYSTEMPATH/BaseModel.php on line 1706.
 1 SYSTEMPATH/BaseModel.php(910): CodeIgniter\BaseModel->transformDataToArray()
 2 SYSTEMPATH/Model.php(756): CodeIgniter\BaseModel->update()
 3 APPPATH/Models/UsuariosModel.php(25): CodeIgniter\Model->update()
 4 APPPATH/Controllers/UsuarioController.php(36): App\Models\UsuariosModel->bajaAltaUser()
 5 SYSTEMPATH/CodeIgniter.php(934): App\Controllers\UsuarioController->bajaAltaUser()
 6 SYSTEMPATH/CodeIgniter.php(499): CodeIgniter\CodeIgniter->runController()
 7 SYSTEMPATH/CodeIgniter.php(368): CodeIgniter\CodeIgniter->handleRequest()
 8 FCPATH/index.php(68): CodeIgniter\CodeIgniter->run()
CRITICAL - 2023-05-22 09:55:41 --> Call to undefined method App\Models\UsuariosModel::updateField
in SYSTEMPATH/Model.php on line 842.
 1 APPPATH/Models/UsuariosModel.php(25): CodeIgniter\Model->__call()
 2 APPPATH/Controllers/UsuarioController.php(36): App\Models\UsuariosModel->bajaAltaUser()
 3 SYSTEMPATH/CodeIgniter.php(934): App\Controllers\UsuarioController->bajaAltaUser()
 4 SYSTEMPATH/CodeIgniter.php(499): CodeIgniter\CodeIgniter->runController()
 5 SYSTEMPATH/CodeIgniter.php(368): CodeIgniter\CodeIgniter->handleRequest()
 6 FCPATH/index.php(68): CodeIgniter\CodeIgniter->run()
CRITICAL - 2023-05-22 09:56:04 --> Call to undefined method App\Models\UsuariosModel::updatedField
in SYSTEMPATH/Model.php on line 842.
 1 APPPATH/Models/UsuariosModel.php(25): CodeIgniter\Model->__call()
 2 APPPATH/Controllers/UsuarioController.php(36): App\Models\UsuariosModel->bajaAltaUser()
 3 SYSTEMPATH/CodeIgniter.php(934): App\Controllers\UsuarioController->bajaAltaUser()
 4 SYSTEMPATH/CodeIgniter.php(499): CodeIgniter\CodeIgniter->runController()
 5 SYSTEMPATH/CodeIgniter.php(368): CodeIgniter\CodeIgniter->handleRequest()
 6 FCPATH/index.php(68): CodeIgniter\CodeIgniter->run()
CRITICAL - 2023-05-22 10:02:14 --> Undefined variable: user
in APPPATH/Models/UsuariosModel.php on line 22.
 1 APPPATH/Models/UsuariosModel.php(22): CodeIgniter\Debug\Exceptions->errorHandler()
 2 APPPATH/Controllers/UsuarioController.php(36): App\Models\UsuariosModel->bajaAltaUser()
 3 SYSTEMPATH/CodeIgniter.php(934): App\Controllers\UsuarioController->bajaAltaUser()
 4 SYSTEMPATH/CodeIgniter.php(499): CodeIgniter\CodeIgniter->runController()
 5 SYSTEMPATH/CodeIgniter.php(368): CodeIgniter\CodeIgniter->handleRequest()
 6 FCPATH/index.php(68): CodeIgniter\CodeIgniter->run()
CRITICAL - 2023-05-22 10:02:45 --> Call to undefined function App\Models\getProfile()
in APPPATH/Models/UsuariosModel.php on line 22.
 1 APPPATH/Controllers/UsuarioController.php(36): App\Models\UsuariosModel->bajaAltaUser()
 2 SYSTEMPATH/CodeIgniter.php(934): App\Controllers\UsuarioController->bajaAltaUser()
 3 SYSTEMPATH/CodeIgniter.php(499): CodeIgniter\CodeIgniter->runController()
 4 SYSTEMPATH/CodeIgniter.php(368): CodeIgniter\CodeIgniter->handleRequest()
 5 FCPATH/index.php(68): CodeIgniter\CodeIgniter->run()
CRITICAL - 2023-05-22 10:03:39 --> Undefined index: user
in APPPATH/Models/UsuariosModel.php on line 23.
 1 APPPATH/Models/UsuariosModel.php(23): CodeIgniter\Debug\Exceptions->errorHandler()
 2 APPPATH/Controllers/UsuarioController.php(36): App\Models\UsuariosModel->bajaAltaUser()
 3 SYSTEMPATH/CodeIgniter.php(934): App\Controllers\UsuarioController->bajaAltaUser()
 4 SYSTEMPATH/CodeIgniter.php(499): CodeIgniter\CodeIgniter->runController()
 5 SYSTEMPATH/CodeIgniter.php(368): CodeIgniter\CodeIgniter->handleRequest()
 6 FCPATH/index.php(68): CodeIgniter\CodeIgniter->run()
