CRITICAL - 2023-05-30 05:54:15 --> Can't use method return value in write context
in APPPATH/Models/UsuariosModel.php on line 28.
 1 [internal function]: CodeIgniter\Debug\Exceptions->shutdownHandler()
CRITICAL - 2023-05-30 06:00:05 --> Undefined index: pedidos
in APPPATH/Views/templates/head.template.php on line 46.
 1 APPPATH/Views/templates/head.template.php(46): CodeIgniter\Debug\Exceptions->errorHandler()
 2 SYSTEMPATH/View/View.php(213): include('/home/dev/www/ProxectoFinFp/Proxecto/app/Views/templates/head.template.php')
 3 SYSTEMPATH/View/View.php(216): CodeIgniter\View\View->CodeIgniter\View\{closure}()
 4 SYSTEMPATH/Common.php(1184): CodeIgniter\View\View->render()
 5 APPPATH/Controllers/InicioController.php(11): view()
 6 SYSTEMPATH/CodeIgniter.php(934): App\Controllers\InicioController->index()
 7 SYSTEMPATH/CodeIgniter.php(499): CodeIgniter\CodeIgniter->runController()
 8 SYSTEMPATH/CodeIgniter.php(368): CodeIgniter\CodeIgniter->handleRequest()
 9 FCPATH/index.php(68): CodeIgniter\CodeIgniter->run()
CRITICAL - 2023-05-30 06:01:00 --> Undefined index: pedidos
in APPPATH/Views/templates/head.template.php on line 47.
 1 APPPATH/Views/templates/head.template.php(47): CodeIgniter\Debug\Exceptions->errorHandler()
 2 SYSTEMPATH/View/View.php(213): include('/home/dev/www/ProxectoFinFp/Proxecto/app/Views/templates/head.template.php')
 3 SYSTEMPATH/View/View.php(216): CodeIgniter\View\View->CodeIgniter\View\{closure}()
 4 SYSTEMPATH/Common.php(1184): CodeIgniter\View\View->render()
 5 APPPATH/Controllers/InicioController.php(11): view()
 6 SYSTEMPATH/CodeIgniter.php(934): App\Controllers\InicioController->index()
 7 SYSTEMPATH/CodeIgniter.php(499): CodeIgniter\CodeIgniter->runController()
 8 SYSTEMPATH/CodeIgniter.php(368): CodeIgniter\CodeIgniter->handleRequest()
 9 FCPATH/index.php(68): CodeIgniter\CodeIgniter->run()
CRITICAL - 2023-05-30 06:01:07 --> strpos() expects parameter 1 to be string, array given
in APPPATH/Views/templates/head.template.php on line 47.
 1 [internal function]: CodeIgniter\Debug\Exceptions->errorHandler()
 2 APPPATH/Views/templates/head.template.php(47): strpos()
 3 SYSTEMPATH/View/View.php(213): include('/home/dev/www/ProxectoFinFp/Proxecto/app/Views/templates/head.template.php')
 4 SYSTEMPATH/View/View.php(216): CodeIgniter\View\View->CodeIgniter\View\{closure}()
 5 SYSTEMPATH/Common.php(1184): CodeIgniter\View\View->render()
 6 APPPATH/Controllers/InicioController.php(11): view()
 7 SYSTEMPATH/CodeIgniter.php(934): App\Controllers\InicioController->index()
 8 SYSTEMPATH/CodeIgniter.php(499): CodeIgniter\CodeIgniter->runController()
 9 SYSTEMPATH/CodeIgniter.php(368): CodeIgniter\CodeIgniter->handleRequest()
10 FCPATH/index.php(68): CodeIgniter\CodeIgniter->run()
CRITICAL - 2023-05-30 06:12:42 --> Undefined variable: session
in APPPATH/Views/templates/head.template.php on line 39.
 1 APPPATH/Views/templates/head.template.php(39): CodeIgniter\Debug\Exceptions->errorHandler()
 2 SYSTEMPATH/View/View.php(213): include('/home/dev/www/ProxectoFinFp/Proxecto/app/Views/templates/head.template.php')
 3 SYSTEMPATH/View/View.php(216): CodeIgniter\View\View->CodeIgniter\View\{closure}()
 4 SYSTEMPATH/Common.php(1184): CodeIgniter\View\View->render()
 5 APPPATH/Controllers/UsuarioController.php(28): view()
 6 SYSTEMPATH/CodeIgniter.php(934): App\Controllers\UsuarioController->procesarLogin()
 7 SYSTEMPATH/CodeIgniter.php(499): CodeIgniter\CodeIgniter->runController()
 8 SYSTEMPATH/CodeIgniter.php(368): CodeIgniter\CodeIgniter->handleRequest()
 9 FCPATH/index.php(68): CodeIgniter\CodeIgniter->run()
CRITICAL - 2023-05-30 06:16:30 --> syntax error, unexpected end of file
in APPPATH/Views/templates/head.template.php on line 55.
 1 SYSTEMPATH/View/View.php(216): CodeIgniter\View\View->CodeIgniter\View\{closure}()
 2 SYSTEMPATH/Common.php(1184): CodeIgniter\View\View->render()
 3 APPPATH/Controllers/InicioController.php(11): view()
 4 SYSTEMPATH/CodeIgniter.php(934): App\Controllers\InicioController->index()
 5 SYSTEMPATH/CodeIgniter.php(499): CodeIgniter\CodeIgniter->runController()
 6 SYSTEMPATH/CodeIgniter.php(368): CodeIgniter\CodeIgniter->handleRequest()
 7 FCPATH/index.php(68): CodeIgniter\CodeIgniter->run()
CRITICAL - 2023-05-30 06:48:35 --> Undefined variable: usuario
in APPPATH/Views/login.php on line 31.
 1 APPPATH/Views/login.php(31): CodeIgniter\Debug\Exceptions->errorHandler()
 2 SYSTEMPATH/View/View.php(213): include('/home/dev/www/ProxectoFinFp/Proxecto/app/Views/login.php')
 3 SYSTEMPATH/View/View.php(216): CodeIgniter\View\View->CodeIgniter\View\{closure}()
 4 SYSTEMPATH/Common.php(1184): CodeIgniter\View\View->render()
 5 APPPATH/Controllers/UsuarioController.php(12): view()
 6 SYSTEMPATH/CodeIgniter.php(934): App\Controllers\UsuarioController->mostrarLogin()
 7 SYSTEMPATH/CodeIgniter.php(499): CodeIgniter\CodeIgniter->runController()
 8 SYSTEMPATH/CodeIgniter.php(368): CodeIgniter\CodeIgniter->handleRequest()
 9 FCPATH/index.php(68): CodeIgniter\CodeIgniter->run()
CRITICAL - 2023-05-30 06:48:49 --> Undefined variable: usuario
in APPPATH/Views/login.php on line 31.
 1 APPPATH/Views/login.php(31): CodeIgniter\Debug\Exceptions->errorHandler()
 2 SYSTEMPATH/View/View.php(213): include('/home/dev/www/ProxectoFinFp/Proxecto/app/Views/login.php')
 3 SYSTEMPATH/View/View.php(216): CodeIgniter\View\View->CodeIgniter\View\{closure}()
 4 SYSTEMPATH/Common.php(1184): CodeIgniter\View\View->render()
 5 APPPATH/Controllers/UsuarioController.php(12): view()
 6 SYSTEMPATH/CodeIgniter.php(934): App\Controllers\UsuarioController->mostrarLogin()
 7 SYSTEMPATH/CodeIgniter.php(499): CodeIgniter\CodeIgniter->runController()
 8 SYSTEMPATH/CodeIgniter.php(368): CodeIgniter\CodeIgniter->handleRequest()
 9 FCPATH/index.php(68): CodeIgniter\CodeIgniter->run()
CRITICAL - 2023-05-30 06:48:53 --> Undefined variable: usuario
in APPPATH/Views/login.php on line 31.
 1 APPPATH/Views/login.php(31): CodeIgniter\Debug\Exceptions->errorHandler()
 2 SYSTEMPATH/View/View.php(213): include('/home/dev/www/ProxectoFinFp/Proxecto/app/Views/login.php')
 3 SYSTEMPATH/View/View.php(216): CodeIgniter\View\View->CodeIgniter\View\{closure}()
 4 SYSTEMPATH/Common.php(1184): CodeIgniter\View\View->render()
 5 APPPATH/Controllers/UsuarioController.php(12): view()
 6 SYSTEMPATH/CodeIgniter.php(934): App\Controllers\UsuarioController->mostrarLogin()
 7 SYSTEMPATH/CodeIgniter.php(499): CodeIgniter\CodeIgniter->runController()
 8 SYSTEMPATH/CodeIgniter.php(368): CodeIgniter\CodeIgniter->handleRequest()
 9 FCPATH/index.php(68): CodeIgniter\CodeIgniter->run()
CRITICAL - 2023-05-30 06:48:55 --> Undefined variable: usuario
in APPPATH/Views/login.php on line 31.
 1 APPPATH/Views/login.php(31): CodeIgniter\Debug\Exceptions->errorHandler()
 2 SYSTEMPATH/View/View.php(213): include('/home/dev/www/ProxectoFinFp/Proxecto/app/Views/login.php')
 3 SYSTEMPATH/View/View.php(216): CodeIgniter\View\View->CodeIgniter\View\{closure}()
 4 SYSTEMPATH/Common.php(1184): CodeIgniter\View\View->render()
 5 APPPATH/Controllers/UsuarioController.php(12): view()
 6 SYSTEMPATH/CodeIgniter.php(934): App\Controllers\UsuarioController->mostrarLogin()
 7 SYSTEMPATH/CodeIgniter.php(499): CodeIgniter\CodeIgniter->runController()
 8 SYSTEMPATH/CodeIgniter.php(368): CodeIgniter\CodeIgniter->handleRequest()
 9 FCPATH/index.php(68): CodeIgniter\CodeIgniter->run()
CRITICAL - 2023-05-30 07:05:36 --> Undefined variable: usuario
in APPPATH/Views/login.php on line 31.
 1 APPPATH/Views/login.php(31): CodeIgniter\Debug\Exceptions->errorHandler()
 2 SYSTEMPATH/View/View.php(213): include('/home/dev/www/ProxectoFinFp/Proxecto/app/Views/login.php')
 3 SYSTEMPATH/View/View.php(216): CodeIgniter\View\View->CodeIgniter\View\{closure}()
 4 SYSTEMPATH/Common.php(1184): CodeIgniter\View\View->render()
 5 APPPATH/Controllers/UsuarioController.php(12): view()
 6 SYSTEMPATH/CodeIgniter.php(934): App\Controllers\UsuarioController->mostrarLogin()
 7 SYSTEMPATH/CodeIgniter.php(499): CodeIgniter\CodeIgniter->runController()
 8 SYSTEMPATH/CodeIgniter.php(368): CodeIgniter\CodeIgniter->handleRequest()
 9 FCPATH/index.php(68): CodeIgniter\CodeIgniter->run()
CRITICAL - 2023-05-30 07:05:38 --> Undefined variable: usuario
in APPPATH/Views/login.php on line 31.
 1 APPPATH/Views/login.php(31): CodeIgniter\Debug\Exceptions->errorHandler()
 2 SYSTEMPATH/View/View.php(213): include('/home/dev/www/ProxectoFinFp/Proxecto/app/Views/login.php')
 3 SYSTEMPATH/View/View.php(216): CodeIgniter\View\View->CodeIgniter\View\{closure}()
 4 SYSTEMPATH/Common.php(1184): CodeIgniter\View\View->render()
 5 APPPATH/Controllers/UsuarioController.php(12): view()
 6 SYSTEMPATH/CodeIgniter.php(934): App\Controllers\UsuarioController->mostrarLogin()
 7 SYSTEMPATH/CodeIgniter.php(499): CodeIgniter\CodeIgniter->runController()
 8 SYSTEMPATH/CodeIgniter.php(368): CodeIgniter\CodeIgniter->handleRequest()
 9 FCPATH/index.php(68): CodeIgniter\CodeIgniter->run()
CRITICAL - 2023-05-30 07:08:26 --> Undefined variable: usuario
in APPPATH/Views/login.php on line 34.
 1 APPPATH/Views/login.php(34): CodeIgniter\Debug\Exceptions->errorHandler()
 2 SYSTEMPATH/View/View.php(213): include('/home/dev/www/ProxectoFinFp/Proxecto/app/Views/login.php')
 3 SYSTEMPATH/View/View.php(216): CodeIgniter\View\View->CodeIgniter\View\{closure}()
 4 SYSTEMPATH/Common.php(1184): CodeIgniter\View\View->render()
 5 APPPATH/Controllers/UsuarioController.php(12): view()
 6 SYSTEMPATH/CodeIgniter.php(934): App\Controllers\UsuarioController->mostrarLogin()
 7 SYSTEMPATH/CodeIgniter.php(499): CodeIgniter\CodeIgniter->runController()
 8 SYSTEMPATH/CodeIgniter.php(368): CodeIgniter\CodeIgniter->handleRequest()
 9 FCPATH/index.php(68): CodeIgniter\CodeIgniter->run()
CRITICAL - 2023-05-30 07:24:53 --> Undefined index: contraseña
in APPPATH/Models/UsuariosModel.php on line 31.
 1 APPPATH/Models/UsuariosModel.php(31): CodeIgniter\Debug\Exceptions->errorHandler()
 2 APPPATH/Controllers/UsuarioController.php(17): App\Models\UsuariosModel->login()
 3 SYSTEMPATH/CodeIgniter.php(934): App\Controllers\UsuarioController->procesarLogin()
 4 SYSTEMPATH/CodeIgniter.php(499): CodeIgniter\CodeIgniter->runController()
 5 SYSTEMPATH/CodeIgniter.php(368): CodeIgniter\CodeIgniter->handleRequest()
 6 FCPATH/index.php(68): CodeIgniter\CodeIgniter->run()
CRITICAL - 2023-05-30 07:25:17 --> syntax error, unexpected ')'
in APPPATH/Models/UsuariosModel.php on line 29.
 1 SYSTEMPATH/Autoloader/Autoloader.php(289): CodeIgniter\Autoloader\Autoloader->includeFile()
 2 SYSTEMPATH/Autoloader/Autoloader.php(267): CodeIgniter\Autoloader\Autoloader->loadInNamespace()
 3 [internal function]: CodeIgniter\Autoloader\Autoloader->loadClass()
 4 APPPATH/Controllers/UsuarioController.php(16): spl_autoload_call()
 5 SYSTEMPATH/CodeIgniter.php(934): App\Controllers\UsuarioController->procesarLogin()
 6 SYSTEMPATH/CodeIgniter.php(499): CodeIgniter\CodeIgniter->runController()
 7 SYSTEMPATH/CodeIgniter.php(368): CodeIgniter\CodeIgniter->handleRequest()
 8 FCPATH/index.php(68): CodeIgniter\CodeIgniter->run()
CRITICAL - 2023-05-30 07:26:19 --> Call to undefined method App\Models\UsuariosModel::getResultArray
in SYSTEMPATH/Model.php on line 842.
 1 APPPATH/Models/UsuariosModel.php(29): CodeIgniter\Model->__call()
 2 APPPATH/Controllers/UsuarioController.php(17): App\Models\UsuariosModel->login()
 3 SYSTEMPATH/CodeIgniter.php(934): App\Controllers\UsuarioController->procesarLogin()
 4 SYSTEMPATH/CodeIgniter.php(499): CodeIgniter\CodeIgniter->runController()
 5 SYSTEMPATH/CodeIgniter.php(368): CodeIgniter\CodeIgniter->handleRequest()
 6 FCPATH/index.php(68): CodeIgniter\CodeIgniter->run()
CRITICAL - 2023-05-30 07:27:00 --> Undefined index: contraseña
in APPPATH/Models/UsuariosModel.php on line 31.
 1 APPPATH/Models/UsuariosModel.php(31): CodeIgniter\Debug\Exceptions->errorHandler()
 2 APPPATH/Controllers/UsuarioController.php(17): App\Models\UsuariosModel->login()
 3 SYSTEMPATH/CodeIgniter.php(934): App\Controllers\UsuarioController->procesarLogin()
 4 SYSTEMPATH/CodeIgniter.php(499): CodeIgniter\CodeIgniter->runController()
 5 SYSTEMPATH/CodeIgniter.php(368): CodeIgniter\CodeIgniter->handleRequest()
 6 FCPATH/index.php(68): CodeIgniter\CodeIgniter->run()
CRITICAL - 2023-05-30 07:28:15 --> Cannot use object of type CodeIgniter\Database\MySQLi\Result as array
in APPPATH/Models/UsuariosModel.php on line 31.
 1 APPPATH/Controllers/UsuarioController.php(17): App\Models\UsuariosModel->login()
 2 SYSTEMPATH/CodeIgniter.php(934): App\Controllers\UsuarioController->procesarLogin()
 3 SYSTEMPATH/CodeIgniter.php(499): CodeIgniter\CodeIgniter->runController()
 4 SYSTEMPATH/CodeIgniter.php(368): CodeIgniter\CodeIgniter->handleRequest()
 5 FCPATH/index.php(68): CodeIgniter\CodeIgniter->run()
CRITICAL - 2023-05-30 07:28:40 --> Undefined index: contraseña
in APPPATH/Models/UsuariosModel.php on line 31.
 1 APPPATH/Models/UsuariosModel.php(31): CodeIgniter\Debug\Exceptions->errorHandler()
 2 APPPATH/Controllers/UsuarioController.php(17): App\Models\UsuariosModel->login()
 3 SYSTEMPATH/CodeIgniter.php(934): App\Controllers\UsuarioController->procesarLogin()
 4 SYSTEMPATH/CodeIgniter.php(499): CodeIgniter\CodeIgniter->runController()
 5 SYSTEMPATH/CodeIgniter.php(368): CodeIgniter\CodeIgniter->handleRequest()
 6 FCPATH/index.php(68): CodeIgniter\CodeIgniter->run()
CRITICAL - 2023-05-30 07:37:33 --> Undefined variable: pass
in APPPATH/Models/UsuariosModel.php on line 36.
 1 APPPATH/Models/UsuariosModel.php(36): CodeIgniter\Debug\Exceptions->errorHandler()
 2 APPPATH/Controllers/UsuarioController.php(17): App\Models\UsuariosModel->login()
 3 SYSTEMPATH/CodeIgniter.php(934): App\Controllers\UsuarioController->procesarLogin()
 4 SYSTEMPATH/CodeIgniter.php(499): CodeIgniter\CodeIgniter->runController()
 5 SYSTEMPATH/CodeIgniter.php(368): CodeIgniter\CodeIgniter->handleRequest()
 6 FCPATH/index.php(68): CodeIgniter\CodeIgniter->run()
CRITICAL - 2023-05-30 07:42:44 --> Undefined variable: usuario
in APPPATH/Views/login.php on line 34.
 1 APPPATH/Views/login.php(34): CodeIgniter\Debug\Exceptions->errorHandler()
 2 SYSTEMPATH/View/View.php(213): include('/home/dev/www/ProxectoFinFp/Proxecto/app/Views/login.php')
 3 SYSTEMPATH/View/View.php(216): CodeIgniter\View\View->CodeIgniter\View\{closure}()
 4 SYSTEMPATH/Common.php(1184): CodeIgniter\View\View->render()
 5 APPPATH/Controllers/UsuarioController.php(12): view()
 6 SYSTEMPATH/CodeIgniter.php(934): App\Controllers\UsuarioController->mostrarLogin()
 7 SYSTEMPATH/CodeIgniter.php(499): CodeIgniter\CodeIgniter->runController()
 8 SYSTEMPATH/CodeIgniter.php(368): CodeIgniter\CodeIgniter->handleRequest()
 9 FCPATH/index.php(68): CodeIgniter\CodeIgniter->run()
CRITICAL - 2023-05-30 07:42:46 --> Undefined variable: usuario
in APPPATH/Views/login.php on line 34.
 1 APPPATH/Views/login.php(34): CodeIgniter\Debug\Exceptions->errorHandler()
 2 SYSTEMPATH/View/View.php(213): include('/home/dev/www/ProxectoFinFp/Proxecto/app/Views/login.php')
 3 SYSTEMPATH/View/View.php(216): CodeIgniter\View\View->CodeIgniter\View\{closure}()
 4 SYSTEMPATH/Common.php(1184): CodeIgniter\View\View->render()
 5 APPPATH/Controllers/UsuarioController.php(12): view()
 6 SYSTEMPATH/CodeIgniter.php(934): App\Controllers\UsuarioController->mostrarLogin()
 7 SYSTEMPATH/CodeIgniter.php(499): CodeIgniter\CodeIgniter->runController()
 8 SYSTEMPATH/CodeIgniter.php(368): CodeIgniter\CodeIgniter->handleRequest()
 9 FCPATH/index.php(68): CodeIgniter\CodeIgniter->run()
CRITICAL - 2023-05-30 07:51:47 --> Undefined variable: usuario
in APPPATH/Views/login.php on line 34.
 1 APPPATH/Views/login.php(34): CodeIgniter\Debug\Exceptions->errorHandler()
 2 SYSTEMPATH/View/View.php(213): include('/home/dev/www/ProxectoFinFp/Proxecto/app/Views/login.php')
 3 SYSTEMPATH/View/View.php(216): CodeIgniter\View\View->CodeIgniter\View\{closure}()
 4 SYSTEMPATH/Common.php(1184): CodeIgniter\View\View->render()
 5 APPPATH/Controllers/UsuarioController.php(12): view()
 6 SYSTEMPATH/CodeIgniter.php(934): App\Controllers\UsuarioController->mostrarLogin()
 7 SYSTEMPATH/CodeIgniter.php(499): CodeIgniter\CodeIgniter->runController()
 8 SYSTEMPATH/CodeIgniter.php(368): CodeIgniter\CodeIgniter->handleRequest()
 9 FCPATH/index.php(68): CodeIgniter\CodeIgniter->run()
CRITICAL - 2023-05-30 07:51:48 --> Undefined variable: usuario
in APPPATH/Views/login.php on line 34.
 1 APPPATH/Views/login.php(34): CodeIgniter\Debug\Exceptions->errorHandler()
 2 SYSTEMPATH/View/View.php(213): include('/home/dev/www/ProxectoFinFp/Proxecto/app/Views/login.php')
 3 SYSTEMPATH/View/View.php(216): CodeIgniter\View\View->CodeIgniter\View\{closure}()
 4 SYSTEMPATH/Common.php(1184): CodeIgniter\View\View->render()
 5 APPPATH/Controllers/UsuarioController.php(12): view()
 6 SYSTEMPATH/CodeIgniter.php(934): App\Controllers\UsuarioController->mostrarLogin()
 7 SYSTEMPATH/CodeIgniter.php(499): CodeIgniter\CodeIgniter->runController()
 8 SYSTEMPATH/CodeIgniter.php(368): CodeIgniter\CodeIgniter->handleRequest()
 9 FCPATH/index.php(68): CodeIgniter\CodeIgniter->run()
CRITICAL - 2023-05-30 08:24:30 --> Undefined variable: array
in APPPATH/Models/UsuariosModel.php on line 80.
 1 APPPATH/Models/UsuariosModel.php(80): CodeIgniter\Debug\Exceptions->errorHandler()
 2 APPPATH/Controllers/UsuarioController.php(154): App\Models\UsuariosModel->add()
 3 SYSTEMPATH/CodeIgniter.php(934): App\Controllers\UsuarioController->procesarRegistrarse()
 4 SYSTEMPATH/CodeIgniter.php(499): CodeIgniter\CodeIgniter->runController()
 5 SYSTEMPATH/CodeIgniter.php(368): CodeIgniter\CodeIgniter->handleRequest()
 6 FCPATH/index.php(68): CodeIgniter\CodeIgniter->run()
CRITICAL - 2023-05-30 08:25:21 --> Undefined variable: array
in APPPATH/Models/UsuariosModel.php on line 80.
 1 APPPATH/Models/UsuariosModel.php(80): CodeIgniter\Debug\Exceptions->errorHandler()
 2 APPPATH/Controllers/UsuarioController.php(154): App\Models\UsuariosModel->add()
 3 SYSTEMPATH/CodeIgniter.php(934): App\Controllers\UsuarioController->procesarRegistrarse()
 4 SYSTEMPATH/CodeIgniter.php(499): CodeIgniter\CodeIgniter->runController()
 5 SYSTEMPATH/CodeIgniter.php(368): CodeIgniter\CodeIgniter->handleRequest()
 6 FCPATH/index.php(68): CodeIgniter\CodeIgniter->run()
CRITICAL - 2023-05-30 09:23:25 --> Undefined variable: idClientente
in APPPATH/Controllers/PedidoController.php on line 138.
 1 APPPATH/Controllers/PedidoController.php(138): CodeIgniter\Debug\Exceptions->errorHandler()
 2 SYSTEMPATH/CodeIgniter.php(934): App\Controllers\PedidoController->mostrarPedidosCliente()
 3 SYSTEMPATH/CodeIgniter.php(499): CodeIgniter\CodeIgniter->runController()
 4 SYSTEMPATH/CodeIgniter.php(368): CodeIgniter\CodeIgniter->handleRequest()
 5 FCPATH/index.php(68): CodeIgniter\CodeIgniter->run()
CRITICAL - 2023-05-30 09:23:50 --> Undefined variable: session
in APPPATH/Views/pedidos.view.php on line 3.
 1 APPPATH/Views/pedidos.view.php(3): CodeIgniter\Debug\Exceptions->errorHandler()
 2 SYSTEMPATH/View/View.php(213): include('/home/dev/www/ProxectoFinFp/Proxecto/app/Views/pedidos.view.php')
 3 SYSTEMPATH/View/View.php(216): CodeIgniter\View\View->CodeIgniter\View\{closure}()
 4 SYSTEMPATH/Common.php(1184): CodeIgniter\View\View->render()
 5 APPPATH/Controllers/PedidoController.php(141): view()
 6 SYSTEMPATH/CodeIgniter.php(934): App\Controllers\PedidoController->mostrarPedidosCliente()
 7 SYSTEMPATH/CodeIgniter.php(499): CodeIgniter\CodeIgniter->runController()
 8 SYSTEMPATH/CodeIgniter.php(368): CodeIgniter\CodeIgniter->handleRequest()
 9 FCPATH/index.php(68): CodeIgniter\CodeIgniter->run()
ERROR - 2023-05-30 12:00:56 --> mysqli_sql_exception: Cannot add or update a child row: a foreign key constraint fails (`proxecto`.`pedidos`, CONSTRAINT `pedidos_ibfk_1` FOREIGN KEY (`id_usuario`) REFERENCES `usuarios` (`id_usuario`)) in /home/dev/www/ProxectoFinFp/Proxecto/system/Database/MySQLi/Connection.php:295
Stack trace:
#0 /home/dev/www/ProxectoFinFp/Proxecto/system/Database/MySQLi/Connection.php(295): mysqli->query()
#1 /home/dev/www/ProxectoFinFp/Proxecto/system/Database/BaseConnection.php(692): CodeIgniter\Database\MySQLi\Connection->execute()
#2 /home/dev/www/ProxectoFinFp/Proxecto/system/Database/BaseConnection.php(606): CodeIgniter\Database\BaseConnection->simpleQuery()
#3 /home/dev/www/ProxectoFinFp/Proxecto/system/Database/BaseBuilder.php(2309): CodeIgniter\Database\BaseConnection->query()
#4 /home/dev/www/ProxectoFinFp/Proxecto/system/Model.php(330): CodeIgniter\Database\BaseBuilder->insert()
#5 /home/dev/www/ProxectoFinFp/Proxecto/system/BaseModel.php(782): CodeIgniter\Model->doInsert()
#6 /home/dev/www/ProxectoFinFp/Proxecto/system/Model.php(730): CodeIgniter\BaseModel->insert()
#7 /home/dev/www/ProxectoFinFp/Proxecto/app/Models/PedidosModel.php(23): CodeIgniter\Model->insert()
#8 /home/dev/www/ProxectoFinFp/Proxecto/app/Controllers/PedidoController.php(69): App\Models\PedidosModel->add()
#9 /home/dev/www/ProxectoFinFp/Proxecto/system/CodeIgniter.php(934): App\Controllers\PedidoController->addPedido()
#10 /home/dev/www/ProxectoFinFp/Proxecto/system/CodeIgniter.php(499): CodeIgniter\CodeIgniter->runController()
#11 /home/dev/www/ProxectoFinFp/Proxecto/system/CodeIgniter.php(368): CodeIgniter\CodeIgniter->handleRequest()
#12 /home/dev/www/ProxectoFinFp/Proxecto/public/index.php(68): CodeIgniter\CodeIgniter->run()
#13 {main}
CRITICAL - 2023-05-30 12:00:56 --> Cannot add or update a child row: a foreign key constraint fails (`proxecto`.`pedidos`, CONSTRAINT `pedidos_ibfk_1` FOREIGN KEY (`id_usuario`) REFERENCES `usuarios` (`id_usuario`))
in SYSTEMPATH/Database/MySQLi/Connection.php on line 295.
 1 SYSTEMPATH/Database/MySQLi/Connection.php(295): mysqli->query()
 2 SYSTEMPATH/Database/BaseConnection.php(692): CodeIgniter\Database\MySQLi\Connection->execute()
 3 SYSTEMPATH/Database/BaseConnection.php(606): CodeIgniter\Database\BaseConnection->simpleQuery()
 4 SYSTEMPATH/Database/BaseBuilder.php(2309): CodeIgniter\Database\BaseConnection->query()
 5 SYSTEMPATH/Model.php(330): CodeIgniter\Database\BaseBuilder->insert()
 6 SYSTEMPATH/BaseModel.php(782): CodeIgniter\Model->doInsert()
 7 SYSTEMPATH/Model.php(730): CodeIgniter\BaseModel->insert()
 8 APPPATH/Models/PedidosModel.php(23): CodeIgniter\Model->insert()
 9 APPPATH/Controllers/PedidoController.php(69): App\Models\PedidosModel->add()
10 SYSTEMPATH/CodeIgniter.php(934): App\Controllers\PedidoController->addPedido()
11 SYSTEMPATH/CodeIgniter.php(499): CodeIgniter\CodeIgniter->runController()
12 SYSTEMPATH/CodeIgniter.php(368): CodeIgniter\CodeIgniter->handleRequest()
13 FCPATH/index.php(68): CodeIgniter\CodeIgniter->run()
CRITICAL - 2023-05-30 12:03:22 --> Undefined index: id_usuario
in APPPATH/Controllers/PedidoController.php on line 59.
 1 APPPATH/Controllers/PedidoController.php(59): CodeIgniter\Debug\Exceptions->errorHandler()
 2 SYSTEMPATH/CodeIgniter.php(934): App\Controllers\PedidoController->addPedido()
 3 SYSTEMPATH/CodeIgniter.php(499): CodeIgniter\CodeIgniter->runController()
 4 SYSTEMPATH/CodeIgniter.php(368): CodeIgniter\CodeIgniter->handleRequest()
 5 FCPATH/index.php(68): CodeIgniter\CodeIgniter->run()
ERROR - 2023-05-30 12:04:03 --> mysqli_sql_exception: Cannot add or update a child row: a foreign key constraint fails (`proxecto`.`pedidos`, CONSTRAINT `pedidos_FK` FOREIGN KEY (`correo_electronico`) REFERENCES `usuarios` (`correo_electronico`)) in /home/dev/www/ProxectoFinFp/Proxecto/system/Database/MySQLi/Connection.php:295
Stack trace:
#0 /home/dev/www/ProxectoFinFp/Proxecto/system/Database/MySQLi/Connection.php(295): mysqli->query()
#1 /home/dev/www/ProxectoFinFp/Proxecto/system/Database/BaseConnection.php(692): CodeIgniter\Database\MySQLi\Connection->execute()
#2 /home/dev/www/ProxectoFinFp/Proxecto/system/Database/BaseConnection.php(606): CodeIgniter\Database\BaseConnection->simpleQuery()
#3 /home/dev/www/ProxectoFinFp/Proxecto/system/Database/BaseBuilder.php(2309): CodeIgniter\Database\BaseConnection->query()
#4 /home/dev/www/ProxectoFinFp/Proxecto/system/Model.php(330): CodeIgniter\Database\BaseBuilder->insert()
#5 /home/dev/www/ProxectoFinFp/Proxecto/system/BaseModel.php(782): CodeIgniter\Model->doInsert()
#6 /home/dev/www/ProxectoFinFp/Proxecto/system/Model.php(730): CodeIgniter\BaseModel->insert()
#7 /home/dev/www/ProxectoFinFp/Proxecto/app/Models/PedidosModel.php(23): CodeIgniter\Model->insert()
#8 /home/dev/www/ProxectoFinFp/Proxecto/app/Controllers/PedidoController.php(69): App\Models\PedidosModel->add()
#9 /home/dev/www/ProxectoFinFp/Proxecto/system/CodeIgniter.php(934): App\Controllers\PedidoController->addPedido()
#10 /home/dev/www/ProxectoFinFp/Proxecto/system/CodeIgniter.php(499): CodeIgniter\CodeIgniter->runController()
#11 /home/dev/www/ProxectoFinFp/Proxecto/system/CodeIgniter.php(368): CodeIgniter\CodeIgniter->handleRequest()
#12 /home/dev/www/ProxectoFinFp/Proxecto/public/index.php(68): CodeIgniter\CodeIgniter->run()
#13 {main}
CRITICAL - 2023-05-30 12:04:03 --> Cannot add or update a child row: a foreign key constraint fails (`proxecto`.`pedidos`, CONSTRAINT `pedidos_FK` FOREIGN KEY (`correo_electronico`) REFERENCES `usuarios` (`correo_electronico`))
in SYSTEMPATH/Database/MySQLi/Connection.php on line 295.
 1 SYSTEMPATH/Database/MySQLi/Connection.php(295): mysqli->query()
 2 SYSTEMPATH/Database/BaseConnection.php(692): CodeIgniter\Database\MySQLi\Connection->execute()
 3 SYSTEMPATH/Database/BaseConnection.php(606): CodeIgniter\Database\BaseConnection->simpleQuery()
 4 SYSTEMPATH/Database/BaseBuilder.php(2309): CodeIgniter\Database\BaseConnection->query()
 5 SYSTEMPATH/Model.php(330): CodeIgniter\Database\BaseBuilder->insert()
 6 SYSTEMPATH/BaseModel.php(782): CodeIgniter\Model->doInsert()
 7 SYSTEMPATH/Model.php(730): CodeIgniter\BaseModel->insert()
 8 APPPATH/Models/PedidosModel.php(23): CodeIgniter\Model->insert()
 9 APPPATH/Controllers/PedidoController.php(69): App\Models\PedidosModel->add()
10 SYSTEMPATH/CodeIgniter.php(934): App\Controllers\PedidoController->addPedido()
11 SYSTEMPATH/CodeIgniter.php(499): CodeIgniter\CodeIgniter->runController()
12 SYSTEMPATH/CodeIgniter.php(368): CodeIgniter\CodeIgniter->handleRequest()
13 FCPATH/index.php(68): CodeIgniter\CodeIgniter->run()
ERROR - 2023-05-30 14:39:23 --> mysqli_sql_exception: Cannot add or update a child row: a foreign key constraint fails (`proxecto`.`pedidos`, CONSTRAINT `pedidos_FK` FOREIGN KEY (`correo_electronico`) REFERENCES `usuarios` (`correo_electronico`)) in /home/dev/www/ProxectoFinFp/Proxecto/system/Database/MySQLi/Connection.php:295
Stack trace:
#0 /home/dev/www/ProxectoFinFp/Proxecto/system/Database/MySQLi/Connection.php(295): mysqli->query()
#1 /home/dev/www/ProxectoFinFp/Proxecto/system/Database/BaseConnection.php(692): CodeIgniter\Database\MySQLi\Connection->execute()
#2 /home/dev/www/ProxectoFinFp/Proxecto/system/Database/BaseConnection.php(606): CodeIgniter\Database\BaseConnection->simpleQuery()
#3 /home/dev/www/ProxectoFinFp/Proxecto/system/Database/BaseBuilder.php(2309): CodeIgniter\Database\BaseConnection->query()
#4 /home/dev/www/ProxectoFinFp/Proxecto/system/Model.php(330): CodeIgniter\Database\BaseBuilder->insert()
#5 /home/dev/www/ProxectoFinFp/Proxecto/system/BaseModel.php(782): CodeIgniter\Model->doInsert()
#6 /home/dev/www/ProxectoFinFp/Proxecto/system/Model.php(730): CodeIgniter\BaseModel->insert()
#7 /home/dev/www/ProxectoFinFp/Proxecto/app/Models/PedidosModel.php(23): CodeIgniter\Model->insert()
#8 /home/dev/www/ProxectoFinFp/Proxecto/app/Controllers/PedidoController.php(71): App\Models\PedidosModel->add()
#9 /home/dev/www/ProxectoFinFp/Proxecto/system/CodeIgniter.php(934): App\Controllers\PedidoController->addPedido()
#10 /home/dev/www/ProxectoFinFp/Proxecto/system/CodeIgniter.php(499): CodeIgniter\CodeIgniter->runController()
#11 /home/dev/www/ProxectoFinFp/Proxecto/system/CodeIgniter.php(368): CodeIgniter\CodeIgniter->handleRequest()
#12 /home/dev/www/ProxectoFinFp/Proxecto/public/index.php(68): CodeIgniter\CodeIgniter->run()
#13 {main}
CRITICAL - 2023-05-30 14:39:23 --> Cannot add or update a child row: a foreign key constraint fails (`proxecto`.`pedidos`, CONSTRAINT `pedidos_FK` FOREIGN KEY (`correo_electronico`) REFERENCES `usuarios` (`correo_electronico`))
in SYSTEMPATH/Database/MySQLi/Connection.php on line 295.
 1 SYSTEMPATH/Database/MySQLi/Connection.php(295): mysqli->query()
 2 SYSTEMPATH/Database/BaseConnection.php(692): CodeIgniter\Database\MySQLi\Connection->execute()
 3 SYSTEMPATH/Database/BaseConnection.php(606): CodeIgniter\Database\BaseConnection->simpleQuery()
 4 SYSTEMPATH/Database/BaseBuilder.php(2309): CodeIgniter\Database\BaseConnection->query()
 5 SYSTEMPATH/Model.php(330): CodeIgniter\Database\BaseBuilder->insert()
 6 SYSTEMPATH/BaseModel.php(782): CodeIgniter\Model->doInsert()
 7 SYSTEMPATH/Model.php(730): CodeIgniter\BaseModel->insert()
 8 APPPATH/Models/PedidosModel.php(23): CodeIgniter\Model->insert()
 9 APPPATH/Controllers/PedidoController.php(71): App\Models\PedidosModel->add()
10 SYSTEMPATH/CodeIgniter.php(934): App\Controllers\PedidoController->addPedido()
11 SYSTEMPATH/CodeIgniter.php(499): CodeIgniter\CodeIgniter->runController()
12 SYSTEMPATH/CodeIgniter.php(368): CodeIgniter\CodeIgniter->handleRequest()
13 FCPATH/index.php(68): CodeIgniter\CodeIgniter->run()
CRITICAL - 2023-05-30 14:04:04 --> Undefined index: estado_menu
in APPPATH/Views/pedidos.view.php on line 20.
 1 APPPATH/Views/pedidos.view.php(20): CodeIgniter\Debug\Exceptions->errorHandler()
 2 SYSTEMPATH/View/View.php(213): include('/home/dev/www/ProxectoFinFp/Proxecto/app/Views/pedidos.view.php')
 3 SYSTEMPATH/View/View.php(216): CodeIgniter\View\View->CodeIgniter\View\{closure}()
 4 SYSTEMPATH/Common.php(1184): CodeIgniter\View\View->render()
 5 APPPATH/Controllers/PedidoController.php(17): view()
 6 SYSTEMPATH/CodeIgniter.php(934): App\Controllers\PedidoController->mostrarTodos()
 7 SYSTEMPATH/CodeIgniter.php(499): CodeIgniter\CodeIgniter->runController()
 8 SYSTEMPATH/CodeIgniter.php(368): CodeIgniter\CodeIgniter->handleRequest()
 9 FCPATH/index.php(68): CodeIgniter\CodeIgniter->run()
CRITICAL - 2023-05-30 14:27:33 --> syntax error, unexpected '"?>"' (T_CONSTANT_ENCAPSED_STRING), expecting ';' or ','
in APPPATH/Views/pedidos.view.php on line 37.
 1 SYSTEMPATH/View/View.php(216): CodeIgniter\View\View->CodeIgniter\View\{closure}()
 2 SYSTEMPATH/Common.php(1184): CodeIgniter\View\View->render()
 3 APPPATH/Controllers/PedidoController.php(17): view()
 4 SYSTEMPATH/CodeIgniter.php(934): App\Controllers\PedidoController->mostrarTodos()
 5 SYSTEMPATH/CodeIgniter.php(499): CodeIgniter\CodeIgniter->runController()
 6 SYSTEMPATH/CodeIgniter.php(368): CodeIgniter\CodeIgniter->handleRequest()
 7 FCPATH/index.php(68): CodeIgniter\CodeIgniter->run()
