ERROR - 2023-05-29 07:57:50 --> mysqli_sql_exception: Cannot add or update a child row: a foreign key constraint fails (`proxecto`.`pedidos`, CONSTRAINT `pedidos_ibfk_1` FOREIGN KEY (`id_usuario`) REFERENCES `usuarios` (`id_usuario`)) in /home/dev/www/ProxectoFinFp/Proxecto/system/Database/MySQLi/Connection.php:295
Stack trace:
#0 /home/dev/www/ProxectoFinFp/Proxecto/system/Database/MySQLi/Connection.php(295): mysqli->query()
#1 /home/dev/www/ProxectoFinFp/Proxecto/system/Database/BaseConnection.php(692): CodeIgniter\Database\MySQLi\Connection->execute()
#2 /home/dev/www/ProxectoFinFp/Proxecto/system/Database/BaseConnection.php(606): CodeIgniter\Database\BaseConnection->simpleQuery()
#3 /home/dev/www/ProxectoFinFp/Proxecto/system/Database/BaseBuilder.php(2309): CodeIgniter\Database\BaseConnection->query()
#4 /home/dev/www/ProxectoFinFp/Proxecto/system/Model.php(330): CodeIgniter\Database\BaseBuilder->insert()
#5 /home/dev/www/ProxectoFinFp/Proxecto/system/BaseModel.php(782): CodeIgniter\Model->doInsert()
#6 /home/dev/www/ProxectoFinFp/Proxecto/system/Model.php(730): CodeIgniter\BaseModel->insert()
#7 /home/dev/www/ProxectoFinFp/Proxecto/app/Models/PedidosModel.php(15): CodeIgniter\Model->insert()
#8 /home/dev/www/ProxectoFinFp/Proxecto/app/Controllers/PedidoController.php(40): App\Models\PedidosModel->add()
#9 /home/dev/www/ProxectoFinFp/Proxecto/system/CodeIgniter.php(934): App\Controllers\PedidoController->addPedido()
#10 /home/dev/www/ProxectoFinFp/Proxecto/system/CodeIgniter.php(499): CodeIgniter\CodeIgniter->runController()
#11 /home/dev/www/ProxectoFinFp/Proxecto/system/CodeIgniter.php(368): CodeIgniter\CodeIgniter->handleRequest()
#12 /home/dev/www/ProxectoFinFp/Proxecto/public/index.php(68): CodeIgniter\CodeIgniter->run()
#13 {main}
CRITICAL - 2023-05-29 07:57:50 --> Cannot add or update a child row: a foreign key constraint fails (`proxecto`.`pedidos`, CONSTRAINT `pedidos_ibfk_1` FOREIGN KEY (`id_usuario`) REFERENCES `usuarios` (`id_usuario`))
in SYSTEMPATH/Database/MySQLi/Connection.php on line 295.
 1 SYSTEMPATH/Database/MySQLi/Connection.php(295): mysqli->query()
 2 SYSTEMPATH/Database/BaseConnection.php(692): CodeIgniter\Database\MySQLi\Connection->execute()
 3 SYSTEMPATH/Database/BaseConnection.php(606): CodeIgniter\Database\BaseConnection->simpleQuery()
 4 SYSTEMPATH/Database/BaseBuilder.php(2309): CodeIgniter\Database\BaseConnection->query()
 5 SYSTEMPATH/Model.php(330): CodeIgniter\Database\BaseBuilder->insert()
 6 SYSTEMPATH/BaseModel.php(782): CodeIgniter\Model->doInsert()
 7 SYSTEMPATH/Model.php(730): CodeIgniter\BaseModel->insert()
 8 APPPATH/Models/PedidosModel.php(15): CodeIgniter\Model->insert()
 9 APPPATH/Controllers/PedidoController.php(40): App\Models\PedidosModel->add()
10 SYSTEMPATH/CodeIgniter.php(934): App\Controllers\PedidoController->addPedido()
11 SYSTEMPATH/CodeIgniter.php(499): CodeIgniter\CodeIgniter->runController()
12 SYSTEMPATH/CodeIgniter.php(368): CodeIgniter\CodeIgniter->handleRequest()
13 FCPATH/index.php(68): CodeIgniter\CodeIgniter->run()
