CRITICAL - 2023-05-26 06:17:30 --> Illegal string offset 'permisos'
in APPPATH/Views/menus.view.php on line 3.
 1 APPPATH/Views/menus.view.php(3): CodeIgniter\Debug\Exceptions->errorHandler()
 2 SYSTEMPATH/View/View.php(213): include('/home/dev/www/ProxectoFinFp/Proxecto/app/Views/menus.view.php')
 3 SYSTEMPATH/View/View.php(216): CodeIgniter\View\View->CodeIgniter\View\{closure}()
 4 SYSTEMPATH/Common.php(1184): CodeIgniter\View\View->render()
 5 APPPATH/Controllers/MenusController.php(13): view()
 6 SYSTEMPATH/CodeIgniter.php(934): App\Controllers\MenusController->mostrarMenus()
 7 SYSTEMPATH/CodeIgniter.php(499): CodeIgniter\CodeIgniter->runController()
 8 SYSTEMPATH/CodeIgniter.php(368): CodeIgniter\CodeIgniter->handleRequest()
 9 FCPATH/index.php(68): CodeIgniter\CodeIgniter->run()
CRITICAL - 2023-05-26 06:30:46 --> Undefined variable: menu
in APPPATH/Models/MenusModel.php on line 55.
 1 APPPATH/Models/MenusModel.php(55): CodeIgniter\Debug\Exceptions->errorHandler()
 2 APPPATH/Controllers/MenusController.php(72): App\Models\MenusModel->add()
 3 SYSTEMPATH/CodeIgniter.php(934): App\Controllers\MenusController->add()
 4 SYSTEMPATH/CodeIgniter.php(499): CodeIgniter\CodeIgniter->runController()
 5 SYSTEMPATH/CodeIgniter.php(368): CodeIgniter\CodeIgniter->handleRequest()
 6 FCPATH/index.php(68): CodeIgniter\CodeIgniter->run()
CRITICAL - 2023-05-26 07:10:50 --> Undefined index: precio_menu
in APPPATH/Views/pedido.view.php on line 50.
 1 APPPATH/Views/pedido.view.php(50): CodeIgniter\Debug\Exceptions->errorHandler()
 2 SYSTEMPATH/View/View.php(213): include('/home/dev/www/ProxectoFinFp/Proxecto/app/Views/pedido.view.php')
 3 SYSTEMPATH/View/View.php(216): CodeIgniter\View\View->CodeIgniter\View\{closure}()
 4 SYSTEMPATH/Common.php(1184): CodeIgniter\View\View->render()
 5 APPPATH/Controllers/PedidoController.php(16): view()
 6 SYSTEMPATH/CodeIgniter.php(934): App\Controllers\PedidoController->mostrarFormPedido()
 7 SYSTEMPATH/CodeIgniter.php(499): CodeIgniter\CodeIgniter->runController()
 8 SYSTEMPATH/CodeIgniter.php(368): CodeIgniter\CodeIgniter->handleRequest()
 9 FCPATH/index.php(68): CodeIgniter\CodeIgniter->run()
CRITICAL - 2023-05-26 07:13:08 --> Undefined index: precio_menu
in APPPATH/Views/pedido.view.php on line 49.
 1 APPPATH/Views/pedido.view.php(49): CodeIgniter\Debug\Exceptions->errorHandler()
 2 SYSTEMPATH/View/View.php(213): include('/home/dev/www/ProxectoFinFp/Proxecto/app/Views/pedido.view.php')
 3 SYSTEMPATH/View/View.php(216): CodeIgniter\View\View->CodeIgniter\View\{closure}()
 4 SYSTEMPATH/Common.php(1184): CodeIgniter\View\View->render()
 5 APPPATH/Controllers/PedidoController.php(16): view()
 6 SYSTEMPATH/CodeIgniter.php(934): App\Controllers\PedidoController->mostrarFormPedido()
 7 SYSTEMPATH/CodeIgniter.php(499): CodeIgniter\CodeIgniter->runController()
 8 SYSTEMPATH/CodeIgniter.php(368): CodeIgniter\CodeIgniter->handleRequest()
 9 FCPATH/index.php(68): CodeIgniter\CodeIgniter->run()
CRITICAL - 2023-05-26 08:29:58 --> Use of undefined constant correo_electronico - assumed 'correo_electronico' (this will throw an Error in a future version of PHP)
in APPPATH/Controllers/PedidoController.php on line 52.
 1 APPPATH/Controllers/PedidoController.php(52): CodeIgniter\Debug\Exceptions->errorHandler()
 2 APPPATH/Controllers/PedidoController.php(21): App\Controllers\PedidoController->checkForm()
 3 SYSTEMPATH/CodeIgniter.php(934): App\Controllers\PedidoController->addPedido()
 4 SYSTEMPATH/CodeIgniter.php(499): CodeIgniter\CodeIgniter->runController()
 5 SYSTEMPATH/CodeIgniter.php(368): CodeIgniter\CodeIgniter->handleRequest()
 6 FCPATH/index.php(68): CodeIgniter\CodeIgniter->run()
CRITICAL - 2023-05-26 08:31:00 --> Undefined index: nombre_menu
in APPPATH/Views/menu.view.php on line 13.
 1 APPPATH/Views/menu.view.php(13): CodeIgniter\Debug\Exceptions->errorHandler()
 2 SYSTEMPATH/View/View.php(213): include('/home/dev/www/ProxectoFinFp/Proxecto/app/Views/menu.view.php')
 3 SYSTEMPATH/View/View.php(216): CodeIgniter\View\View->CodeIgniter\View\{closure}()
 4 SYSTEMPATH/Common.php(1184): CodeIgniter\View\View->render()
 5 APPPATH/Controllers/PedidoController.php(38): view()
 6 SYSTEMPATH/CodeIgniter.php(934): App\Controllers\PedidoController->addPedido()
 7 SYSTEMPATH/CodeIgniter.php(499): CodeIgniter\CodeIgniter->runController()
 8 SYSTEMPATH/CodeIgniter.php(368): CodeIgniter\CodeIgniter->handleRequest()
 9 FCPATH/index.php(68): CodeIgniter\CodeIgniter->run()
CRITICAL - 2023-05-26 08:31:19 --> Undefined index: nombre_menu
in APPPATH/Views/menu.view.php on line 13.
 1 APPPATH/Views/menu.view.php(13): CodeIgniter\Debug\Exceptions->errorHandler()
 2 SYSTEMPATH/View/View.php(213): include('/home/dev/www/ProxectoFinFp/Proxecto/app/Views/menu.view.php')
 3 SYSTEMPATH/View/View.php(216): CodeIgniter\View\View->CodeIgniter\View\{closure}()
 4 SYSTEMPATH/Common.php(1184): CodeIgniter\View\View->render()
 5 APPPATH/Controllers/PedidoController.php(38): view()
 6 SYSTEMPATH/CodeIgniter.php(934): App\Controllers\PedidoController->addPedido()
 7 SYSTEMPATH/CodeIgniter.php(499): CodeIgniter\CodeIgniter->runController()
 8 SYSTEMPATH/CodeIgniter.php(368): CodeIgniter\CodeIgniter->handleRequest()
 9 FCPATH/index.php(68): CodeIgniter\CodeIgniter->run()
CRITICAL - 2023-05-26 08:31:38 --> Undefined index: nombre_menu
in APPPATH/Views/menu.view.php on line 13.
 1 APPPATH/Views/menu.view.php(13): CodeIgniter\Debug\Exceptions->errorHandler()
 2 SYSTEMPATH/View/View.php(213): include('/home/dev/www/ProxectoFinFp/Proxecto/app/Views/menu.view.php')
 3 SYSTEMPATH/View/View.php(216): CodeIgniter\View\View->CodeIgniter\View\{closure}()
 4 SYSTEMPATH/Common.php(1184): CodeIgniter\View\View->render()
 5 APPPATH/Controllers/PedidoController.php(38): view()
 6 SYSTEMPATH/CodeIgniter.php(934): App\Controllers\PedidoController->addPedido()
 7 SYSTEMPATH/CodeIgniter.php(499): CodeIgniter\CodeIgniter->runController()
 8 SYSTEMPATH/CodeIgniter.php(368): CodeIgniter\CodeIgniter->handleRequest()
 9 FCPATH/index.php(68): CodeIgniter\CodeIgniter->run()
CRITICAL - 2023-05-26 08:32:09 --> Undefined variable: menus
in APPPATH/Views/pedido.view.php on line 29.
 1 APPPATH/Views/pedido.view.php(29): CodeIgniter\Debug\Exceptions->errorHandler()
 2 SYSTEMPATH/View/View.php(213): include('/home/dev/www/ProxectoFinFp/Proxecto/app/Views/pedido.view.php')
 3 SYSTEMPATH/View/View.php(216): CodeIgniter\View\View->CodeIgniter\View\{closure}()
 4 SYSTEMPATH/Common.php(1184): CodeIgniter\View\View->render()
 5 APPPATH/Controllers/PedidoController.php(38): view()
 6 SYSTEMPATH/CodeIgniter.php(934): App\Controllers\PedidoController->addPedido()
 7 SYSTEMPATH/CodeIgniter.php(499): CodeIgniter\CodeIgniter->runController()
 8 SYSTEMPATH/CodeIgniter.php(368): CodeIgniter\CodeIgniter->handleRequest()
 9 FCPATH/index.php(68): CodeIgniter\CodeIgniter->run()
CRITICAL - 2023-05-26 08:32:40 --> Undefined index: email
in APPPATH/Views/pedido.view.php on line 22.
 1 APPPATH/Views/pedido.view.php(22): CodeIgniter\Debug\Exceptions->errorHandler()
 2 SYSTEMPATH/View/View.php(213): include('/home/dev/www/ProxectoFinFp/Proxecto/app/Views/pedido.view.php')
 3 SYSTEMPATH/View/View.php(216): CodeIgniter\View\View->CodeIgniter\View\{closure}()
 4 SYSTEMPATH/Common.php(1184): CodeIgniter\View\View->render()
 5 APPPATH/Controllers/PedidoController.php(38): view()
 6 SYSTEMPATH/CodeIgniter.php(934): App\Controllers\PedidoController->addPedido()
 7 SYSTEMPATH/CodeIgniter.php(499): CodeIgniter\CodeIgniter->runController()
 8 SYSTEMPATH/CodeIgniter.php(368): CodeIgniter\CodeIgniter->handleRequest()
 9 FCPATH/index.php(68): CodeIgniter\CodeIgniter->run()
CRITICAL - 2023-05-26 08:33:10 --> Undefined variable: menus
in APPPATH/Views/pedido.view.php on line 29.
 1 APPPATH/Views/pedido.view.php(29): CodeIgniter\Debug\Exceptions->errorHandler()
 2 SYSTEMPATH/View/View.php(213): include('/home/dev/www/ProxectoFinFp/Proxecto/app/Views/pedido.view.php')
 3 SYSTEMPATH/View/View.php(216): CodeIgniter\View\View->CodeIgniter\View\{closure}()
 4 SYSTEMPATH/Common.php(1184): CodeIgniter\View\View->render()
 5 APPPATH/Controllers/PedidoController.php(38): view()
 6 SYSTEMPATH/CodeIgniter.php(934): App\Controllers\PedidoController->addPedido()
 7 SYSTEMPATH/CodeIgniter.php(499): CodeIgniter\CodeIgniter->runController()
 8 SYSTEMPATH/CodeIgniter.php(368): CodeIgniter\CodeIgniter->handleRequest()
 9 FCPATH/index.php(68): CodeIgniter\CodeIgniter->run()
CRITICAL - 2023-05-26 08:40:09 --> Can't use method return value in write context
in APPPATH/Controllers/PedidoController.php on line 50.
 1 [internal function]: CodeIgniter\Debug\Exceptions->shutdownHandler()
CRITICAL - 2023-05-26 08:40:38 --> Can't use method return value in write context
in APPPATH/Controllers/PedidoController.php on line 50.
 1 [internal function]: CodeIgniter\Debug\Exceptions->shutdownHandler()
CRITICAL - 2023-05-26 08:40:46 --> Can't use method return value in write context
in APPPATH/Controllers/PedidoController.php on line 50.
 1 [internal function]: CodeIgniter\Debug\Exceptions->shutdownHandler()
CRITICAL - 2023-05-26 08:44:50 --> Cannot use isset() on the result of an expression (you can use "null !== expression" instead)
in APPPATH/Controllers/PedidoController.php on line 58.
 1 [internal function]: CodeIgniter\Debug\Exceptions->shutdownHandler()
CRITICAL - 2023-05-26 08:45:24 --> Cannot use isset() on the result of an expression (you can use "null !== expression" instead)
in APPPATH/Controllers/PedidoController.php on line 58.
 1 [internal function]: CodeIgniter\Debug\Exceptions->shutdownHandler()
CRITICAL - 2023-05-26 08:45:45 --> Cannot use isset() on the result of an expression (you can use "null !== expression" instead)
in APPPATH/Controllers/PedidoController.php on line 58.
 1 [internal function]: CodeIgniter\Debug\Exceptions->shutdownHandler()
CRITICAL - 2023-05-26 08:46:21 --> Undefined offset: 0
in APPPATH/Models/MenusModel.php on line 19.
 1 APPPATH/Models/MenusModel.php(19): CodeIgniter\Debug\Exceptions->errorHandler()
 2 APPPATH/Controllers/PedidoController.php(58): App\Models\MenusModel->getMenu()
 3 APPPATH/Controllers/PedidoController.php(21): App\Controllers\PedidoController->checkForm()
 4 SYSTEMPATH/CodeIgniter.php(934): App\Controllers\PedidoController->addPedido()
 5 SYSTEMPATH/CodeIgniter.php(499): CodeIgniter\CodeIgniter->runController()
 6 SYSTEMPATH/CodeIgniter.php(368): CodeIgniter\CodeIgniter->handleRequest()
 7 FCPATH/index.php(68): CodeIgniter\CodeIgniter->run()
CRITICAL - 2023-05-26 09:13:16 --> Undefined variable: pos
in APPPATH/Controllers/PedidoController.php on line 69.
 1 APPPATH/Controllers/PedidoController.php(69): CodeIgniter\Debug\Exceptions->errorHandler()
 2 APPPATH/Controllers/PedidoController.php(21): App\Controllers\PedidoController->checkForm()
 3 SYSTEMPATH/CodeIgniter.php(934): App\Controllers\PedidoController->addPedido()
 4 SYSTEMPATH/CodeIgniter.php(499): CodeIgniter\CodeIgniter->runController()
 5 SYSTEMPATH/CodeIgniter.php(368): CodeIgniter\CodeIgniter->handleRequest()
 6 FCPATH/index.php(68): CodeIgniter\CodeIgniter->run()
CRITICAL - 2023-05-26 09:13:29 --> Undefined index: fecha_rcogida
in APPPATH/Controllers/PedidoController.php on line 69.
 1 APPPATH/Controllers/PedidoController.php(69): CodeIgniter\Debug\Exceptions->errorHandler()
 2 APPPATH/Controllers/PedidoController.php(21): App\Controllers\PedidoController->checkForm()
 3 SYSTEMPATH/CodeIgniter.php(934): App\Controllers\PedidoController->addPedido()
 4 SYSTEMPATH/CodeIgniter.php(499): CodeIgniter\CodeIgniter->runController()
 5 SYSTEMPATH/CodeIgniter.php(368): CodeIgniter\CodeIgniter->handleRequest()
 6 FCPATH/index.php(68): CodeIgniter\CodeIgniter->run()
CRITICAL - 2023-05-26 09:13:40 --> Call to undefined function App\Controllers\data()
in APPPATH/Controllers/PedidoController.php on line 69.
 1 APPPATH/Controllers/PedidoController.php(21): App\Controllers\PedidoController->checkForm()
 2 SYSTEMPATH/CodeIgniter.php(934): App\Controllers\PedidoController->addPedido()
 3 SYSTEMPATH/CodeIgniter.php(499): CodeIgniter\CodeIgniter->runController()
 4 SYSTEMPATH/CodeIgniter.php(368): CodeIgniter\CodeIgniter->handleRequest()
 5 FCPATH/index.php(68): CodeIgniter\CodeIgniter->run()
CRITICAL - 2023-05-26 12:05:11 --> Undefined index: comentario
in APPPATH/Controllers/PedidoController.php on line 37.
 1 APPPATH/Controllers/PedidoController.php(37): CodeIgniter\Debug\Exceptions->errorHandler()
 2 SYSTEMPATH/CodeIgniter.php(934): App\Controllers\PedidoController->addPedido()
 3 SYSTEMPATH/CodeIgniter.php(499): CodeIgniter\CodeIgniter->runController()
 4 SYSTEMPATH/CodeIgniter.php(368): CodeIgniter\CodeIgniter->handleRequest()
 5 FCPATH/index.php(68): CodeIgniter\CodeIgniter->run()
CRITICAL - 2023-05-26 12:05:34 --> Undefined index: comentario
in APPPATH/Controllers/PedidoController.php on line 37.
 1 APPPATH/Controllers/PedidoController.php(37): CodeIgniter\Debug\Exceptions->errorHandler()
 2 SYSTEMPATH/CodeIgniter.php(934): App\Controllers\PedidoController->addPedido()
 3 SYSTEMPATH/CodeIgniter.php(499): CodeIgniter\CodeIgniter->runController()
 4 SYSTEMPATH/CodeIgniter.php(368): CodeIgniter\CodeIgniter->handleRequest()
 5 FCPATH/index.php(68): CodeIgniter\CodeIgniter->run()
CRITICAL - 2023-05-26 12:05:52 --> Undefined index: comentario
in APPPATH/Controllers/PedidoController.php on line 37.
 1 APPPATH/Controllers/PedidoController.php(37): CodeIgniter\Debug\Exceptions->errorHandler()
 2 SYSTEMPATH/CodeIgniter.php(934): App\Controllers\PedidoController->addPedido()
 3 SYSTEMPATH/CodeIgniter.php(499): CodeIgniter\CodeIgniter->runController()
 4 SYSTEMPATH/CodeIgniter.php(368): CodeIgniter\CodeIgniter->handleRequest()
 5 FCPATH/index.php(68): CodeIgniter\CodeIgniter->run()
CRITICAL - 2023-05-26 12:06:13 --> Class 'App\Models\PedidosModel' not found
in APPPATH/Controllers/PedidoController.php on line 39.
 1 SYSTEMPATH/CodeIgniter.php(934): App\Controllers\PedidoController->addPedido()
 2 SYSTEMPATH/CodeIgniter.php(499): CodeIgniter\CodeIgniter->runController()
 3 SYSTEMPATH/CodeIgniter.php(368): CodeIgniter\CodeIgniter->handleRequest()
 4 FCPATH/index.php(68): CodeIgniter\CodeIgniter->run()
ERROR - 2023-05-26 12:06:39 --> mysqli_sql_exception: Cannot add or update a child row: a foreign key constraint fails (`proxecto`.`pedidos`, CONSTRAINT `pedidos_FK` FOREIGN KEY (`id_usuario`) REFERENCES `usuarios` (`id_usuario`)) in /home/dev/www/ProxectoFinFp/Proxecto/system/Database/MySQLi/Connection.php:295
Stack trace:
#0 /home/dev/www/ProxectoFinFp/Proxecto/system/Database/MySQLi/Connection.php(295): mysqli->query()
#1 /home/dev/www/ProxectoFinFp/Proxecto/system/Database/BaseConnection.php(692): CodeIgniter\Database\MySQLi\Connection->execute()
#2 /home/dev/www/ProxectoFinFp/Proxecto/system/Database/BaseConnection.php(606): CodeIgniter\Database\BaseConnection->simpleQuery()
#3 /home/dev/www/ProxectoFinFp/Proxecto/system/Database/BaseBuilder.php(2309): CodeIgniter\Database\BaseConnection->query()
#4 /home/dev/www/ProxectoFinFp/Proxecto/system/Model.php(330): CodeIgniter\Database\BaseBuilder->insert()
#5 /home/dev/www/ProxectoFinFp/Proxecto/system/BaseModel.php(782): CodeIgniter\Model->doInsert()
#6 /home/dev/www/ProxectoFinFp/Proxecto/system/Model.php(730): CodeIgniter\BaseModel->insert()
#7 /home/dev/www/ProxectoFinFp/Proxecto/app/Models/PedidosModel.php(15): CodeIgniter\Model->insert()
#8 /home/dev/www/ProxectoFinFp/Proxecto/app/Controllers/PedidoController.php(40): App\Models\PedidosModel->add()
#9 /home/dev/www/ProxectoFinFp/Proxecto/system/CodeIgniter.php(934): App\Controllers\PedidoController->addPedido()
#10 /home/dev/www/ProxectoFinFp/Proxecto/system/CodeIgniter.php(499): CodeIgniter\CodeIgniter->runController()
#11 /home/dev/www/ProxectoFinFp/Proxecto/system/CodeIgniter.php(368): CodeIgniter\CodeIgniter->handleRequest()
#12 /home/dev/www/ProxectoFinFp/Proxecto/public/index.php(68): CodeIgniter\CodeIgniter->run()
#13 {main}
CRITICAL - 2023-05-26 12:06:40 --> Cannot add or update a child row: a foreign key constraint fails (`proxecto`.`pedidos`, CONSTRAINT `pedidos_FK` FOREIGN KEY (`id_usuario`) REFERENCES `usuarios` (`id_usuario`))
in SYSTEMPATH/Database/MySQLi/Connection.php on line 295.
 1 SYSTEMPATH/Database/MySQLi/Connection.php(295): mysqli->query()
 2 SYSTEMPATH/Database/BaseConnection.php(692): CodeIgniter\Database\MySQLi\Connection->execute()
 3 SYSTEMPATH/Database/BaseConnection.php(606): CodeIgniter\Database\BaseConnection->simpleQuery()
 4 SYSTEMPATH/Database/BaseBuilder.php(2309): CodeIgniter\Database\BaseConnection->query()
 5 SYSTEMPATH/Model.php(330): CodeIgniter\Database\BaseBuilder->insert()
 6 SYSTEMPATH/BaseModel.php(782): CodeIgniter\Model->doInsert()
 7 SYSTEMPATH/Model.php(730): CodeIgniter\BaseModel->insert()
 8 APPPATH/Models/PedidosModel.php(15): CodeIgniter\Model->insert()
 9 APPPATH/Controllers/PedidoController.php(40): App\Models\PedidosModel->add()
10 SYSTEMPATH/CodeIgniter.php(934): App\Controllers\PedidoController->addPedido()
11 SYSTEMPATH/CodeIgniter.php(499): CodeIgniter\CodeIgniter->runController()
12 SYSTEMPATH/CodeIgniter.php(368): CodeIgniter\CodeIgniter->handleRequest()
13 FCPATH/index.php(68): CodeIgniter\CodeIgniter->run()
ERROR - 2023-05-26 12:08:18 --> mysqli_sql_exception: Cannot add or update a child row: a foreign key constraint fails (`proxecto`.`pedidos`, CONSTRAINT `pedidos_FK` FOREIGN KEY (`id_usuario`) REFERENCES `usuarios` (`id_usuario`)) in /home/dev/www/ProxectoFinFp/Proxecto/system/Database/MySQLi/Connection.php:295
Stack trace:
#0 /home/dev/www/ProxectoFinFp/Proxecto/system/Database/MySQLi/Connection.php(295): mysqli->query()
#1 /home/dev/www/ProxectoFinFp/Proxecto/system/Database/BaseConnection.php(692): CodeIgniter\Database\MySQLi\Connection->execute()
#2 /home/dev/www/ProxectoFinFp/Proxecto/system/Database/BaseConnection.php(606): CodeIgniter\Database\BaseConnection->simpleQuery()
#3 /home/dev/www/ProxectoFinFp/Proxecto/system/Database/BaseBuilder.php(2309): CodeIgniter\Database\BaseConnection->query()
#4 /home/dev/www/ProxectoFinFp/Proxecto/system/Model.php(330): CodeIgniter\Database\BaseBuilder->insert()
#5 /home/dev/www/ProxectoFinFp/Proxecto/system/BaseModel.php(782): CodeIgniter\Model->doInsert()
#6 /home/dev/www/ProxectoFinFp/Proxecto/system/Model.php(730): CodeIgniter\BaseModel->insert()
#7 /home/dev/www/ProxectoFinFp/Proxecto/app/Models/PedidosModel.php(15): CodeIgniter\Model->insert()
#8 /home/dev/www/ProxectoFinFp/Proxecto/app/Controllers/PedidoController.php(40): App\Models\PedidosModel->add()
#9 /home/dev/www/ProxectoFinFp/Proxecto/system/CodeIgniter.php(934): App\Controllers\PedidoController->addPedido()
#10 /home/dev/www/ProxectoFinFp/Proxecto/system/CodeIgniter.php(499): CodeIgniter\CodeIgniter->runController()
#11 /home/dev/www/ProxectoFinFp/Proxecto/system/CodeIgniter.php(368): CodeIgniter\CodeIgniter->handleRequest()
#12 /home/dev/www/ProxectoFinFp/Proxecto/public/index.php(68): CodeIgniter\CodeIgniter->run()
#13 {main}
CRITICAL - 2023-05-26 12:08:18 --> Cannot add or update a child row: a foreign key constraint fails (`proxecto`.`pedidos`, CONSTRAINT `pedidos_FK` FOREIGN KEY (`id_usuario`) REFERENCES `usuarios` (`id_usuario`))
in SYSTEMPATH/Database/MySQLi/Connection.php on line 295.
 1 SYSTEMPATH/Database/MySQLi/Connection.php(295): mysqli->query()
 2 SYSTEMPATH/Database/BaseConnection.php(692): CodeIgniter\Database\MySQLi\Connection->execute()
 3 SYSTEMPATH/Database/BaseConnection.php(606): CodeIgniter\Database\BaseConnection->simpleQuery()
 4 SYSTEMPATH/Database/BaseBuilder.php(2309): CodeIgniter\Database\BaseConnection->query()
 5 SYSTEMPATH/Model.php(330): CodeIgniter\Database\BaseBuilder->insert()
 6 SYSTEMPATH/BaseModel.php(782): CodeIgniter\Model->doInsert()
 7 SYSTEMPATH/Model.php(730): CodeIgniter\BaseModel->insert()
 8 APPPATH/Models/PedidosModel.php(15): CodeIgniter\Model->insert()
 9 APPPATH/Controllers/PedidoController.php(40): App\Models\PedidosModel->add()
10 SYSTEMPATH/CodeIgniter.php(934): App\Controllers\PedidoController->addPedido()
11 SYSTEMPATH/CodeIgniter.php(499): CodeIgniter\CodeIgniter->runController()
12 SYSTEMPATH/CodeIgniter.php(368): CodeIgniter\CodeIgniter->handleRequest()
13 FCPATH/index.php(68): CodeIgniter\CodeIgniter->run()
ERROR - 2023-05-26 12:08:24 --> mysqli_sql_exception: Cannot add or update a child row: a foreign key constraint fails (`proxecto`.`pedidos`, CONSTRAINT `pedidos_FK` FOREIGN KEY (`id_usuario`) REFERENCES `usuarios` (`id_usuario`)) in /home/dev/www/ProxectoFinFp/Proxecto/system/Database/MySQLi/Connection.php:295
Stack trace:
#0 /home/dev/www/ProxectoFinFp/Proxecto/system/Database/MySQLi/Connection.php(295): mysqli->query()
#1 /home/dev/www/ProxectoFinFp/Proxecto/system/Database/BaseConnection.php(692): CodeIgniter\Database\MySQLi\Connection->execute()
#2 /home/dev/www/ProxectoFinFp/Proxecto/system/Database/BaseConnection.php(606): CodeIgniter\Database\BaseConnection->simpleQuery()
#3 /home/dev/www/ProxectoFinFp/Proxecto/system/Database/BaseBuilder.php(2309): CodeIgniter\Database\BaseConnection->query()
#4 /home/dev/www/ProxectoFinFp/Proxecto/system/Model.php(330): CodeIgniter\Database\BaseBuilder->insert()
#5 /home/dev/www/ProxectoFinFp/Proxecto/system/BaseModel.php(782): CodeIgniter\Model->doInsert()
#6 /home/dev/www/ProxectoFinFp/Proxecto/system/Model.php(730): CodeIgniter\BaseModel->insert()
#7 /home/dev/www/ProxectoFinFp/Proxecto/app/Models/PedidosModel.php(15): CodeIgniter\Model->insert()
#8 /home/dev/www/ProxectoFinFp/Proxecto/app/Controllers/PedidoController.php(40): App\Models\PedidosModel->add()
#9 /home/dev/www/ProxectoFinFp/Proxecto/system/CodeIgniter.php(934): App\Controllers\PedidoController->addPedido()
#10 /home/dev/www/ProxectoFinFp/Proxecto/system/CodeIgniter.php(499): CodeIgniter\CodeIgniter->runController()
#11 /home/dev/www/ProxectoFinFp/Proxecto/system/CodeIgniter.php(368): CodeIgniter\CodeIgniter->handleRequest()
#12 /home/dev/www/ProxectoFinFp/Proxecto/public/index.php(68): CodeIgniter\CodeIgniter->run()
#13 {main}
CRITICAL - 2023-05-26 12:08:24 --> Cannot add or update a child row: a foreign key constraint fails (`proxecto`.`pedidos`, CONSTRAINT `pedidos_FK` FOREIGN KEY (`id_usuario`) REFERENCES `usuarios` (`id_usuario`))
in SYSTEMPATH/Database/MySQLi/Connection.php on line 295.
 1 SYSTEMPATH/Database/MySQLi/Connection.php(295): mysqli->query()
 2 SYSTEMPATH/Database/BaseConnection.php(692): CodeIgniter\Database\MySQLi\Connection->execute()
 3 SYSTEMPATH/Database/BaseConnection.php(606): CodeIgniter\Database\BaseConnection->simpleQuery()
 4 SYSTEMPATH/Database/BaseBuilder.php(2309): CodeIgniter\Database\BaseConnection->query()
 5 SYSTEMPATH/Model.php(330): CodeIgniter\Database\BaseBuilder->insert()
 6 SYSTEMPATH/BaseModel.php(782): CodeIgniter\Model->doInsert()
 7 SYSTEMPATH/Model.php(730): CodeIgniter\BaseModel->insert()
 8 APPPATH/Models/PedidosModel.php(15): CodeIgniter\Model->insert()
 9 APPPATH/Controllers/PedidoController.php(40): App\Models\PedidosModel->add()
10 SYSTEMPATH/CodeIgniter.php(934): App\Controllers\PedidoController->addPedido()
11 SYSTEMPATH/CodeIgniter.php(499): CodeIgniter\CodeIgniter->runController()
12 SYSTEMPATH/CodeIgniter.php(368): CodeIgniter\CodeIgniter->handleRequest()
13 FCPATH/index.php(68): CodeIgniter\CodeIgniter->run()
ERROR - 2023-05-26 12:15:13 --> mysqli_sql_exception: Cannot add or update a child row: a foreign key constraint fails (`proxecto`.`pedidos`, CONSTRAINT `pedidos_FK` FOREIGN KEY (`id_usuario`) REFERENCES `usuarios` (`id_usuario`)) in /home/dev/www/ProxectoFinFp/Proxecto/system/Database/MySQLi/Connection.php:295
Stack trace:
#0 /home/dev/www/ProxectoFinFp/Proxecto/system/Database/MySQLi/Connection.php(295): mysqli->query()
#1 /home/dev/www/ProxectoFinFp/Proxecto/system/Database/BaseConnection.php(692): CodeIgniter\Database\MySQLi\Connection->execute()
#2 /home/dev/www/ProxectoFinFp/Proxecto/system/Database/BaseConnection.php(606): CodeIgniter\Database\BaseConnection->simpleQuery()
#3 /home/dev/www/ProxectoFinFp/Proxecto/system/Database/BaseBuilder.php(2309): CodeIgniter\Database\BaseConnection->query()
#4 /home/dev/www/ProxectoFinFp/Proxecto/system/Model.php(330): CodeIgniter\Database\BaseBuilder->insert()
#5 /home/dev/www/ProxectoFinFp/Proxecto/system/BaseModel.php(782): CodeIgniter\Model->doInsert()
#6 /home/dev/www/ProxectoFinFp/Proxecto/system/Model.php(730): CodeIgniter\BaseModel->insert()
#7 /home/dev/www/ProxectoFinFp/Proxecto/app/Models/PedidosModel.php(15): CodeIgniter\Model->insert()
#8 /home/dev/www/ProxectoFinFp/Proxecto/app/Controllers/PedidoController.php(40): App\Models\PedidosModel->add()
#9 /home/dev/www/ProxectoFinFp/Proxecto/system/CodeIgniter.php(934): App\Controllers\PedidoController->addPedido()
#10 /home/dev/www/ProxectoFinFp/Proxecto/system/CodeIgniter.php(499): CodeIgniter\CodeIgniter->runController()
#11 /home/dev/www/ProxectoFinFp/Proxecto/system/CodeIgniter.php(368): CodeIgniter\CodeIgniter->handleRequest()
#12 /home/dev/www/ProxectoFinFp/Proxecto/public/index.php(68): CodeIgniter\CodeIgniter->run()
#13 {main}
CRITICAL - 2023-05-26 12:15:13 --> Cannot add or update a child row: a foreign key constraint fails (`proxecto`.`pedidos`, CONSTRAINT `pedidos_FK` FOREIGN KEY (`id_usuario`) REFERENCES `usuarios` (`id_usuario`))
in SYSTEMPATH/Database/MySQLi/Connection.php on line 295.
 1 SYSTEMPATH/Database/MySQLi/Connection.php(295): mysqli->query()
 2 SYSTEMPATH/Database/BaseConnection.php(692): CodeIgniter\Database\MySQLi\Connection->execute()
 3 SYSTEMPATH/Database/BaseConnection.php(606): CodeIgniter\Database\BaseConnection->simpleQuery()
 4 SYSTEMPATH/Database/BaseBuilder.php(2309): CodeIgniter\Database\BaseConnection->query()
 5 SYSTEMPATH/Model.php(330): CodeIgniter\Database\BaseBuilder->insert()
 6 SYSTEMPATH/BaseModel.php(782): CodeIgniter\Model->doInsert()
 7 SYSTEMPATH/Model.php(730): CodeIgniter\BaseModel->insert()
 8 APPPATH/Models/PedidosModel.php(15): CodeIgniter\Model->insert()
 9 APPPATH/Controllers/PedidoController.php(40): App\Models\PedidosModel->add()
10 SYSTEMPATH/CodeIgniter.php(934): App\Controllers\PedidoController->addPedido()
11 SYSTEMPATH/CodeIgniter.php(499): CodeIgniter\CodeIgniter->runController()
12 SYSTEMPATH/CodeIgniter.php(368): CodeIgniter\CodeIgniter->handleRequest()
13 FCPATH/index.php(68): CodeIgniter\CodeIgniter->run()
ERROR - 2023-05-26 12:15:35 --> mysqli_sql_exception: Cannot add or update a child row: a foreign key constraint fails (`proxecto`.`pedidos`, CONSTRAINT `pedidos_FK` FOREIGN KEY (`id_usuario`) REFERENCES `usuarios` (`id_usuario`)) in /home/dev/www/ProxectoFinFp/Proxecto/system/Database/MySQLi/Connection.php:295
Stack trace:
#0 /home/dev/www/ProxectoFinFp/Proxecto/system/Database/MySQLi/Connection.php(295): mysqli->query()
#1 /home/dev/www/ProxectoFinFp/Proxecto/system/Database/BaseConnection.php(692): CodeIgniter\Database\MySQLi\Connection->execute()
#2 /home/dev/www/ProxectoFinFp/Proxecto/system/Database/BaseConnection.php(606): CodeIgniter\Database\BaseConnection->simpleQuery()
#3 /home/dev/www/ProxectoFinFp/Proxecto/system/Database/BaseBuilder.php(2309): CodeIgniter\Database\BaseConnection->query()
#4 /home/dev/www/ProxectoFinFp/Proxecto/system/Model.php(330): CodeIgniter\Database\BaseBuilder->insert()
#5 /home/dev/www/ProxectoFinFp/Proxecto/system/BaseModel.php(782): CodeIgniter\Model->doInsert()
#6 /home/dev/www/ProxectoFinFp/Proxecto/system/Model.php(730): CodeIgniter\BaseModel->insert()
#7 /home/dev/www/ProxectoFinFp/Proxecto/app/Models/PedidosModel.php(15): CodeIgniter\Model->insert()
#8 /home/dev/www/ProxectoFinFp/Proxecto/app/Controllers/PedidoController.php(40): App\Models\PedidosModel->add()
#9 /home/dev/www/ProxectoFinFp/Proxecto/system/CodeIgniter.php(934): App\Controllers\PedidoController->addPedido()
#10 /home/dev/www/ProxectoFinFp/Proxecto/system/CodeIgniter.php(499): CodeIgniter\CodeIgniter->runController()
#11 /home/dev/www/ProxectoFinFp/Proxecto/system/CodeIgniter.php(368): CodeIgniter\CodeIgniter->handleRequest()
#12 /home/dev/www/ProxectoFinFp/Proxecto/public/index.php(68): CodeIgniter\CodeIgniter->run()
#13 {main}
CRITICAL - 2023-05-26 12:15:35 --> Cannot add or update a child row: a foreign key constraint fails (`proxecto`.`pedidos`, CONSTRAINT `pedidos_FK` FOREIGN KEY (`id_usuario`) REFERENCES `usuarios` (`id_usuario`))
in SYSTEMPATH/Database/MySQLi/Connection.php on line 295.
 1 SYSTEMPATH/Database/MySQLi/Connection.php(295): mysqli->query()
 2 SYSTEMPATH/Database/BaseConnection.php(692): CodeIgniter\Database\MySQLi\Connection->execute()
 3 SYSTEMPATH/Database/BaseConnection.php(606): CodeIgniter\Database\BaseConnection->simpleQuery()
 4 SYSTEMPATH/Database/BaseBuilder.php(2309): CodeIgniter\Database\BaseConnection->query()
 5 SYSTEMPATH/Model.php(330): CodeIgniter\Database\BaseBuilder->insert()
 6 SYSTEMPATH/BaseModel.php(782): CodeIgniter\Model->doInsert()
 7 SYSTEMPATH/Model.php(730): CodeIgniter\BaseModel->insert()
 8 APPPATH/Models/PedidosModel.php(15): CodeIgniter\Model->insert()
 9 APPPATH/Controllers/PedidoController.php(40): App\Models\PedidosModel->add()
10 SYSTEMPATH/CodeIgniter.php(934): App\Controllers\PedidoController->addPedido()
11 SYSTEMPATH/CodeIgniter.php(499): CodeIgniter\CodeIgniter->runController()
12 SYSTEMPATH/CodeIgniter.php(368): CodeIgniter\CodeIgniter->handleRequest()
13 FCPATH/index.php(68): CodeIgniter\CodeIgniter->run()
ERROR - 2023-05-26 12:46:02 --> mysqli_sql_exception: Cannot add or update a child row: a foreign key constraint fails (`proxecto`.`pedidos`, CONSTRAINT `pedidos_FK` FOREIGN KEY (`id_usuario`) REFERENCES `usuarios` (`id_usuario`)) in /home/dev/www/ProxectoFinFp/Proxecto/system/Database/MySQLi/Connection.php:295
Stack trace:
#0 /home/dev/www/ProxectoFinFp/Proxecto/system/Database/MySQLi/Connection.php(295): mysqli->query()
#1 /home/dev/www/ProxectoFinFp/Proxecto/system/Database/BaseConnection.php(692): CodeIgniter\Database\MySQLi\Connection->execute()
#2 /home/dev/www/ProxectoFinFp/Proxecto/system/Database/BaseConnection.php(606): CodeIgniter\Database\BaseConnection->simpleQuery()
#3 /home/dev/www/ProxectoFinFp/Proxecto/system/Database/BaseBuilder.php(2309): CodeIgniter\Database\BaseConnection->query()
#4 /home/dev/www/ProxectoFinFp/Proxecto/system/Model.php(330): CodeIgniter\Database\BaseBuilder->insert()
#5 /home/dev/www/ProxectoFinFp/Proxecto/system/BaseModel.php(782): CodeIgniter\Model->doInsert()
#6 /home/dev/www/ProxectoFinFp/Proxecto/system/Model.php(730): CodeIgniter\BaseModel->insert()
#7 /home/dev/www/ProxectoFinFp/Proxecto/app/Models/PedidosModel.php(15): CodeIgniter\Model->insert()
#8 /home/dev/www/ProxectoFinFp/Proxecto/app/Controllers/PedidoController.php(40): App\Models\PedidosModel->add()
#9 /home/dev/www/ProxectoFinFp/Proxecto/system/CodeIgniter.php(934): App\Controllers\PedidoController->addPedido()
#10 /home/dev/www/ProxectoFinFp/Proxecto/system/CodeIgniter.php(499): CodeIgniter\CodeIgniter->runController()
#11 /home/dev/www/ProxectoFinFp/Proxecto/system/CodeIgniter.php(368): CodeIgniter\CodeIgniter->handleRequest()
#12 /home/dev/www/ProxectoFinFp/Proxecto/public/index.php(68): CodeIgniter\CodeIgniter->run()
#13 {main}
CRITICAL - 2023-05-26 12:46:02 --> Cannot add or update a child row: a foreign key constraint fails (`proxecto`.`pedidos`, CONSTRAINT `pedidos_FK` FOREIGN KEY (`id_usuario`) REFERENCES `usuarios` (`id_usuario`))
in SYSTEMPATH/Database/MySQLi/Connection.php on line 295.
 1 SYSTEMPATH/Database/MySQLi/Connection.php(295): mysqli->query()
 2 SYSTEMPATH/Database/BaseConnection.php(692): CodeIgniter\Database\MySQLi\Connection->execute()
 3 SYSTEMPATH/Database/BaseConnection.php(606): CodeIgniter\Database\BaseConnection->simpleQuery()
 4 SYSTEMPATH/Database/BaseBuilder.php(2309): CodeIgniter\Database\BaseConnection->query()
 5 SYSTEMPATH/Model.php(330): CodeIgniter\Database\BaseBuilder->insert()
 6 SYSTEMPATH/BaseModel.php(782): CodeIgniter\Model->doInsert()
 7 SYSTEMPATH/Model.php(730): CodeIgniter\BaseModel->insert()
 8 APPPATH/Models/PedidosModel.php(15): CodeIgniter\Model->insert()
 9 APPPATH/Controllers/PedidoController.php(40): App\Models\PedidosModel->add()
10 SYSTEMPATH/CodeIgniter.php(934): App\Controllers\PedidoController->addPedido()
11 SYSTEMPATH/CodeIgniter.php(499): CodeIgniter\CodeIgniter->runController()
12 SYSTEMPATH/CodeIgniter.php(368): CodeIgniter\CodeIgniter->handleRequest()
13 FCPATH/index.php(68): CodeIgniter\CodeIgniter->run()
ERROR - 2023-05-26 12:46:33 --> mysqli_sql_exception: Cannot add or update a child row: a foreign key constraint fails (`proxecto`.`pedidos`, CONSTRAINT `pedidos_FK` FOREIGN KEY (`id_usuario`) REFERENCES `usuarios` (`id_usuario`)) in /home/dev/www/ProxectoFinFp/Proxecto/system/Database/MySQLi/Connection.php:295
Stack trace:
#0 /home/dev/www/ProxectoFinFp/Proxecto/system/Database/MySQLi/Connection.php(295): mysqli->query()
#1 /home/dev/www/ProxectoFinFp/Proxecto/system/Database/BaseConnection.php(692): CodeIgniter\Database\MySQLi\Connection->execute()
#2 /home/dev/www/ProxectoFinFp/Proxecto/system/Database/BaseConnection.php(606): CodeIgniter\Database\BaseConnection->simpleQuery()
#3 /home/dev/www/ProxectoFinFp/Proxecto/system/Database/BaseBuilder.php(2309): CodeIgniter\Database\BaseConnection->query()
#4 /home/dev/www/ProxectoFinFp/Proxecto/system/Model.php(330): CodeIgniter\Database\BaseBuilder->insert()
#5 /home/dev/www/ProxectoFinFp/Proxecto/system/BaseModel.php(782): CodeIgniter\Model->doInsert()
#6 /home/dev/www/ProxectoFinFp/Proxecto/system/Model.php(730): CodeIgniter\BaseModel->insert()
#7 /home/dev/www/ProxectoFinFp/Proxecto/app/Models/PedidosModel.php(15): CodeIgniter\Model->insert()
#8 /home/dev/www/ProxectoFinFp/Proxecto/app/Controllers/PedidoController.php(40): App\Models\PedidosModel->add()
#9 /home/dev/www/ProxectoFinFp/Proxecto/system/CodeIgniter.php(934): App\Controllers\PedidoController->addPedido()
#10 /home/dev/www/ProxectoFinFp/Proxecto/system/CodeIgniter.php(499): CodeIgniter\CodeIgniter->runController()
#11 /home/dev/www/ProxectoFinFp/Proxecto/system/CodeIgniter.php(368): CodeIgniter\CodeIgniter->handleRequest()
#12 /home/dev/www/ProxectoFinFp/Proxecto/public/index.php(68): CodeIgniter\CodeIgniter->run()
#13 {main}
CRITICAL - 2023-05-26 12:46:33 --> Cannot add or update a child row: a foreign key constraint fails (`proxecto`.`pedidos`, CONSTRAINT `pedidos_FK` FOREIGN KEY (`id_usuario`) REFERENCES `usuarios` (`id_usuario`))
in SYSTEMPATH/Database/MySQLi/Connection.php on line 295.
 1 SYSTEMPATH/Database/MySQLi/Connection.php(295): mysqli->query()
 2 SYSTEMPATH/Database/BaseConnection.php(692): CodeIgniter\Database\MySQLi\Connection->execute()
 3 SYSTEMPATH/Database/BaseConnection.php(606): CodeIgniter\Database\BaseConnection->simpleQuery()
 4 SYSTEMPATH/Database/BaseBuilder.php(2309): CodeIgniter\Database\BaseConnection->query()
 5 SYSTEMPATH/Model.php(330): CodeIgniter\Database\BaseBuilder->insert()
 6 SYSTEMPATH/BaseModel.php(782): CodeIgniter\Model->doInsert()
 7 SYSTEMPATH/Model.php(730): CodeIgniter\BaseModel->insert()
 8 APPPATH/Models/PedidosModel.php(15): CodeIgniter\Model->insert()
 9 APPPATH/Controllers/PedidoController.php(40): App\Models\PedidosModel->add()
10 SYSTEMPATH/CodeIgniter.php(934): App\Controllers\PedidoController->addPedido()
11 SYSTEMPATH/CodeIgniter.php(499): CodeIgniter\CodeIgniter->runController()
12 SYSTEMPATH/CodeIgniter.php(368): CodeIgniter\CodeIgniter->handleRequest()
13 FCPATH/index.php(68): CodeIgniter\CodeIgniter->run()
ERROR - 2023-05-26 12:58:08 --> mysqli_sql_exception: Cannot add or update a child row: a foreign key constraint fails (`proxecto`.`pedidos`, CONSTRAINT `pedidos_ibfk_1` FOREIGN KEY (`id_usuario`) REFERENCES `usuarios` (`id_usuario`)) in /home/dev/www/ProxectoFinFp/Proxecto/system/Database/MySQLi/Connection.php:295
Stack trace:
#0 /home/dev/www/ProxectoFinFp/Proxecto/system/Database/MySQLi/Connection.php(295): mysqli->query()
#1 /home/dev/www/ProxectoFinFp/Proxecto/system/Database/BaseConnection.php(692): CodeIgniter\Database\MySQLi\Connection->execute()
#2 /home/dev/www/ProxectoFinFp/Proxecto/system/Database/BaseConnection.php(606): CodeIgniter\Database\BaseConnection->simpleQuery()
#3 /home/dev/www/ProxectoFinFp/Proxecto/system/Database/BaseBuilder.php(2309): CodeIgniter\Database\BaseConnection->query()
#4 /home/dev/www/ProxectoFinFp/Proxecto/system/Model.php(330): CodeIgniter\Database\BaseBuilder->insert()
#5 /home/dev/www/ProxectoFinFp/Proxecto/system/BaseModel.php(782): CodeIgniter\Model->doInsert()
#6 /home/dev/www/ProxectoFinFp/Proxecto/system/Model.php(730): CodeIgniter\BaseModel->insert()
#7 /home/dev/www/ProxectoFinFp/Proxecto/app/Models/PedidosModel.php(15): CodeIgniter\Model->insert()
#8 /home/dev/www/ProxectoFinFp/Proxecto/app/Controllers/PedidoController.php(40): App\Models\PedidosModel->add()
#9 /home/dev/www/ProxectoFinFp/Proxecto/system/CodeIgniter.php(934): App\Controllers\PedidoController->addPedido()
#10 /home/dev/www/ProxectoFinFp/Proxecto/system/CodeIgniter.php(499): CodeIgniter\CodeIgniter->runController()
#11 /home/dev/www/ProxectoFinFp/Proxecto/system/CodeIgniter.php(368): CodeIgniter\CodeIgniter->handleRequest()
#12 /home/dev/www/ProxectoFinFp/Proxecto/public/index.php(68): CodeIgniter\CodeIgniter->run()
#13 {main}
CRITICAL - 2023-05-26 12:58:08 --> Cannot add or update a child row: a foreign key constraint fails (`proxecto`.`pedidos`, CONSTRAINT `pedidos_ibfk_1` FOREIGN KEY (`id_usuario`) REFERENCES `usuarios` (`id_usuario`))
in SYSTEMPATH/Database/MySQLi/Connection.php on line 295.
 1 SYSTEMPATH/Database/MySQLi/Connection.php(295): mysqli->query()
 2 SYSTEMPATH/Database/BaseConnection.php(692): CodeIgniter\Database\MySQLi\Connection->execute()
 3 SYSTEMPATH/Database/BaseConnection.php(606): CodeIgniter\Database\BaseConnection->simpleQuery()
 4 SYSTEMPATH/Database/BaseBuilder.php(2309): CodeIgniter\Database\BaseConnection->query()
 5 SYSTEMPATH/Model.php(330): CodeIgniter\Database\BaseBuilder->insert()
 6 SYSTEMPATH/BaseModel.php(782): CodeIgniter\Model->doInsert()
 7 SYSTEMPATH/Model.php(730): CodeIgniter\BaseModel->insert()
 8 APPPATH/Models/PedidosModel.php(15): CodeIgniter\Model->insert()
 9 APPPATH/Controllers/PedidoController.php(40): App\Models\PedidosModel->add()
10 SYSTEMPATH/CodeIgniter.php(934): App\Controllers\PedidoController->addPedido()
11 SYSTEMPATH/CodeIgniter.php(499): CodeIgniter\CodeIgniter->runController()
12 SYSTEMPATH/CodeIgniter.php(368): CodeIgniter\CodeIgniter->handleRequest()
13 FCPATH/index.php(68): CodeIgniter\CodeIgniter->run()
