CRITICAL - 2023-05-21 16:15:42 --> Cannot use [] for reading
in APPPATH/Controllers/MenusController.php on line 8.
 1 [internal function]: CodeIgniter\Debug\Exceptions->shutdownHandler()
CRITICAL - 2023-05-21 16:17:46 --> Undefined index: baja_usuario
in APPPATH/Views/menus.view.php on line 16.
 1 APPPATH/Views/menus.view.php(16): CodeIgniter\Debug\Exceptions->errorHandler()
 2 SYSTEMPATH/View/View.php(213): include('/home/dev/www/ProxectoFinFp/Proxecto/app/Views/menus.view.php')
 3 SYSTEMPATH/View/View.php(216): CodeIgniter\View\View->CodeIgniter\View\{closure}()
 4 SYSTEMPATH/Common.php(1184): CodeIgniter\View\View->render()
 5 APPPATH/Controllers/MenusController.php(11): view()
 6 SYSTEMPATH/CodeIgniter.php(934): App\Controllers\MenusController->mostrarMenus()
 7 SYSTEMPATH/CodeIgniter.php(499): CodeIgniter\CodeIgniter->runController()
 8 SYSTEMPATH/CodeIgniter.php(368): CodeIgniter\CodeIgniter->handleRequest()
 9 FCPATH/index.php(68): CodeIgniter\CodeIgniter->run()
CRITICAL - 2023-05-21 16:48:54 --> syntax error, unexpected end of file
in APPPATH/Views/templates/head.template.php on line 63.
 1 SYSTEMPATH/View/View.php(216): CodeIgniter\View\View->CodeIgniter\View\{closure}()
 2 SYSTEMPATH/Common.php(1184): CodeIgniter\View\View->render()
 3 APPPATH/Controllers/MenusController.php(11): view()
 4 SYSTEMPATH/CodeIgniter.php(934): App\Controllers\MenusController->mostrarMenus()
 5 SYSTEMPATH/CodeIgniter.php(499): CodeIgniter\CodeIgniter->runController()
 6 SYSTEMPATH/CodeIgniter.php(368): CodeIgniter\CodeIgniter->handleRequest()
 7 FCPATH/index.php(68): CodeIgniter\CodeIgniter->run()
CRITICAL - 2023-05-21 16:53:51 --> syntax error, unexpected 'elseif' (T_ELSEIF)
in APPPATH/Views/templates/head.template.php on line 56.
 1 SYSTEMPATH/View/View.php(216): CodeIgniter\View\View->CodeIgniter\View\{closure}()
 2 SYSTEMPATH/Common.php(1184): CodeIgniter\View\View->render()
 3 APPPATH/Controllers/MenusController.php(11): view()
 4 SYSTEMPATH/CodeIgniter.php(934): App\Controllers\MenusController->mostrarMenus()
 5 SYSTEMPATH/CodeIgniter.php(499): CodeIgniter\CodeIgniter->runController()
 6 SYSTEMPATH/CodeIgniter.php(368): CodeIgniter\CodeIgniter->handleRequest()
 7 FCPATH/index.php(68): CodeIgniter\CodeIgniter->run()
CRITICAL - 2023-05-21 16:54:02 --> syntax error, unexpected 'elseif' (T_ELSEIF)
in APPPATH/Views/templates/head.template.php on line 56.
 1 SYSTEMPATH/View/View.php(216): CodeIgniter\View\View->CodeIgniter\View\{closure}()
 2 SYSTEMPATH/Common.php(1184): CodeIgniter\View\View->render()
 3 APPPATH/Controllers/MenusController.php(11): view()
 4 SYSTEMPATH/CodeIgniter.php(934): App\Controllers\MenusController->mostrarMenus()
 5 SYSTEMPATH/CodeIgniter.php(499): CodeIgniter\CodeIgniter->runController()
 6 SYSTEMPATH/CodeIgniter.php(368): CodeIgniter\CodeIgniter->handleRequest()
 7 FCPATH/index.php(68): CodeIgniter\CodeIgniter->run()
CRITICAL - 2023-05-21 16:59:33 --> Undefined variable: seccion
in APPPATH/Views/templates/head.template.php on line 54.
 1 APPPATH/Views/templates/head.template.php(54): CodeIgniter\Debug\Exceptions->errorHandler()
 2 SYSTEMPATH/View/View.php(213): include('/home/dev/www/ProxectoFinFp/Proxecto/app/Views/templates/head.template.php')
 3 SYSTEMPATH/View/View.php(216): CodeIgniter\View\View->CodeIgniter\View\{closure}()
 4 SYSTEMPATH/Common.php(1184): CodeIgniter\View\View->render()
 5 APPPATH/Controllers/MenusController.php(11): view()
 6 SYSTEMPATH/CodeIgniter.php(934): App\Controllers\MenusController->mostrarMenus()
 7 SYSTEMPATH/CodeIgniter.php(499): CodeIgniter\CodeIgniter->runController()
 8 SYSTEMPATH/CodeIgniter.php(368): CodeIgniter\CodeIgniter->handleRequest()
 9 FCPATH/index.php(68): CodeIgniter\CodeIgniter->run()
CRITICAL - 2023-05-21 17:00:04 --> Undefined variable: seccion
in APPPATH/Views/templates/head.template.php on line 54.
 1 APPPATH/Views/templates/head.template.php(54): CodeIgniter\Debug\Exceptions->errorHandler()
 2 SYSTEMPATH/View/View.php(213): include('/home/dev/www/ProxectoFinFp/Proxecto/app/Views/templates/head.template.php')
 3 SYSTEMPATH/View/View.php(216): CodeIgniter\View\View->CodeIgniter\View\{closure}()
 4 SYSTEMPATH/Common.php(1184): CodeIgniter\View\View->render()
 5 APPPATH/Controllers/MenusController.php(12): view()
 6 SYSTEMPATH/CodeIgniter.php(934): App\Controllers\MenusController->mostrarMenus()
 7 SYSTEMPATH/CodeIgniter.php(499): CodeIgniter\CodeIgniter->runController()
 8 SYSTEMPATH/CodeIgniter.php(368): CodeIgniter\CodeIgniter->handleRequest()
 9 FCPATH/index.php(68): CodeIgniter\CodeIgniter->run()
CRITICAL - 2023-05-21 17:25:40 --> Illegal string offset 'usuarios'
in APPPATH/Views/templates/head.template.php on line 54.
 1 APPPATH/Views/templates/head.template.php(54): CodeIgniter\Debug\Exceptions->errorHandler()
 2 SYSTEMPATH/View/View.php(213): include('/home/dev/www/ProxectoFinFp/Proxecto/app/Views/templates/head.template.php')
 3 SYSTEMPATH/View/View.php(216): CodeIgniter\View\View->CodeIgniter\View\{closure}()
 4 SYSTEMPATH/Common.php(1184): CodeIgniter\View\View->render()
 5 APPPATH/Controllers/InicioController.php(8): view()
 6 SYSTEMPATH/CodeIgniter.php(934): App\Controllers\InicioController->index()
 7 SYSTEMPATH/CodeIgniter.php(499): CodeIgniter\CodeIgniter->runController()
 8 SYSTEMPATH/CodeIgniter.php(368): CodeIgniter\CodeIgniter->handleRequest()
 9 FCPATH/index.php(68): CodeIgniter\CodeIgniter->run()
CRITICAL - 2023-05-21 17:31:38 --> Illegal string offset 'usuarios'
in APPPATH/Views/templates/head.template.php on line 54.
 1 APPPATH/Views/templates/head.template.php(54): CodeIgniter\Debug\Exceptions->errorHandler()
 2 SYSTEMPATH/View/View.php(213): include('/home/dev/www/ProxectoFinFp/Proxecto/app/Views/templates/head.template.php')
 3 SYSTEMPATH/View/View.php(216): CodeIgniter\View\View->CodeIgniter\View\{closure}()
 4 SYSTEMPATH/Common.php(1184): CodeIgniter\View\View->render()
 5 APPPATH/Controllers/InicioController.php(8): view()
 6 SYSTEMPATH/CodeIgniter.php(934): App\Controllers\InicioController->index()
 7 SYSTEMPATH/CodeIgniter.php(499): CodeIgniter\CodeIgniter->runController()
 8 SYSTEMPATH/CodeIgniter.php(368): CodeIgniter\CodeIgniter->handleRequest()
 9 FCPATH/index.php(68): CodeIgniter\CodeIgniter->run()
CRITICAL - 2023-05-21 17:32:03 --> Undefined variable: seccion
in APPPATH/Views/templates/head.template.php on line 54.
 1 APPPATH/Views/templates/head.template.php(54): CodeIgniter\Debug\Exceptions->errorHandler()
 2 SYSTEMPATH/View/View.php(213): include('/home/dev/www/ProxectoFinFp/Proxecto/app/Views/templates/head.template.php')
 3 SYSTEMPATH/View/View.php(216): CodeIgniter\View\View->CodeIgniter\View\{closure}()
 4 SYSTEMPATH/Common.php(1184): CodeIgniter\View\View->render()
 5 APPPATH/Controllers/InicioController.php(8): view()
 6 SYSTEMPATH/CodeIgniter.php(934): App\Controllers\InicioController->index()
 7 SYSTEMPATH/CodeIgniter.php(499): CodeIgniter\CodeIgniter->runController()
 8 SYSTEMPATH/CodeIgniter.php(368): CodeIgniter\CodeIgniter->handleRequest()
 9 FCPATH/index.php(68): CodeIgniter\CodeIgniter->run()
ERROR - 2023-05-21 20:40:38 --> mysqli_sql_exception: Unknown column 'id_usuario' in 'where clause' in /home/dev/www/ProxectoFinFp/Proxecto/system/Database/MySQLi/Connection.php:295
Stack trace:
#0 /home/dev/www/ProxectoFinFp/Proxecto/system/Database/MySQLi/Connection.php(295): mysqli->query()
#1 /home/dev/www/ProxectoFinFp/Proxecto/system/Database/BaseConnection.php(692): CodeIgniter\Database\MySQLi\Connection->execute()
#2 /home/dev/www/ProxectoFinFp/Proxecto/system/Database/BaseConnection.php(606): CodeIgniter\Database\BaseConnection->simpleQuery()
#3 /home/dev/www/ProxectoFinFp/Proxecto/system/Database/BaseBuilder.php(1616): CodeIgniter\Database\BaseConnection->query()
#4 /home/dev/www/ProxectoFinFp/Proxecto/system/Model.php(840): CodeIgniter\Database\BaseBuilder->get()
#5 /home/dev/www/ProxectoFinFp/Proxecto/app/Models/MenusModel.php(19): CodeIgniter\Model->__call()
#6 /home/dev/www/ProxectoFinFp/Proxecto/app/Controllers/MenusController.php(18): App\Models\MenusModel->getMenu()
#7 /home/dev/www/ProxectoFinFp/Proxecto/system/CodeIgniter.php(934): App\Controllers\MenusController->viewMenu()
#8 /home/dev/www/ProxectoFinFp/Proxecto/system/CodeIgniter.php(499): CodeIgniter\CodeIgniter->runController()
#9 /home/dev/www/ProxectoFinFp/Proxecto/system/CodeIgniter.php(368): CodeIgniter\CodeIgniter->handleRequest()
#10 /home/dev/www/ProxectoFinFp/Proxecto/public/index.php(68): CodeIgniter\CodeIgniter->run()
#11 {main}
CRITICAL - 2023-05-21 20:40:38 --> Unknown column 'id_usuario' in 'where clause'
in SYSTEMPATH/Database/MySQLi/Connection.php on line 295.
 1 SYSTEMPATH/Database/MySQLi/Connection.php(295): mysqli->query()
 2 SYSTEMPATH/Database/BaseConnection.php(692): CodeIgniter\Database\MySQLi\Connection->execute()
 3 SYSTEMPATH/Database/BaseConnection.php(606): CodeIgniter\Database\BaseConnection->simpleQuery()
 4 SYSTEMPATH/Database/BaseBuilder.php(1616): CodeIgniter\Database\BaseConnection->query()
 5 SYSTEMPATH/Model.php(840): CodeIgniter\Database\BaseBuilder->get()
 6 APPPATH/Models/MenusModel.php(19): CodeIgniter\Model->__call()
 7 APPPATH/Controllers/MenusController.php(18): App\Models\MenusModel->getMenu()
 8 SYSTEMPATH/CodeIgniter.php(934): App\Controllers\MenusController->viewMenu()
 9 SYSTEMPATH/CodeIgniter.php(499): CodeIgniter\CodeIgniter->runController()
10 SYSTEMPATH/CodeIgniter.php(368): CodeIgniter\CodeIgniter->handleRequest()
11 FCPATH/index.php(68): CodeIgniter\CodeIgniter->run()
CRITICAL - 2023-05-21 20:41:09 --> Undefined variable: seccion
in APPPATH/Views/templates/head.template.php on line 54.
 1 APPPATH/Views/templates/head.template.php(54): CodeIgniter\Debug\Exceptions->errorHandler()
 2 SYSTEMPATH/View/View.php(213): include('/home/dev/www/ProxectoFinFp/Proxecto/app/Views/templates/head.template.php')
 3 SYSTEMPATH/View/View.php(216): CodeIgniter\View\View->CodeIgniter\View\{closure}()
 4 SYSTEMPATH/Common.php(1184): CodeIgniter\View\View->render()
 5 APPPATH/Controllers/MenusController.php(20): view()
 6 SYSTEMPATH/CodeIgniter.php(934): App\Controllers\MenusController->viewMenu()
 7 SYSTEMPATH/CodeIgniter.php(499): CodeIgniter\CodeIgniter->runController()
 8 SYSTEMPATH/CodeIgniter.php(368): CodeIgniter\CodeIgniter->handleRequest()
 9 FCPATH/index.php(68): CodeIgniter\CodeIgniter->run()
CRITICAL - 2023-05-21 20:48:48 --> Undefined variable: seccion
in APPPATH/Views/templates/head.template.php on line 54.
 1 APPPATH/Views/templates/head.template.php(54): CodeIgniter\Debug\Exceptions->errorHandler()
 2 SYSTEMPATH/View/View.php(213): include('/home/dev/www/ProxectoFinFp/Proxecto/app/Views/templates/head.template.php')
 3 SYSTEMPATH/View/View.php(216): CodeIgniter\View\View->CodeIgniter\View\{closure}()
 4 SYSTEMPATH/Common.php(1184): CodeIgniter\View\View->render()
 5 APPPATH/Controllers/UsuarioController.php(30): view()
 6 SYSTEMPATH/CodeIgniter.php(934): App\Controllers\UsuarioController->viewUser()
 7 SYSTEMPATH/CodeIgniter.php(499): CodeIgniter\CodeIgniter->runController()
 8 SYSTEMPATH/CodeIgniter.php(368): CodeIgniter\CodeIgniter->handleRequest()
 9 FCPATH/index.php(68): CodeIgniter\CodeIgniter->run()
