CRITICAL - 2023-05-11 07:48:57 --> Invalid file: "principal.view.php"
in SYSTEMPATH/Exceptions/FrameworkException.php on line 33.
 1 SYSTEMPATH/View/View.php(201): CodeIgniter\Exceptions\FrameworkException::forInvalidFile()
 2 SYSTEMPATH/Common.php(1184): CodeIgniter\View\View->render()
 3 APPPATH/Controllers/Home.php(13): view()
 4 SYSTEMPATH/CodeIgniter.php(934): App\Controllers\Home->index()
 5 SYSTEMPATH/CodeIgniter.php(499): CodeIgniter\CodeIgniter->runController()
 6 SYSTEMPATH/CodeIgniter.php(368): CodeIgniter\CodeIgniter->handleRequest()
 7 FCPATH/index.php(68): CodeIgniter\CodeIgniter->run()
CRITICAL - 2023-05-11 07:51:09 --> syntax error, unexpected 'else' (T_ELSE)
in APPPATH/Views/principal.view.php on line 26.
 1 SYSTEMPATH/View/View.php(216): CodeIgniter\View\View->CodeIgniter\View\{closure}()
 2 SYSTEMPATH/Common.php(1184): CodeIgniter\View\View->render()
 3 APPPATH/Controllers/Home.php(13): view()
 4 SYSTEMPATH/CodeIgniter.php(934): App\Controllers\Home->index()
 5 SYSTEMPATH/CodeIgniter.php(499): CodeIgniter\CodeIgniter->runController()
 6 SYSTEMPATH/CodeIgniter.php(368): CodeIgniter\CodeIgniter->handleRequest()
 7 FCPATH/index.php(68): CodeIgniter\CodeIgniter->run()
CRITICAL - 2023-05-11 08:03:56 --> Invalid file: "principal.view.php"
in SYSTEMPATH/Exceptions/FrameworkException.php on line 33.
 1 SYSTEMPATH/View/View.php(201): CodeIgniter\Exceptions\FrameworkException::forInvalidFile()
 2 SYSTEMPATH/Common.php(1184): CodeIgniter\View\View->render()
 3 APPPATH/Controllers/Home.php(14): view()
 4 SYSTEMPATH/CodeIgniter.php(934): App\Controllers\Home->index()
 5 SYSTEMPATH/CodeIgniter.php(499): CodeIgniter\CodeIgniter->runController()
 6 SYSTEMPATH/CodeIgniter.php(368): CodeIgniter\CodeIgniter->handleRequest()
 7 FCPATH/index.php(68): CodeIgniter\CodeIgniter->run()
CRITICAL - 2023-05-11 08:04:13 --> Invalid file: "principal.php"
in SYSTEMPATH/Exceptions/FrameworkException.php on line 33.
 1 SYSTEMPATH/View/View.php(201): CodeIgniter\Exceptions\FrameworkException::forInvalidFile()
 2 SYSTEMPATH/Common.php(1184): CodeIgniter\View\View->render()
 3 APPPATH/Controllers/Home.php(14): view()
 4 SYSTEMPATH/CodeIgniter.php(934): App\Controllers\Home->index()
 5 SYSTEMPATH/CodeIgniter.php(499): CodeIgniter\CodeIgniter->runController()
 6 SYSTEMPATH/CodeIgniter.php(368): CodeIgniter\CodeIgniter->handleRequest()
 7 FCPATH/index.php(68): CodeIgniter\CodeIgniter->run()
